make[2]: Entering directory '/home/galal/openwrt/scripts/config'
make[2]: 'conf' is up to date.
make[2]: Leaving directory '/home/galal/openwrt/scripts/config'
 make[1] world
 make[2] package/cleanup
 make[2] target/compile
 make[3] -C target/linux compile
 make[2] buildinfo
 make[2] package/compile
 make[3] diffconfig buildversion feedsversion
 make[3] -C package/kernel/gpio-button-hotplug compile
 make[3] -C feeds/luci/contrib/package/csstidy host-compile
 make[3] -C package/libs/ncurses host-compile
 make[3] -C package/utils/lua host-compile
 make[3] -C package/libs/libjson-c host-compile
 make[3] -C package/system/usign host-compile
 make[3] -C package/libs/toolchain compile
 make[3] -C feeds/packages/kernel/mtd-rw compile
 make[3] -C feeds/luci/modules/luci-base host-compile
 make[3] -C package/system/fwtool host-compile
 make[3] -C feeds/packages/lang/golang/golang host-compile
 make[3] -C package/kernel/qca-ssdk compile
 make[3] -C package/libs/libubox host-compile
 make[3] -C package/utils/lua compile
 make[3] -C package/libs/libjson-c compile
 make[3] -C package/libs/libmd compile
 make[3] -C package/firmware/linux-firmware compile
 make[3] -C package/libs/libnl-tiny compile
 make[3] -C package/libs/libmnl compile
 make[3] -C package/libs/jansson compile
 make[3] -C package/libs/openssl compile
 make[3] -C package/libs/libnfnetlink compile
 make[3] -C feeds/packages/libs/libtirpc compile
 make[3] -C feeds/packages/utils/zoneinfo compile
 make[3] -C package/network/utils/iw compile
 make[3] -C package/libs/zlib compile
 make[3] -C package/system/fwtool compile
 make[3] -C package/system/ucert host-compile
 make[3] -C package/libs/libsepol compile
 make[3] -C package/libs/musl-fts compile
 make[3] -C package/system/openwrt-keyring compile
 make[3] -C package/libs/mbedtls compile
 make[3] -C feeds/packages/utils/attr compile
 make[3] -C feeds/packages/libs/libffi compile
 make[3] -C package/libs/libcap compile
 make[3] -C package/utils/bzip2 compile
 make[3] -C package/libs/argp-standalone compile
 make[3] -C package/libs/libtool compile
 make[3] -C feeds/packages/utils/rrdtool1 compile
 make[3] -C feeds/packages/libs/libuv compile
 make[3] -C feeds/packages/utils/watchcat compile
 make[3] -C package/system/ca-certificates compile
 make[3] -C feeds/packages/libs/nghttp2 compile
 make[3] -C feeds/packages/utils/hwdata compile
 make[3] -C feeds/packages/net/iperf3 compile
 make[3] -C feeds/packages/libs/libevdev compile
 make[3] -C feeds/packages/net/librespeed-go compile
 make[3] -C feeds/packages/lang/luabitop compile
 make[3] -C feeds/packages/net/mikrotik-btest compile
 make[3] -C feeds/packages/libs/tcp_wrappers compile
 make[3] -C package/libs/libusb compile
 make[3] -C package/libs/libnl compile
 make[3] -C package/firmware/ath11k-firmware compile
 make[3] -C package/firmware/ipq-wifi compile
 make[3] -C package/firmware/wireless-regdb compile
 make[3] -C package/kernel/qca-nss-dp compile
 make[3] -C package/luci-app-cpu-status compile
 make[3] -C package/network/services/dropbear compile
 make[3] -C package/libs/libpcap compile
 make[3] -C package/network/utils/linux-atm compile
 make[3] -C package/network/utils/resolveip compile
 make[3] -C package/network/utils/ethtool compile
 make[3] -C package/system/opkg host-compile
 make[3] -C package/libs/libubox compile
 make[3] -C package/kernel/linux compile
 make[3] -C package/libs/libnftnl compile
 make[3] -C package/alemprator-guard compile
 make[3] -C feeds/packages/libs/libnetfilter-cthelper compile
 make[3] -C feeds/packages/libs/libnetfilter-cttimeout compile
 make[3] -C package/network/utils/ethtool compile
 make[3] -C feeds/packages/libs/libnetfilter-queue compile
 make[3] -C package/libs/ncurses compile
 make[3] -C package/libs/pcre2 compile
 make[3] -C feeds/luci/protocols/luci-proto-ppp compile
 make[3] -C feeds/luci/protocols/luci-proto-ipv6 compile
 make[3] -C package/libs/libevent2 compile
 make[3] -C feeds/luci/libs/luci-lib-chartjs compile
 make[3] -C package/libs/elfutils compile
 make[3] -C feeds/packages/libs/libwebsockets compile
 make[3] -C feeds/luci/libs/luci-lib-ip compile
 make[3] -C feeds/luci/libs/luci-lib-jsonc compile
 make[3] -C feeds/luci/libs/luci-lib-nixio compile
 make[3] -C feeds/packages/net/curl compile
 make[3] -C feeds/packages/libs/libudev-zero compile
 make[3] -C feeds/packages/net/wavemon compile
 make[3] -C package/network/ipv6/odhcp6c compile
 make[3] -C package/system/mtd compile
 make[3] -C package/system/urngd compile
 make[3] -C package/system/ubus compile
 make[3] -C package/system/uci compile
 make[3] -C package/utils/util-linux compile
 make[3] -C package/utils/jsonfilter compile
 make[3] -C package/libs/libselinux compile
 make[3] -C package/system/usign compile
 make[3] -C package/libs/ustream-ssl compile
 make[3] -C package/network/services/lldpd compile
 make[3] -C feeds/packages/libs/glib2 compile
 make[3] -C package/libs/libbpf compile
 make[3] -C feeds/packages/utils/ttyd compile
 make[3] -C feeds/packages/utils/usbutils compile
 make[3] -C package/network/services/odhcpd compile
 make[3] -C package/utils/ucode compile
 make[3] -C package/network/utils/iwinfo compile
 make[3] -C feeds/packages/net/cgi-io compile
 make[3] -C package/network/services/dnsmasq compile
 make[3] -C package/utils/busybox compile
 make[4] scripts/config/conf
 make[3] -C feeds/packages/utils/irqbalance compile
 make[3] -C package/utils/mtd-utils compile
 make[3] -C package/utils/e2fsprogs compile
 make[3] -C package/libs/udebug compile
 make[3] -C feeds/luci/contrib/package/lucihttp compile
 make[3] -C package/system/rpcd compile
 make[3] -C package/libs/uclient compile
 make[3] -C feeds/luci/contrib/package/ucode-mod-html compile
 make[3] -C package/network/services/uhttpd compile
 make[3] -C package/luci-app-cpu-perf compile
 make[3] -C feeds/luci/contrib/package/ucode-mod-lua compile
 make[3] -C package/luci-app-log-viewer compile
 make[3] -C package/luci-app-temp-status compile
 make[3] -C package/system/ubox compile
 make[3] -C package/network/config/netifd compile
 make[3] -C package/network/services/hostapd compile
 make[3] -C feeds/luci/libs/luci-lib-base compile
 make[3] -C package/system/opkg compile
 make[3] -C package/luci-app-netspeedtest compile
 make[3] -C feeds/luci/libs/rpcd-mod-luci compile
 make[3] -C feeds/luci/libs/rpcd-mod-rrdns compile
 make[3] -C feeds/luci/applications/luci-app-lldpd compile
 make[3] -C package/network/config/wifi-scripts compile
 make[3] -C feeds/luci/modules/luci-base compile
 make[3] -C package/system/urandom-seed compile
 make[3] -C package/network/utils/nftables compile
 make[3] -C package/libs/libnetfilter-conntrack compile
 make[3] -C package/system/fstools compile
 make[3] -C feeds/packages/net/nlbwmon compile
 make[3] -C package/network/services/ppp compile
 make[3] -C package/network/utils/iptables compile
 make[3] -C feeds/packages/net/usbip compile
 make[3] -C package/kernel/mac80211 compile
 make[3] -C package/network/config/firewall4 compile
 make[3] -C package/system/procd compile
 make[3] -C package/boot/uboot-envtools compile
 make[3] -C feeds/packages/net/conntrack-tools compile
 make[3] -C package/network/utils/iproute2 compile
 make[3] -C feeds/packages/utils/collectd compile
 make[3] -C feeds/packages/net/coova-chilli compile
 make[3] -C package/bandix-plus compile
 make[3] -C package/base-files compile
 make[3] -C package/network/utils/iproute2 compile
 make[3] -C feeds/packages/net/sqm-scripts compile
 make[3] -C feeds/luci/applications/luci-app-package-manager compile
 make[3] -C feeds/luci/themes/luci-theme-bootstrap compile
 make[3] -C feeds/luci/modules/luci-mod-network compile
 make[3] -C feeds/luci/modules/luci-mod-system compile
 make[3] -C feeds/luci/applications/luci-app-irqbalance compile
 make[3] -C feeds/luci/modules/luci-mod-status compile
 make[3] -C feeds/luci/applications/luci-app-firewall compile
 make[3] -C feeds/luci/applications/luci-app-nlbwmon compile
 make[3] -C feeds/luci/applications/luci-app-statistics compile
 make[3] -C feeds/luci/applications/luci-app-ttyd compile
 make[3] -C feeds/luci/applications/luci-app-watchcat compile
 make[3] -C feeds/luci/modules/luci-lua-runtime compile
 make[3] -C package/luci-app-alemprator-ota compile
 make[3] -C package/luci-app-bandix-plus compile
 make[3] -C package/luci-app-hotspot-openwrt compile
 make[3] -C package/luci-app-setup compile
 make[3] -C feeds/luci/modules/luci-mod-admin-full compile
 make[3] -C feeds/luci/applications/luci-app-sqm compile
 make[3] -C package/luci-app-tn-netports compile
 make[3] -C package/alemprator-firstboot compile
 make[3] -C feeds/luci/collections/luci-light compile
 make[3] -C feeds/luci/collections/luci compile
 make[2] package/install
 make[2] target/install
 make[3] -C target/linux install
 make[2] package/index
 make[2] json_overview_image_info
 make[2] checksum
