make[2]: Entering directory '/home/baalwy/openwrt/scripts/config'
make[2]: 'conf' is up to date.
make[2]: Leaving directory '/home/baalwy/openwrt/scripts/config'
make[1]: Entering directory '/home/baalwy/openwrt'
make[2]: Entering directory '/home/baalwy/openwrt/target/linux'
make[3]: Entering directory '/home/baalwy/openwrt/target/linux/qualcommax'
rm -f /home/baalwy/openwrt/build_dir/target-aarch64_cortex-a53_musl/linux-qualcommax_ipq60xx/linux-6.6.110/localversion
/home/baalwy/openwrt/scripts/kconfig.pl  + + /home/baalwy/openwrt/target/linux/generic/config-6.6 /home/baalwy/openwrt/target/linux/qualcommax/config-6.6 /home/baalwy/openwrt/target/linux/qualcommax/ipq60xx/config-default > /home/baalwy/openwrt/build_dir/target-aarch64_cortex-a53_musl/linux-qualcommax_ipq60xx/linux-6.6.110/.config.target
awk '/^(#[[:space:]]+)?CONFIG_KERNEL/{sub("CONFIG_KERNEL_","CONFIG_");print}' /home/baalwy/openwrt/.config >> /home/baalwy/openwrt/build_dir/target-aarch64_cortex-a53_musl/linux-qualcommax_ipq60xx/linux-6.6.110/.config.target
echo "# CONFIG_KALLSYMS_EXTRA_PASS is not set" >> /home/baalwy/openwrt/build_dir/target-aarch64_cortex-a53_musl/linux-qualcommax_ipq60xx/linux-6.6.110/.config.target
echo "# CONFIG_KALLSYMS_ALL is not set" >> /home/baalwy/openwrt/build_dir/target-aarch64_cortex-a53_musl/linux-qualcommax_ipq60xx/linux-6.6.110/.config.target
echo "CONFIG_KALLSYMS_UNCOMPRESSED=y" >> /home/baalwy/openwrt/build_dir/target-aarch64_cortex-a53_musl/linux-qualcommax_ipq60xx/linux-6.6.110/.config.target
/home/baalwy/openwrt/scripts/package-metadata.pl kconfig /home/baalwy/openwrt/tmp/.packageinfo /home/baalwy/openwrt/.config 6.6 > /home/baalwy/openwrt/build_dir/target-aarch64_cortex-a53_musl/linux-qualcommax_ipq60xx/linux-6.6.110/.config.override
/home/baalwy/openwrt/scripts/kconfig.pl 'm+' '+' /home/baalwy/openwrt/build_dir/target-aarch64_cortex-a53_musl/linux-qualcommax_ipq60xx/linux-6.6.110/.config.target /dev/null /home/baalwy/openwrt/build_dir/target-aarch64_cortex-a53_musl/linux-qualcommax_ipq60xx/linux-6.6.110/.config.override > /home/baalwy/openwrt/build_dir/target-aarch64_cortex-a53_musl/linux-qualcommax_ipq60xx/linux-6.6.110/.config.set
mv /home/baalwy/openwrt/build_dir/target-aarch64_cortex-a53_musl/linux-qualcommax_ipq60xx/linux-6.6.110/.config.set /home/baalwy/openwrt/build_dir/target-aarch64_cortex-a53_musl/linux-qualcommax_ipq60xx/linux-6.6.110/.config.old
grep -v INITRAMFS /home/baalwy/openwrt/build_dir/target-aarch64_cortex-a53_musl/linux-qualcommax_ipq60xx/linux-6.6.110/.config.old > /home/baalwy/openwrt/build_dir/target-aarch64_cortex-a53_musl/linux-qualcommax_ipq60xx/linux-6.6.110/.config.set
echo 'CONFIG_INITRAMFS_SOURCE=""' >> /home/baalwy/openwrt/build_dir/target-aarch64_cortex-a53_musl/linux-qualcommax_ipq60xx/linux-6.6.110/.config.set
echo '# CONFIG_INITRAMFS_FORCE is not set' >> /home/baalwy/openwrt/build_dir/target-aarch64_cortex-a53_musl/linux-qualcommax_ipq60xx/linux-6.6.110/.config.set
echo "# CONFIG_INITRAMFS_PRESERVE_MTIME is not set" >> /home/baalwy/openwrt/build_dir/target-aarch64_cortex-a53_musl/linux-qualcommax_ipq60xx/linux-6.6.110/.config.set
rm -rf /home/baalwy/openwrt/build_dir/target-aarch64_cortex-a53_musl/linux-qualcommax_ipq60xx/modules
cmp -s /home/baalwy/openwrt/build_dir/target-aarch64_cortex-a53_musl/linux-qualcommax_ipq60xx/linux-6.6.110/.config.set /home/baalwy/openwrt/build_dir/target-aarch64_cortex-a53_musl/linux-qualcommax_ipq60xx/linux-6.6.110/.config.prev || { cp /home/baalwy/openwrt/build_dir/target-aarch64_cortex-a53_musl/linux-qualcommax_ipq60xx/linux-6.6.110/.config.set /home/baalwy/openwrt/build_dir/target-aarch64_cortex-a53_musl/linux-qualcommax_ipq60xx/linux-6.6.110/.config; cp /home/baalwy/openwrt/build_dir/target-aarch64_cortex-a53_musl/linux-qualcommax_ipq60xx/linux-6.6.110/.config.set /home/baalwy/openwrt/build_dir/target-aarch64_cortex-a53_musl/linux-qualcommax_ipq60xx/linux-6.6.110/.config.prev; }
export MAKEFLAGS= ; [ -d /home/baalwy/openwrt/build_dir/target-aarch64_cortex-a53_musl/linux-qualcommax_ipq60xx/linux-6.6.110/user_headers ] || make -C /home/baalwy/openwrt/build_dir/target-aarch64_cortex-a53_musl/linux-qualcommax_ipq60xx/linux-6.6.110 KCFLAGS="-fmacro-prefix-map=/home/baalwy/openwrt/build_dir/target-aarch64_cortex-a53_musl=target-aarch64_cortex-a53_musl -fno-caller-saves " HOSTCFLAGS="-O2 -I/home/baalwy/openwrt/staging_dir/host/include  -Wall -Wmissing-prototypes -Wstrict-prototypes" CROSS_COMPILE="aarch64-openwrt-linux-musl-" ARCH="arm64" KBUILD_HAVE_NLS=no KBUILD_BUILD_USER="" KBUILD_BUILD_HOST="" KBUILD_BUILD_TIMESTAMP="Sun Oct 19 16:37:45 2025" KBUILD_BUILD_VERSION="0" KBUILD_HOSTLDFLAGS="-L/home/baalwy/openwrt/staging_dir/host/lib" CONFIG_SHELL="bash" V=''  cmd_syscalls=  CC="aarch64-openwrt-linux-musl-gcc" KERNELRELEASE=6.6.110  INSTALL_HDR_PATH=/home/baalwy/openwrt/build_dir/target-aarch64_cortex-a53_musl/linux-qualcommax_ipq60xx/linux-6.6.110/user_headers headers_install
grep '=[ym]' /home/baalwy/openwrt/build_dir/target-aarch64_cortex-a53_musl/linux-qualcommax_ipq60xx/linux-6.6.110/.config.set | LC_ALL=C sort | /home/baalwy/openwrt/staging_dir/host/bin/mkhash md5 > /home/baalwy/openwrt/build_dir/target-aarch64_cortex-a53_musl/linux-qualcommax_ipq60xx/linux-6.6.110/.vermagic
touch /home/baalwy/openwrt/build_dir/target-aarch64_cortex-a53_musl/linux-qualcommax_ipq60xx/linux-6.6.110/.configured
rm -f /home/baalwy/openwrt/build_dir/target-aarch64_cortex-a53_musl/root-qualcommax/init
make -C /home/baalwy/openwrt/build_dir/target-aarch64_cortex-a53_musl/linux-qualcommax_ipq60xx/linux-6.6.110 KCFLAGS="-fmacro-prefix-map=/home/baalwy/openwrt/build_dir/target-aarch64_cortex-a53_musl=target-aarch64_cortex-a53_musl -fno-caller-saves " HOSTCFLAGS="-O2 -I/home/baalwy/openwrt/staging_dir/host/include  -Wall -Wmissing-prototypes -Wstrict-prototypes" CROSS_COMPILE="aarch64-openwrt-linux-musl-" ARCH="arm64" KBUILD_HAVE_NLS=no KBUILD_BUILD_USER="" KBUILD_BUILD_HOST="" KBUILD_BUILD_TIMESTAMP="Sun Oct 19 16:37:45 2025" KBUILD_BUILD_VERSION="0" KBUILD_HOSTLDFLAGS="-L/home/baalwy/openwrt/staging_dir/host/lib" CONFIG_SHELL="bash" V=''  cmd_syscalls=  CC="aarch64-openwrt-linux-musl-gcc" KERNELRELEASE=6.6.110  Image
make[4]: Entering directory '/home/baalwy/openwrt/build_dir/target-aarch64_cortex-a53_musl/linux-qualcommax_ipq60xx/linux-6.6.110'
  SYNC    include/config/auto.conf.cmd
  GEN     usr/initramfs_data.cpio
  COPY    usr/initramfs_inc_data
  AS      usr/initramfs_data.o
  AR      usr/built-in.a
  CC      lib/decompress.o
  AR      lib/lib.a
  AR      built-in.a
  AR      vmlinux.a
  LD      vmlinux.o
  OBJCOPY modules.builtin.modinfo
  GEN     modules.builtin
  MODPOST vmlinux.symvers
  LD      .tmp_vmlinux.kallsyms1
  NM      .tmp_vmlinux.kallsyms1.syms
  KSYMS   .tmp_vmlinux.kallsyms1.S
  AS      .tmp_vmlinux.kallsyms1.o
  LD      .tmp_vmlinux.kallsyms2
  NM      .tmp_vmlinux.kallsyms2.syms
  KSYMS   .tmp_vmlinux.kallsyms2.S
  AS      .tmp_vmlinux.kallsyms2.o
  LD      vmlinux
  NM      System.map
  SORTTAB vmlinux
  OBJCOPY arch/arm64/boot/Image
make[4]: Leaving directory '/home/baalwy/openwrt/build_dir/target-aarch64_cortex-a53_musl/linux-qualcommax_ipq60xx/linux-6.6.110'
cmp -s /home/baalwy/openwrt/build_dir/target-aarch64_cortex-a53_musl/linux-qualcommax_ipq60xx/linux-6.6.110/vmlinux /home/baalwy/openwrt/build_dir/target-aarch64_cortex-a53_musl/linux-qualcommax_ipq60xx/vmlinux.debug || { aarch64-openwrt-linux-musl-objcopy -O binary -R .reginfo -R .notes -R .note -R .comment -R .mdebug -R .note.gnu.build-id -S /home/baalwy/openwrt/build_dir/target-aarch64_cortex-a53_musl/linux-qualcommax_ipq60xx/linux-6.6.110/vmlinux /home/baalwy/openwrt/build_dir/target-aarch64_cortex-a53_musl/linux-qualcommax_ipq60xx/vmlinux; aarch64-openwrt-linux-musl-objcopy -R .reginfo -R .notes -R .note -R .comment -R .mdebug -R .note.gnu.build-id -S /home/baalwy/openwrt/build_dir/target-aarch64_cortex-a53_musl/linux-qualcommax_ipq60xx/linux-6.6.110/vmlinux /home/baalwy/openwrt/build_dir/target-aarch64_cortex-a53_musl/linux-qualcommax_ipq60xx/vmlinux.elf; cp -fpR /home/baalwy/openwrt/build_dir/target-aarch64_cortex-a53_musl/linux-qualcommax_ipq60xx/linux-6.6.110/vmlinux /home/baalwy/openwrt/build_dir/target-aarch64_cortex-a53_musl/linux-qualcommax_ipq60xx/vmlinux.debug;  cp -fpR /home/baalwy/openwrt/build_dir/target-aarch64_cortex-a53_musl/linux-qualcommax_ipq60xx/linux-6.6.110/arch/arm64/boot//Image /home/baalwy/openwrt/build_dir/target-aarch64_cortex-a53_musl/linux-qualcommax_ipq60xx/Image;  }
SHELL= flock /home/baalwy/openwrt/tmp/.gen-initramfs.flock -c '{  		{ rm -f /home/baalwy/openwrt/build_dir/target-aarch64_cortex-a53_musl/linux-qualcommax_ipq60xx/linux-6.6.110/.config.prev; mv /home/baalwy/openwrt/build_dir/target-aarch64_cortex-a53_musl/linux-qualcommax_ipq60xx/linux-6.6.110/.config /home/baalwy/openwrt/build_dir/target-aarch64_cortex-a53_musl/linux-qualcommax_ipq60xx/linux-6.6.110/.config.old; 	{ grep -v -e INITRAMFS -e CONFIG_RD_ -e CONFIG_BLK_DEV_INITRD /home/baalwy/openwrt/build_dir/target-aarch64_cortex-a53_musl/linux-qualcommax_ipq60xx/linux-6.6.110/.config.old > /home/baalwy/openwrt/build_dir/target-aarch64_cortex-a53_musl/linux-qualcommax_ipq60xx/linux-6.6.110/.config; echo '\''CONFIG_BLK_DEV_INITRD=y'\'' >> /home/baalwy/openwrt/build_dir/target-aarch64_cortex-a53_musl/linux-qualcommax_ipq60xx/linux-6.6.110/.config; echo '\''CONFIG_INITRAMFS_SOURCE="/home/baalwy/openwrt/build_dir/target-aarch64_cortex-a53_musl/root-qualcommax /home/baalwy/openwrt/target/linux/generic/image/initramfs-base-files.txt"'\'' >> /home/baalwy/openwrt/build_dir/target-aarch64_cortex-a53_musl/linux-qualcommax_ipq60xx/linux-6.6.110/.config; }; echo "# CONFIG_INITRAMFS_PRESERVE_MTIME is not set" >> /home/baalwy/openwrt/build_dir/target-aarch64_cortex-a53_musl/linux-qualcommax_ipq60xx/linux-6.6.110/.config; echo "CONFIG_INITRAMFS_ROOT_UID=1000" >> /home/baalwy/openwrt/build_dir/target-aarch64_cortex-a53_musl/linux-qualcommax_ipq60xx/linux-6.6.110/.config; echo "CONFIG_INITRAMFS_ROOT_GID=1000" >> /home/baalwy/openwrt/build_dir/target-aarch64_cortex-a53_musl/linux-qualcommax_ipq60xx/linux-6.6.110/.config;   echo "# CONFIG_INITRAMFS_FORCE is not set" >> /home/baalwy/openwrt/build_dir/target-aarch64_cortex-a53_musl/linux-qualcommax_ipq60xx/linux-6.6.110/.config;  echo "# CONFIG_INITRAMFS_COMPRESSION_NONE is not set" >> /home/baalwy/openwrt/build_dir/target-aarch64_cortex-a53_musl/linux-qualcommax_ipq60xx/linux-6.6.110/.config;    echo "# CONFIG_INITRAMFS_COMPRESSION_GZIP is not set" >> /home/baalwy/openwrt/build_dir/target-aarch64_cortex-a53_musl/linux-qualcommax_ipq60xx/linux-6.6.110/.config;   echo "# CONFIG_RD_GZIP is not set" >> /home/baalwy/openwrt/build_dir/target-aarch64_cortex-a53_musl/linux-qualcommax_ipq60xx/linux-6.6.110/.config;     echo "# CONFIG_INITRAMFS_COMPRESSION_BZIP2 is not set" >> /home/baalwy/openwrt/build_dir/target-aarch64_cortex-a53_musl/linux-qualcommax_ipq60xx/linux-6.6.110/.config;   echo "# CONFIG_RD_BZIP2 is not set" >> /home/baalwy/openwrt/build_dir/target-aarch64_cortex-a53_musl/linux-qualcommax_ipq60xx/linux-6.6.110/.config;     echo "# CONFIG_INITRAMFS_COMPRESSION_LZMA is not set" >> /home/baalwy/openwrt/build_dir/target-aarch64_cortex-a53_musl/linux-qualcommax_ipq60xx/linux-6.6.110/.config;   echo "# CONFIG_RD_LZMA is not set" >> /home/baalwy/openwrt/build_dir/target-aarch64_cortex-a53_musl/linux-qualcommax_ipq60xx/linux-6.6.110/.config;     echo "# CONFIG_INITRAMFS_COMPRESSION_LZO is not set" >> /home/baalwy/openwrt/build_dir/target-aarch64_cortex-a53_musl/linux-qualcommax_ipq60xx/linux-6.6.110/.config;   echo "# CONFIG_RD_LZO is not set" >> /home/baalwy/openwrt/build_dir/target-aarch64_cortex-a53_musl/linux-qualcommax_ipq60xx/linux-6.6.110/.config;     echo "# CONFIG_INITRAMFS_COMPRESSION_XZ is not set" >> /home/baalwy/openwrt/build_dir/target-aarch64_cortex-a53_musl/linux-qualcommax_ipq60xx/linux-6.6.110/.config;   echo "# CONFIG_RD_XZ is not set" >> /home/baalwy/openwrt/build_dir/target-aarch64_cortex-a53_musl/linux-qualcommax_ipq60xx/linux-6.6.110/.config;     echo "# CONFIG_INITRAMFS_COMPRESSION_LZ4 is not set" >> /home/baalwy/openwrt/build_dir/target-aarch64_cortex-a53_musl/linux-qualcommax_ipq60xx/linux-6.6.110/.config;   echo "# CONFIG_RD_LZ4 is not set" >> /home/baalwy/openwrt/build_dir/target-aarch64_cortex-a53_musl/linux-qualcommax_ipq60xx/linux-6.6.110/.config;     echo "CONFIG_INITRAMFS_COMPRESSION_ZSTD=y" >> /home/baalwy/openwrt/build_dir/target-aarch64_cortex-a53_musl/linux-qualcommax_ipq60xx/linux-6.6.110/.config;   echo "CONFIG_RD_ZSTD=y" >> /home/baalwy/openwrt/build_dir/target-aarch64_cortex-a53_musl/linux-qualcommax_ipq60xx/linux-6.6.110/.config;   }; cp -fpR /home/baalwy/openwrt/target/linux/generic/other-files/init /home/baalwy/openwrt/build_dir/target-aarch64_cortex-a53_musl/root-qualcommax/init; touch -hcd "@1760891865" /home/baalwy/openwrt/build_dir/target-aarch64_cortex-a53_musl/root-qualcommax /home/baalwy/openwrt/build_dir/target-aarch64_cortex-a53_musl/root-qualcommax/init; rm -rf /home/baalwy/openwrt/build_dir/target-aarch64_cortex-a53_musl/linux-qualcommax_ipq60xx/linux-6.6.110/usr/initramfs_data.cpio*;  make -C /home/baalwy/openwrt/build_dir/target-aarch64_cortex-a53_musl/linux-qualcommax_ipq60xx/linux-6.6.110 KCFLAGS="-fmacro-prefix-map=/home/baalwy/openwrt/build_dir/target-aarch64_cortex-a53_musl=target-aarch64_cortex-a53_musl -fno-caller-saves " HOSTCFLAGS="-O2 -I/home/baalwy/openwrt/staging_dir/host/include  -Wall -Wmissing-prototypes -Wstrict-prototypes" CROSS_COMPILE="aarch64-openwrt-linux-musl-" ARCH="arm64" KBUILD_HAVE_NLS=no KBUILD_BUILD_USER="" KBUILD_BUILD_HOST="" KBUILD_BUILD_TIMESTAMP="Sun Oct 19 16:37:45 2025" KBUILD_BUILD_VERSION="0" KBUILD_HOSTLDFLAGS="-L/home/baalwy/openwrt/staging_dir/host/lib" CONFIG_SHELL="bash" V='\'''\''  cmd_syscalls=  CC="aarch64-openwrt-linux-musl-gcc" KERNELRELEASE=6.6.110   Image; 	cmp -s /home/baalwy/openwrt/build_dir/target-aarch64_cortex-a53_musl/linux-qualcommax_ipq60xx/linux-6.6.110/vmlinux /home/baalwy/openwrt/build_dir/target-aarch64_cortex-a53_musl/linux-qualcommax_ipq60xx/vmlinux-initramfs.debug || { aarch64-openwrt-linux-musl-objcopy -O binary -R .reginfo -R .notes -R .note -R .comment -R .mdebug -R .note.gnu.build-id -S /home/baalwy/openwrt/build_dir/target-aarch64_cortex-a53_musl/linux-qualcommax_ipq60xx/linux-6.6.110/vmlinux /home/baalwy/openwrt/build_dir/target-aarch64_cortex-a53_musl/linux-qualcommax_ipq60xx/vmlinux-initramfs; aarch64-openwrt-linux-musl-objcopy -R .reginfo -R .notes -R .note -R .comment -R .mdebug -R .note.gnu.build-id -S /home/baalwy/openwrt/build_dir/target-aarch64_cortex-a53_musl/linux-qualcommax_ipq60xx/linux-6.6.110/vmlinux /home/baalwy/openwrt/build_dir/target-aarch64_cortex-a53_musl/linux-qualcommax_ipq60xx/vmlinux-initramfs.elf; cp -fpR /home/baalwy/openwrt/build_dir/target-aarch64_cortex-a53_musl/linux-qualcommax_ipq60xx/linux-6.6.110/vmlinux /home/baalwy/openwrt/build_dir/target-aarch64_cortex-a53_musl/linux-qualcommax_ipq60xx/vmlinux-initramfs.debug;  cp -fpR /home/baalwy/openwrt/build_dir/target-aarch64_cortex-a53_musl/linux-qualcommax_ipq60xx/linux-6.6.110/arch/arm64/boot//Image /home/baalwy/openwrt/build_dir/target-aarch64_cortex-a53_musl/linux-qualcommax_ipq60xx/Image-initramfs;  };  }';
make[4]: Entering directory '/home/baalwy/openwrt/build_dir/target-aarch64_cortex-a53_musl/linux-qualcommax_ipq60xx/linux-6.6.110'
  SYNC    include/config/auto.conf.cmd
  GEN     usr/initramfs_data.cpio
  ZSTD    usr/initramfs_inc_data
  AS      usr/initramfs_data.o
  AR      usr/built-in.a
  CC      lib/decompress.o
  AR      lib/lib.a
  AR      built-in.a
  AR      vmlinux.a
  LD      vmlinux.o
  OBJCOPY modules.builtin.modinfo
  GEN     modules.builtin
  MODPOST vmlinux.symvers
  LD      .tmp_vmlinux.kallsyms1
  NM      .tmp_vmlinux.kallsyms1.syms
  KSYMS   .tmp_vmlinux.kallsyms1.S
  AS      .tmp_vmlinux.kallsyms1.o
  LD      .tmp_vmlinux.kallsyms2
  NM      .tmp_vmlinux.kallsyms2.syms
  KSYMS   .tmp_vmlinux.kallsyms2.S
  AS      .tmp_vmlinux.kallsyms2.o
  LD      vmlinux
  NM      System.map
  SORTTAB vmlinux
  OBJCOPY arch/arm64/boot/Image
make[4]: Leaving directory '/home/baalwy/openwrt/build_dir/target-aarch64_cortex-a53_musl/linux-qualcommax_ipq60xx/linux-6.6.110'
touch /home/baalwy/openwrt/build_dir/target-aarch64_cortex-a53_musl/linux-qualcommax_ipq60xx/linux-6.6.110/.image
make -C image compile install TARGET_BUILD=
make[4]: Entering directory '/home/baalwy/openwrt/target/linux/qualcommax/image'
make[4]: Nothing to be done for 'compile'.
aarch64-openwrt-linux-musl-cpp -nostdinc -x assembler-with-cpp  -I/home/baalwy/openwrt/build_dir/target-aarch64_cortex-a53_musl/linux-qualcommax_ipq60xx/linux-6.6.110/arch/arm64/boot/dts -I/home/baalwy/openwrt/build_dir/target-aarch64_cortex-a53_musl/linux-qualcommax_ipq60xx/linux-6.6.110/arch/arm64/boot/dts/include -I/home/baalwy/openwrt/build_dir/target-aarch64_cortex-a53_musl/linux-qualcommax_ipq60xx/linux-6.6.110/include/ -I/home/baalwy/openwrt/build_dir/target-aarch64_cortex-a53_musl/linux-qualcommax_ipq60xx/linux-6.6.110/scripts/dtc/include-prefixes -undef -D__DTS__  -o /home/baalwy/openwrt/build_dir/target-aarch64_cortex-a53_musl/linux-qualcommax_ipq60xx/image-ipq6010-mango-dvk.dtb.tmp /home/baalwy/openwrt/build_dir/target-aarch64_cortex-a53_musl/linux-qualcommax_ipq60xx/linux-6.6.110/arch/arm64/boot/dts/qcom/ipq6010-mango-dvk.dts
/home/baalwy/openwrt/build_dir/target-aarch64_cortex-a53_musl/linux-qualcommax_ipq60xx/linux-6.6.110/scripts/dtc/dtc -O dtb -i/home/baalwy/openwrt/build_dir/target-aarch64_cortex-a53_musl/linux-qualcommax_ipq60xx/linux-6.6.110/arch/arm64/boot/dts/qcom/ -Wno-interrupt_provider -Wno-unique_unit_address -Wno-unit_address_vs_reg -Wno-avoid_unnecessary_addr_size -Wno-alias_paths -Wno-graph_child_address -Wno-simple_bus_reg    -o /home/baalwy/openwrt/build_dir/target-aarch64_cortex-a53_musl/linux-qualcommax_ipq60xx/image-ipq6010-mango-dvk.dtb /home/baalwy/openwrt/build_dir/target-aarch64_cortex-a53_musl/linux-qualcommax_ipq60xx/image-ipq6010-mango-dvk.dtb.tmp
rm -f /home/baalwy/openwrt/build_dir/target-aarch64_cortex-a53_musl/linux-qualcommax_ipq60xx/image-ipq6010-mango-dvk.dtb.tmp
aarch64-openwrt-linux-musl-cpp -nostdinc -x assembler-with-cpp  -I/home/baalwy/openwrt/build_dir/target-aarch64_cortex-a53_musl/linux-qualcommax_ipq60xx/linux-6.6.110/arch/arm64/boot/dts -I/home/baalwy/openwrt/build_dir/target-aarch64_cortex-a53_musl/linux-qualcommax_ipq60xx/linux-6.6.110/arch/arm64/boot/dts/include -I/home/baalwy/openwrt/build_dir/target-aarch64_cortex-a53_musl/linux-qualcommax_ipq60xx/linux-6.6.110/include/ -I/home/baalwy/openwrt/build_dir/target-aarch64_cortex-a53_musl/linux-qualcommax_ipq60xx/linux-6.6.110/scripts/dtc/include-prefixes -undef -D__DTS__  -o /home/baalwy/openwrt/build_dir/target-aarch64_cortex-a53_musl/linux-qualcommax_ipq60xx/image-ipq6010-xe3-4.dtb.tmp /home/baalwy/openwrt/build_dir/target-aarch64_cortex-a53_musl/linux-qualcommax_ipq60xx/linux-6.6.110/arch/arm64/boot/dts/qcom/ipq6010-xe3-4.dts
/home/baalwy/openwrt/build_dir/target-aarch64_cortex-a53_musl/linux-qualcommax_ipq60xx/linux-6.6.110/scripts/dtc/dtc -O dtb -i/home/baalwy/openwrt/build_dir/target-aarch64_cortex-a53_musl/linux-qualcommax_ipq60xx/linux-6.6.110/arch/arm64/boot/dts/qcom/ -Wno-interrupt_provider -Wno-unique_unit_address -Wno-unit_address_vs_reg -Wno-avoid_unnecessary_addr_size -Wno-alias_paths -Wno-graph_child_address -Wno-simple_bus_reg    -o /home/baalwy/openwrt/build_dir/target-aarch64_cortex-a53_musl/linux-qualcommax_ipq60xx/image-ipq6010-xe3-4.dtb /home/baalwy/openwrt/build_dir/target-aarch64_cortex-a53_musl/linux-qualcommax_ipq60xx/image-ipq6010-xe3-4.dtb.tmp
rm -f /home/baalwy/openwrt/build_dir/target-aarch64_cortex-a53_musl/linux-qualcommax_ipq60xx/image-ipq6010-xe3-4.dtb.tmp
aarch64-openwrt-linux-musl-cpp -nostdinc -x assembler-with-cpp  -I/home/baalwy/openwrt/build_dir/target-aarch64_cortex-a53_musl/linux-qualcommax_ipq60xx/linux-6.6.110/arch/arm64/boot/dts -I/home/baalwy/openwrt/build_dir/target-aarch64_cortex-a53_musl/linux-qualcommax_ipq60xx/linux-6.6.110/arch/arm64/boot/dts/include -I/home/baalwy/openwrt/build_dir/target-aarch64_cortex-a53_musl/linux-qualcommax_ipq60xx/linux-6.6.110/include/ -I/home/baalwy/openwrt/build_dir/target-aarch64_cortex-a53_musl/linux-qualcommax_ipq60xx/linux-6.6.110/scripts/dtc/include-prefixes -undef -D__DTS__  -o /home/baalwy/openwrt/build_dir/target-aarch64_cortex-a53_musl/linux-qualcommax_ipq60xx/image-ipq6000-kt-dv02-012h.dtb.tmp /home/baalwy/openwrt/build_dir/target-aarch64_cortex-a53_musl/linux-qualcommax_ipq60xx/linux-6.6.110/arch/arm64/boot/dts/qcom/ipq6000-kt-dv02-012h.dts
/home/baalwy/openwrt/build_dir/target-aarch64_cortex-a53_musl/linux-qualcommax_ipq60xx/linux-6.6.110/scripts/dtc/dtc -O dtb -i/home/baalwy/openwrt/build_dir/target-aarch64_cortex-a53_musl/linux-qualcommax_ipq60xx/linux-6.6.110/arch/arm64/boot/dts/qcom/ -Wno-interrupt_provider -Wno-unique_unit_address -Wno-unit_address_vs_reg -Wno-avoid_unnecessary_addr_size -Wno-alias_paths -Wno-graph_child_address -Wno-simple_bus_reg    -o /home/baalwy/openwrt/build_dir/target-aarch64_cortex-a53_musl/linux-qualcommax_ipq60xx/image-ipq6000-kt-dv02-012h.dtb /home/baalwy/openwrt/build_dir/target-aarch64_cortex-a53_musl/linux-qualcommax_ipq60xx/image-ipq6000-kt-dv02-012h.dtb.tmp
rm -f /home/baalwy/openwrt/build_dir/target-aarch64_cortex-a53_musl/linux-qualcommax_ipq60xx/image-ipq6000-kt-dv02-012h.dtb.tmp
aarch64-openwrt-linux-musl-cpp -nostdinc -x assembler-with-cpp  -I/home/baalwy/openwrt/build_dir/target-aarch64_cortex-a53_musl/linux-qualcommax_ipq60xx/linux-6.6.110/arch/arm64/boot/dts -I/home/baalwy/openwrt/build_dir/target-aarch64_cortex-a53_musl/linux-qualcommax_ipq60xx/linux-6.6.110/arch/arm64/boot/dts/include -I/home/baalwy/openwrt/build_dir/target-aarch64_cortex-a53_musl/linux-qualcommax_ipq60xx/linux-6.6.110/include/ -I/home/baalwy/openwrt/build_dir/target-aarch64_cortex-a53_musl/linux-qualcommax_ipq60xx/linux-6.6.110/scripts/dtc/include-prefixes -undef -D__DTS__  -o /home/baalwy/openwrt/build_dir/target-aarch64_cortex-a53_musl/linux-qualcommax_ipq60xx/image-ipq6000-kt-ar06-012h.dtb.tmp /home/baalwy/openwrt/build_dir/target-aarch64_cortex-a53_musl/linux-qualcommax_ipq60xx/linux-6.6.110/arch/arm64/boot/dts/qcom/ipq6000-kt-ar06-012h.dts
/home/baalwy/openwrt/build_dir/target-aarch64_cortex-a53_musl/linux-qualcommax_ipq60xx/linux-6.6.110/scripts/dtc/dtc -O dtb -i/home/baalwy/openwrt/build_dir/target-aarch64_cortex-a53_musl/linux-qualcommax_ipq60xx/linux-6.6.110/arch/arm64/boot/dts/qcom/ -Wno-interrupt_provider -Wno-unique_unit_address -Wno-unit_address_vs_reg -Wno-avoid_unnecessary_addr_size -Wno-alias_paths -Wno-graph_child_address -Wno-simple_bus_reg    -o /home/baalwy/openwrt/build_dir/target-aarch64_cortex-a53_musl/linux-qualcommax_ipq60xx/image-ipq6000-kt-ar06-012h.dtb /home/baalwy/openwrt/build_dir/target-aarch64_cortex-a53_musl/linux-qualcommax_ipq60xx/image-ipq6000-kt-ar06-012h.dtb.tmp
rm -f /home/baalwy/openwrt/build_dir/target-aarch64_cortex-a53_musl/linux-qualcommax_ipq60xx/image-ipq6000-kt-ar06-012h.dtb.tmp
aarch64-openwrt-linux-musl-cpp -nostdinc -x assembler-with-cpp  -I/home/baalwy/openwrt/build_dir/target-aarch64_cortex-a53_musl/linux-qualcommax_ipq60xx/linux-6.6.110/arch/arm64/boot/dts -I/home/baalwy/openwrt/build_dir/target-aarch64_cortex-a53_musl/linux-qualcommax_ipq60xx/linux-6.6.110/arch/arm64/boot/dts/include -I/home/baalwy/openwrt/build_dir/target-aarch64_cortex-a53_musl/linux-qualcommax_ipq60xx/linux-6.6.110/include/ -I/home/baalwy/openwrt/build_dir/target-aarch64_cortex-a53_musl/linux-qualcommax_ipq60xx/linux-6.6.110/scripts/dtc/include-prefixes -undef -D__DTS__  -o /home/baalwy/openwrt/build_dir/target-aarch64_cortex-a53_musl/linux-qualcommax_ipq60xx/image-ipq6000-kt-ar07-102h.dtb.tmp /home/baalwy/openwrt/build_dir/target-aarch64_cortex-a53_musl/linux-qualcommax_ipq60xx/linux-6.6.110/arch/arm64/boot/dts/qcom/ipq6000-kt-ar07-102h.dts
/home/baalwy/openwrt/build_dir/target-aarch64_cortex-a53_musl/linux-qualcommax_ipq60xx/linux-6.6.110/scripts/dtc/dtc -O dtb -i/home/baalwy/openwrt/build_dir/target-aarch64_cortex-a53_musl/linux-qualcommax_ipq60xx/linux-6.6.110/arch/arm64/boot/dts/qcom/ -Wno-interrupt_provider -Wno-unique_unit_address -Wno-unit_address_vs_reg -Wno-avoid_unnecessary_addr_size -Wno-alias_paths -Wno-graph_child_address -Wno-simple_bus_reg    -o /home/baalwy/openwrt/build_dir/target-aarch64_cortex-a53_musl/linux-qualcommax_ipq60xx/image-ipq6000-kt-ar07-102h.dtb /home/baalwy/openwrt/build_dir/target-aarch64_cortex-a53_musl/linux-qualcommax_ipq60xx/image-ipq6000-kt-ar07-102h.dtb.tmp
rm -f /home/baalwy/openwrt/build_dir/target-aarch64_cortex-a53_musl/linux-qualcommax_ipq60xx/image-ipq6000-kt-ar07-102h.dtb.tmp
aarch64-openwrt-linux-musl-cpp -nostdinc -x assembler-with-cpp  -I/home/baalwy/openwrt/build_dir/target-aarch64_cortex-a53_musl/linux-qualcommax_ipq60xx/linux-6.6.110/arch/arm64/boot/dts -I/home/baalwy/openwrt/build_dir/target-aarch64_cortex-a53_musl/linux-qualcommax_ipq60xx/linux-6.6.110/arch/arm64/boot/dts/include -I/home/baalwy/openwrt/build_dir/target-aarch64_cortex-a53_musl/linux-qualcommax_ipq60xx/linux-6.6.110/include/ -I/home/baalwy/openwrt/build_dir/target-aarch64_cortex-a53_musl/linux-qualcommax_ipq60xx/linux-6.6.110/scripts/dtc/include-prefixes -undef -D__DTS__  -o /home/baalwy/openwrt/build_dir/target-aarch64_cortex-a53_musl/linux-qualcommax_ipq60xx/image-ipq6000-lg-gapd-7500.dtb.tmp /home/baalwy/openwrt/build_dir/target-aarch64_cortex-a53_musl/linux-qualcommax_ipq60xx/linux-6.6.110/arch/arm64/boot/dts/qcom/ipq6000-lg-gapd-7500.dts
/home/baalwy/openwrt/build_dir/target-aarch64_cortex-a53_musl/linux-qualcommax_ipq60xx/linux-6.6.110/scripts/dtc/dtc -O dtb -i/home/baalwy/openwrt/build_dir/target-aarch64_cortex-a53_musl/linux-qualcommax_ipq60xx/linux-6.6.110/arch/arm64/boot/dts/qcom/ -Wno-interrupt_provider -Wno-unique_unit_address -Wno-unit_address_vs_reg -Wno-avoid_unnecessary_addr_size -Wno-alias_paths -Wno-graph_child_address -Wno-simple_bus_reg    -o /home/baalwy/openwrt/build_dir/target-aarch64_cortex-a53_musl/linux-qualcommax_ipq60xx/image-ipq6000-lg-gapd-7500.dtb /home/baalwy/openwrt/build_dir/target-aarch64_cortex-a53_musl/linux-qualcommax_ipq60xx/image-ipq6000-lg-gapd-7500.dtb.tmp
rm -f /home/baalwy/openwrt/build_dir/target-aarch64_cortex-a53_musl/linux-qualcommax_ipq60xx/image-ipq6000-lg-gapd-7500.dtb.tmp
aarch64-openwrt-linux-musl-cpp -nostdinc -x assembler-with-cpp  -I/home/baalwy/openwrt/build_dir/target-aarch64_cortex-a53_musl/linux-qualcommax_ipq60xx/linux-6.6.110/arch/arm64/boot/dts -I/home/baalwy/openwrt/build_dir/target-aarch64_cortex-a53_musl/linux-qualcommax_ipq60xx/linux-6.6.110/arch/arm64/boot/dts/include -I/home/baalwy/openwrt/build_dir/target-aarch64_cortex-a53_musl/linux-qualcommax_ipq60xx/linux-6.6.110/include/ -I/home/baalwy/openwrt/build_dir/target-aarch64_cortex-a53_musl/linux-qualcommax_ipq60xx/linux-6.6.110/scripts/dtc/include-prefixes -undef -D__DTS__  -o /home/baalwy/openwrt/build_dir/target-aarch64_cortex-a53_musl/linux-qualcommax_ipq60xx/image-ipq6010-wax214.dtb.tmp /home/baalwy/openwrt/build_dir/target-aarch64_cortex-a53_musl/linux-qualcommax_ipq60xx/linux-6.6.110/arch/arm64/boot/dts/qcom/ipq6010-wax214.dts
/home/baalwy/openwrt/build_dir/target-aarch64_cortex-a53_musl/linux-qualcommax_ipq60xx/linux-6.6.110/scripts/dtc/dtc -O dtb -i/home/baalwy/openwrt/build_dir/target-aarch64_cortex-a53_musl/linux-qualcommax_ipq60xx/linux-6.6.110/arch/arm64/boot/dts/qcom/ -Wno-interrupt_provider -Wno-unique_unit_address -Wno-unit_address_vs_reg -Wno-avoid_unnecessary_addr_size -Wno-alias_paths -Wno-graph_child_address -Wno-simple_bus_reg    -o /home/baalwy/openwrt/build_dir/target-aarch64_cortex-a53_musl/linux-qualcommax_ipq60xx/image-ipq6010-wax214.dtb /home/baalwy/openwrt/build_dir/target-aarch64_cortex-a53_musl/linux-qualcommax_ipq60xx/image-ipq6010-wax214.dtb.tmp
rm -f /home/baalwy/openwrt/build_dir/target-aarch64_cortex-a53_musl/linux-qualcommax_ipq60xx/image-ipq6010-wax214.dtb.tmp
aarch64-openwrt-linux-musl-cpp -nostdinc -x assembler-with-cpp  -I/home/baalwy/openwrt/build_dir/target-aarch64_cortex-a53_musl/linux-qualcommax_ipq60xx/linux-6.6.110/arch/arm64/boot/dts -I/home/baalwy/openwrt/build_dir/target-aarch64_cortex-a53_musl/linux-qualcommax_ipq60xx/linux-6.6.110/arch/arm64/boot/dts/include -I/home/baalwy/openwrt/build_dir/target-aarch64_cortex-a53_musl/linux-qualcommax_ipq60xx/linux-6.6.110/include/ -I/home/baalwy/openwrt/build_dir/target-aarch64_cortex-a53_musl/linux-qualcommax_ipq60xx/linux-6.6.110/scripts/dtc/include-prefixes -undef -D__DTS__  -o /home/baalwy/openwrt/build_dir/target-aarch64_cortex-a53_musl/linux-qualcommax_ipq60xx/image-ipq6018-fap650.dtb.tmp /home/baalwy/openwrt/build_dir/target-aarch64_cortex-a53_musl/linux-qualcommax_ipq60xx/linux-6.6.110/arch/arm64/boot/dts/qcom/ipq6018-fap650.dts
/home/baalwy/openwrt/build_dir/target-aarch64_cortex-a53_musl/linux-qualcommax_ipq60xx/linux-6.6.110/scripts/dtc/dtc -O dtb -i/home/baalwy/openwrt/build_dir/target-aarch64_cortex-a53_musl/linux-qualcommax_ipq60xx/linux-6.6.110/arch/arm64/boot/dts/qcom/ -Wno-interrupt_provider -Wno-unique_unit_address -Wno-unit_address_vs_reg -Wno-avoid_unnecessary_addr_size -Wno-alias_paths -Wno-graph_child_address -Wno-simple_bus_reg    -o /home/baalwy/openwrt/build_dir/target-aarch64_cortex-a53_musl/linux-qualcommax_ipq60xx/image-ipq6018-fap650.dtb /home/baalwy/openwrt/build_dir/target-aarch64_cortex-a53_musl/linux-qualcommax_ipq60xx/image-ipq6018-fap650.dtb.tmp
/home/baalwy/openwrt/build_dir/target-aarch64_cortex-a53_musl/linux-qualcommax_ipq60xx/linux-6.6.110/arch/arm64/boot/dts/qcom/ipq6018-fap650.dts:231.5-35: Warning (reg_format): /soc@0/spi@78b5000/flash@0/partitions/partition@0:reg: property has invalid length (8 bytes) (#address-cells == 2, #size-cells == 1)
/home/baalwy/openwrt/build_dir/target-aarch64_cortex-a53_musl/linux-qualcommax_ipq60xx/linux-6.6.110/arch/arm64/boot/dts/qcom/ipq6018-fap650.dts:236.5-35: Warning (reg_format): /soc@0/spi@78b5000/flash@0/partitions/partition@c0000:reg: property has invalid length (8 bytes) (#address-cells == 2, #size-cells == 1)
/home/baalwy/openwrt/build_dir/target-aarch64_cortex-a53_musl/linux-qualcommax_ipq60xx/linux-6.6.110/arch/arm64/boot/dts/qcom/ipq6018-fap650.dts:241.5-35: Warning (reg_format): /soc@0/spi@78b5000/flash@0/partitions/partition@d0000:reg: property has invalid length (8 bytes) (#address-cells == 2, #size-cells == 1)
/home/baalwy/openwrt/build_dir/target-aarch64_cortex-a53_musl/linux-qualcommax_ipq60xx/linux-6.6.110/arch/arm64/boot/dts/qcom/ipq6018-fap650.dts:246.5-35: Warning (reg_format): /soc@0/spi@78b5000/flash@0/partitions/partition@f0000:reg: property has invalid length (8 bytes) (#address-cells == 2, #size-cells == 1)
/home/baalwy/openwrt/build_dir/target-aarch64_cortex-a53_musl/linux-qualcommax_ipq60xx/linux-6.6.110/arch/arm64/boot/dts/qcom/ipq6018-fap650.dts:251.5-35: Warning (reg_format): /soc@0/spi@78b5000/flash@0/partitions/partition@110000:reg: property has invalid length (8 bytes) (#address-cells == 2, #size-cells == 1)
/home/baalwy/openwrt/build_dir/target-aarch64_cortex-a53_musl/linux-qualcommax_ipq60xx/linux-6.6.110/arch/arm64/boot/dts/qcom/ipq6018-fap650.dts:256.5-35: Warning (reg_format): /soc@0/spi@78b5000/flash@0/partitions/partition@2b0000:reg: property has invalid length (8 bytes) (#address-cells == 2, #size-cells == 1)
/home/baalwy/openwrt/build_dir/target-aarch64_cortex-a53_musl/linux-qualcommax_ipq60xx/linux-6.6.110/arch/arm64/boot/dts/qcom/ipq6018-fap650.dts:261.5-35: Warning (reg_format): /soc@0/spi@78b5000/flash@0/partitions/partition@450000:reg: property has invalid length (8 bytes) (#address-cells == 2, #size-cells == 1)
/home/baalwy/openwrt/build_dir/target-aarch64_cortex-a53_musl/linux-qualcommax_ipq60xx/linux-6.6.110/arch/arm64/boot/dts/qcom/ipq6018-fap650.dts:266.5-35: Warning (reg_format): /soc@0/spi@78b5000/flash@0/partitions/partition@460000:reg: property has invalid length (8 bytes) (#address-cells == 2, #size-cells == 1)
/home/baalwy/openwrt/build_dir/target-aarch64_cortex-a53_musl/linux-qualcommax_ipq60xx/linux-6.6.110/arch/arm64/boot/dts/qcom/ipq6018-fap650.dts:271.5-35: Warning (reg_format): /soc@0/spi@78b5000/flash@0/partitions/partition@470000:reg: property has invalid length (8 bytes) (#address-cells == 2, #size-cells == 1)
/home/baalwy/openwrt/build_dir/target-aarch64_cortex-a53_musl/linux-qualcommax_ipq60xx/linux-6.6.110/arch/arm64/boot/dts/qcom/ipq6018-fap650.dts:276.5-35: Warning (reg_format): /soc@0/spi@78b5000/flash@0/partitions/partition@4b0000:reg: property has invalid length (8 bytes) (#address-cells == 2, #size-cells == 1)
/home/baalwy/openwrt/build_dir/target-aarch64_cortex-a53_musl/linux-qualcommax_ipq60xx/linux-6.6.110/arch/arm64/boot/dts/qcom/ipq6018-fap650.dts:281.5-35: Warning (reg_format): /soc@0/spi@78b5000/flash@0/partitions/partition@4f0000:reg: property has invalid length (8 bytes) (#address-cells == 2, #size-cells == 1)
/home/baalwy/openwrt/build_dir/target-aarch64_cortex-a53_musl/linux-qualcommax_ipq60xx/linux-6.6.110/arch/arm64/boot/dts/qcom/ipq6018-fap650.dts:286.5-35: Warning (reg_format): /soc@0/spi@78b5000/flash@0/partitions/partition@500000:reg: property has invalid length (8 bytes) (#address-cells == 2, #size-cells == 1)
/home/baalwy/openwrt/build_dir/target-aarch64_cortex-a53_musl/linux-qualcommax_ipq60xx/linux-6.6.110/arch/arm64/boot/dts/qcom/ipq6018-fap650.dts:291.5-35: Warning (reg_format): /soc@0/spi@78b5000/flash@0/partitions/partition@510000:reg: property has invalid length (8 bytes) (#address-cells == 2, #size-cells == 1)
/home/baalwy/openwrt/build_dir/target-aarch64_cortex-a53_musl/linux-qualcommax_ipq60xx/linux-6.6.110/arch/arm64/boot/dts/qcom/ipq6018-fap650.dts:296.5-35: Warning (reg_format): /soc@0/spi@78b5000/flash@0/partitions/partition@520000:reg: property has invalid length (8 bytes) (#address-cells == 2, #size-cells == 1)
/home/baalwy/openwrt/build_dir/target-aarch64_cortex-a53_musl/linux-qualcommax_ipq60xx/linux-6.6.110/arch/arm64/boot/dts/qcom/ipq6018-fap650.dts:301.5-35: Warning (reg_format): /soc@0/spi@78b5000/flash@0/partitions/partition@5c0000:reg: property has invalid length (8 bytes) (#address-cells == 2, #size-cells == 1)
/home/baalwy/openwrt/build_dir/target-aarch64_cortex-a53_musl/linux-qualcommax_ipq60xx/linux-6.6.110/arch/arm64/boot/dts/qcom/ipq6018-fap650.dts:306.5-35: Warning (reg_format): /soc@0/spi@78b5000/flash@0/partitions/partition@660000:reg: property has invalid length (8 bytes) (#address-cells == 2, #size-cells == 1)
/home/baalwy/openwrt/build_dir/target-aarch64_cortex-a53_musl/linux-qualcommax_ipq60xx/image-ipq6018-fap650.dtb: Warning (pci_device_reg): Failed prerequisite 'reg_format'
/home/baalwy/openwrt/build_dir/target-aarch64_cortex-a53_musl/linux-qualcommax_ipq60xx/image-ipq6018-fap650.dtb: Warning (pci_device_bus_num): Failed prerequisite 'reg_format'
/home/baalwy/openwrt/build_dir/target-aarch64_cortex-a53_musl/linux-qualcommax_ipq60xx/image-ipq6018-fap650.dtb: Warning (i2c_bus_reg): Failed prerequisite 'reg_format'
/home/baalwy/openwrt/build_dir/target-aarch64_cortex-a53_musl/linux-qualcommax_ipq60xx/image-ipq6018-fap650.dtb: Warning (spi_bus_reg): Failed prerequisite 'reg_format'
/home/baalwy/openwrt/build_dir/target-aarch64_cortex-a53_musl/linux-qualcommax_ipq60xx/linux-6.6.110/arch/arm64/boot/dts/qcom/ipq6018-fap650.dts:230.16-233.6: Warning (avoid_default_addr_size): /soc@0/spi@78b5000/flash@0/partitions/partition@0: Relying on default #address-cells value
/home/baalwy/openwrt/build_dir/target-aarch64_cortex-a53_musl/linux-qualcommax_ipq60xx/linux-6.6.110/arch/arm64/boot/dts/qcom/ipq6018-fap650.dts:230.16-233.6: Warning (avoid_default_addr_size): /soc@0/spi@78b5000/flash@0/partitions/partition@0: Relying on default #size-cells value
/home/baalwy/openwrt/build_dir/target-aarch64_cortex-a53_musl/linux-qualcommax_ipq60xx/linux-6.6.110/arch/arm64/boot/dts/qcom/ipq6018-fap650.dts:235.20-238.6: Warning (avoid_default_addr_size): /soc@0/spi@78b5000/flash@0/partitions/partition@c0000: Relying on default #address-cells value
/home/baalwy/openwrt/build_dir/target-aarch64_cortex-a53_musl/linux-qualcommax_ipq60xx/linux-6.6.110/arch/arm64/boot/dts/qcom/ipq6018-fap650.dts:235.20-238.6: Warning (avoid_default_addr_size): /soc@0/spi@78b5000/flash@0/partitions/partition@c0000: Relying on default #size-cells value
/home/baalwy/openwrt/build_dir/target-aarch64_cortex-a53_musl/linux-qualcommax_ipq60xx/linux-6.6.110/arch/arm64/boot/dts/qcom/ipq6018-fap650.dts:240.20-243.6: Warning (avoid_default_addr_size): /soc@0/spi@78b5000/flash@0/partitions/partition@d0000: Relying on default #address-cells value
/home/baalwy/openwrt/build_dir/target-aarch64_cortex-a53_musl/linux-qualcommax_ipq60xx/linux-6.6.110/arch/arm64/boot/dts/qcom/ipq6018-fap650.dts:240.20-243.6: Warning (avoid_default_addr_size): /soc@0/spi@78b5000/flash@0/partitions/partition@d0000: Relying on default #size-cells value
/home/baalwy/openwrt/build_dir/target-aarch64_cortex-a53_musl/linux-qualcommax_ipq60xx/linux-6.6.110/arch/arm64/boot/dts/qcom/ipq6018-fap650.dts:245.20-248.6: Warning (avoid_default_addr_size): /soc@0/spi@78b5000/flash@0/partitions/partition@f0000: Relying on default #address-cells value
/home/baalwy/openwrt/build_dir/target-aarch64_cortex-a53_musl/linux-qualcommax_ipq60xx/linux-6.6.110/arch/arm64/boot/dts/qcom/ipq6018-fap650.dts:245.20-248.6: Warning (avoid_default_addr_size): /soc@0/spi@78b5000/flash@0/partitions/partition@f0000: Relying on default #size-cells value
/home/baalwy/openwrt/build_dir/target-aarch64_cortex-a53_musl/linux-qualcommax_ipq60xx/linux-6.6.110/arch/arm64/boot/dts/qcom/ipq6018-fap650.dts:250.21-253.6: Warning (avoid_default_addr_size): /soc@0/spi@78b5000/flash@0/partitions/partition@110000: Relying on default #address-cells value
/home/baalwy/openwrt/build_dir/target-aarch64_cortex-a53_musl/linux-qualcommax_ipq60xx/linux-6.6.110/arch/arm64/boot/dts/qcom/ipq6018-fap650.dts:250.21-253.6: Warning (avoid_default_addr_size): /soc@0/spi@78b5000/flash@0/partitions/partition@110000: Relying on default #size-cells value
/home/baalwy/openwrt/build_dir/target-aarch64_cortex-a53_musl/linux-qualcommax_ipq60xx/linux-6.6.110/arch/arm64/boot/dts/qcom/ipq6018-fap650.dts:255.21-258.6: Warning (avoid_default_addr_size): /soc@0/spi@78b5000/flash@0/partitions/partition@2b0000: Relying on default #address-cells value
/home/baalwy/openwrt/build_dir/target-aarch64_cortex-a53_musl/linux-qualcommax_ipq60xx/linux-6.6.110/arch/arm64/boot/dts/qcom/ipq6018-fap650.dts:255.21-258.6: Warning (avoid_default_addr_size): /soc@0/spi@78b5000/flash@0/partitions/partition@2b0000: Relying on default #size-cells value
/home/baalwy/openwrt/build_dir/target-aarch64_cortex-a53_musl/linux-qualcommax_ipq60xx/linux-6.6.110/arch/arm64/boot/dts/qcom/ipq6018-fap650.dts:260.21-263.6: Warning (avoid_default_addr_size): /soc@0/spi@78b5000/flash@0/partitions/partition@450000: Relying on default #address-cells value
/home/baalwy/openwrt/build_dir/target-aarch64_cortex-a53_musl/linux-qualcommax_ipq60xx/linux-6.6.110/arch/arm64/boot/dts/qcom/ipq6018-fap650.dts:260.21-263.6: Warning (avoid_default_addr_size): /soc@0/spi@78b5000/flash@0/partitions/partition@450000: Relying on default #size-cells value
/home/baalwy/openwrt/build_dir/target-aarch64_cortex-a53_musl/linux-qualcommax_ipq60xx/linux-6.6.110/arch/arm64/boot/dts/qcom/ipq6018-fap650.dts:265.21-268.6: Warning (avoid_default_addr_size): /soc@0/spi@78b5000/flash@0/partitions/partition@460000: Relying on default #address-cells value
/home/baalwy/openwrt/build_dir/target-aarch64_cortex-a53_musl/linux-qualcommax_ipq60xx/linux-6.6.110/arch/arm64/boot/dts/qcom/ipq6018-fap650.dts:265.21-268.6: Warning (avoid_default_addr_size): /soc@0/spi@78b5000/flash@0/partitions/partition@460000: Relying on default #size-cells value
/home/baalwy/openwrt/build_dir/target-aarch64_cortex-a53_musl/linux-qualcommax_ipq60xx/linux-6.6.110/arch/arm64/boot/dts/qcom/ipq6018-fap650.dts:270.21-273.6: Warning (avoid_default_addr_size): /soc@0/spi@78b5000/flash@0/partitions/partition@470000: Relying on default #address-cells value
/home/baalwy/openwrt/build_dir/target-aarch64_cortex-a53_musl/linux-qualcommax_ipq60xx/linux-6.6.110/arch/arm64/boot/dts/qcom/ipq6018-fap650.dts:270.21-273.6: Warning (avoid_default_addr_size): /soc@0/spi@78b5000/flash@0/partitions/partition@470000: Relying on default #size-cells value
/home/baalwy/openwrt/build_dir/target-aarch64_cortex-a53_musl/linux-qualcommax_ipq60xx/linux-6.6.110/arch/arm64/boot/dts/qcom/ipq6018-fap650.dts:275.21-278.6: Warning (avoid_default_addr_size): /soc@0/spi@78b5000/flash@0/partitions/partition@4b0000: Relying on default #address-cells value
/home/baalwy/openwrt/build_dir/target-aarch64_cortex-a53_musl/linux-qualcommax_ipq60xx/linux-6.6.110/arch/arm64/boot/dts/qcom/ipq6018-fap650.dts:275.21-278.6: Warning (avoid_default_addr_size): /soc@0/spi@78b5000/flash@0/partitions/partition@4b0000: Relying on default #size-cells value
/home/baalwy/openwrt/build_dir/target-aarch64_cortex-a53_musl/linux-qualcommax_ipq60xx/linux-6.6.110/arch/arm64/boot/dts/qcom/ipq6018-fap650.dts:280.21-283.6: Warning (avoid_default_addr_size): /soc@0/spi@78b5000/flash@0/partitions/partition@4f0000: Relying on default #address-cells value
/home/baalwy/openwrt/build_dir/target-aarch64_cortex-a53_musl/linux-qualcommax_ipq60xx/linux-6.6.110/arch/arm64/boot/dts/qcom/ipq6018-fap650.dts:280.21-283.6: Warning (avoid_default_addr_size): /soc@0/spi@78b5000/flash@0/partitions/partition@4f0000: Relying on default #size-cells value
/home/baalwy/openwrt/build_dir/target-aarch64_cortex-a53_musl/linux-qualcommax_ipq60xx/linux-6.6.110/arch/arm64/boot/dts/qcom/ipq6018-fap650.dts:285.21-288.6: Warning (avoid_default_addr_size): /soc@0/spi@78b5000/flash@0/partitions/partition@500000: Relying on default #address-cells value
/home/baalwy/openwrt/build_dir/target-aarch64_cortex-a53_musl/linux-qualcommax_ipq60xx/linux-6.6.110/arch/arm64/boot/dts/qcom/ipq6018-fap650.dts:285.21-288.6: Warning (avoid_default_addr_size): /soc@0/spi@78b5000/flash@0/partitions/partition@500000: Relying on default #size-cells value
/home/baalwy/openwrt/build_dir/target-aarch64_cortex-a53_musl/linux-qualcommax_ipq60xx/linux-6.6.110/arch/arm64/boot/dts/qcom/ipq6018-fap650.dts:290.21-293.6: Warning (avoid_default_addr_size): /soc@0/spi@78b5000/flash@0/partitions/partition@510000: Relying on default #address-cells value
/home/baalwy/openwrt/build_dir/target-aarch64_cortex-a53_musl/linux-qualcommax_ipq60xx/linux-6.6.110/arch/arm64/boot/dts/qcom/ipq6018-fap650.dts:290.21-293.6: Warning (avoid_default_addr_size): /soc@0/spi@78b5000/flash@0/partitions/partition@510000: Relying on default #size-cells value
/home/baalwy/openwrt/build_dir/target-aarch64_cortex-a53_musl/linux-qualcommax_ipq60xx/linux-6.6.110/arch/arm64/boot/dts/qcom/ipq6018-fap650.dts:295.21-298.6: Warning (avoid_default_addr_size): /soc@0/spi@78b5000/flash@0/partitions/partition@520000: Relying on default #address-cells value
/home/baalwy/openwrt/build_dir/target-aarch64_cortex-a53_musl/linux-qualcommax_ipq60xx/linux-6.6.110/arch/arm64/boot/dts/qcom/ipq6018-fap650.dts:295.21-298.6: Warning (avoid_default_addr_size): /soc@0/spi@78b5000/flash@0/partitions/partition@520000: Relying on default #size-cells value
/home/baalwy/openwrt/build_dir/target-aarch64_cortex-a53_musl/linux-qualcommax_ipq60xx/linux-6.6.110/arch/arm64/boot/dts/qcom/ipq6018-fap650.dts:300.21-303.6: Warning (avoid_default_addr_size): /soc@0/spi@78b5000/flash@0/partitions/partition@5c0000: Relying on default #address-cells value
/home/baalwy/openwrt/build_dir/target-aarch64_cortex-a53_musl/linux-qualcommax_ipq60xx/linux-6.6.110/arch/arm64/boot/dts/qcom/ipq6018-fap650.dts:300.21-303.6: Warning (avoid_default_addr_size): /soc@0/spi@78b5000/flash@0/partitions/partition@5c0000: Relying on default #size-cells value
/home/baalwy/openwrt/build_dir/target-aarch64_cortex-a53_musl/linux-qualcommax_ipq60xx/linux-6.6.110/arch/arm64/boot/dts/qcom/ipq6018-fap650.dts:305.21-308.6: Warning (avoid_default_addr_size): /soc@0/spi@78b5000/flash@0/partitions/partition@660000: Relying on default #address-cells value
/home/baalwy/openwrt/build_dir/target-aarch64_cortex-a53_musl/linux-qualcommax_ipq60xx/linux-6.6.110/arch/arm64/boot/dts/qcom/ipq6018-fap650.dts:305.21-308.6: Warning (avoid_default_addr_size): /soc@0/spi@78b5000/flash@0/partitions/partition@660000: Relying on default #size-cells value
rm -f /home/baalwy/openwrt/build_dir/target-aarch64_cortex-a53_musl/linux-qualcommax_ipq60xx/image-ipq6018-fap650.dtb.tmp
mkdir -p /home/baalwy/openwrt/bin/targets/qualcommax/ipq60xx /home/baalwy/openwrt/build_dir/target-aarch64_cortex-a53_musl/linux-qualcommax_ipq60xx/tmp
rm -rf /home/baalwy/openwrt/build_dir/target-aarch64_cortex-a53_musl/json_info_files
/home/baalwy/openwrt/staging_dir/host/bin/mksquashfs4 /home/baalwy/openwrt/build_dir/target-aarch64_cortex-a53_musl/root-qualcommax /home/baalwy/openwrt/build_dir/target-aarch64_cortex-a53_musl/linux-qualcommax_ipq60xx/root.squashfs -nopad -noappend -root-owned -comp xz -Xpreset 9 -Xe -Xlc 0 -Xlp 2 -Xpb 2  -b 256k -p '/dev d 755 0 0' -p '/dev/console c 600 0 0 5 1' -no-xattrs
Pseudo file "dev" exists in source filesystem "/home/baalwy/openwrt/build_dir/target-aarch64_cortex-a53_musl/root-qualcommax/dev".
Ignoring, exclude it (-e/-ef) to override.
Parallel mksquashfs: Using 12 processors
Creating 4.0 filesystem on /home/baalwy/openwrt/build_dir/target-aarch64_cortex-a53_musl/linux-qualcommax_ipq60xx/root.squashfs, block size 262144.
[|                                                             ]    0/1836   0%[=====================================================/        ] 1600/1836  87%[=============================================================/] 1836/1836 100%

Exportable Squashfs 4.0 filesystem, xz compressed, data block size 262144
	compressed data, compressed metadata, compressed fragments,
	no xattrs, compressed ids
	duplicates are removed
Filesystem size 11285.20 Kbytes (11.02 Mbytes)
	25.45% of uncompressed filesystem size (44345.60 Kbytes)
Inode table size 15225 bytes (14.87 Kbytes)
	20.63% of uncompressed inode table size (73817 bytes)
Directory table size 21150 bytes (20.65 Kbytes)
	42.93% of uncompressed directory table size (49270 bytes)
Number of duplicate files found 269
Number of inodes 2225
Number of files 1767
Number of fragments 101
Number of symbolic links 298
Number of device nodes 1
Number of fifo nodes 0
Number of socket nodes 0
Number of directories 159
Number of hard-links 0
Number of ids (unique uids + gids) 1
Number of uids 1
	root (0)
Number of gids 1
	root (0)
rm -f /home/baalwy/openwrt/build_dir/target-aarch64_cortex-a53_musl/linux-qualcommax_ipq60xx/tmp/openwrt-qualcommax-ipq60xx-kt_dv02-012h-initramfs-uImage.itb
cp /home/baalwy/openwrt/build_dir/target-aarch64_cortex-a53_musl/linux-qualcommax_ipq60xx/Image-initramfs /home/baalwy/openwrt/build_dir/target-aarch64_cortex-a53_musl/linux-qualcommax_ipq60xx/tmp/openwrt-qualcommax-ipq60xx-kt_dv02-012h-initramfs-uImage.itb
/home/baalwy/openwrt/staging_dir/host/bin/libdeflate-gzip -f -12 -c /home/baalwy/openwrt/build_dir/target-aarch64_cortex-a53_musl/linux-qualcommax_ipq60xx/tmp/openwrt-qualcommax-ipq60xx-kt_dv02-012h-initramfs-uImage.itb  > /home/baalwy/openwrt/build_dir/target-aarch64_cortex-a53_musl/linux-qualcommax_ipq60xx/tmp/openwrt-qualcommax-ipq60xx-kt_dv02-012h-initramfs-uImage.itb.new
SHELL= flock /home/baalwy/openwrt/tmp/.gen-cpio.flock -c '/home/baalwy/openwrt/scripts/mkits.sh -D kt_dv02-012h -o /home/baalwy/openwrt/build_dir/target-aarch64_cortex-a53_musl/linux-qualcommax_ipq60xx/tmp/openwrt-qualcommax-ipq60xx-kt_dv02-012h-initramfs-uImage.itb.its -k /home/baalwy/openwrt/build_dir/target-aarch64_cortex-a53_musl/linux-qualcommax_ipq60xx/tmp/openwrt-qualcommax-ipq60xx-kt_dv02-012h-initramfs-uImage.itb -C gzip   -d /home/baalwy/openwrt/build_dir/target-aarch64_cortex-a53_musl/linux-qualcommax_ipq60xx/image-ipq6000-kt-dv02-012h.dtb   -a 0x41000000 -e 0x41000000     -c config@cp03-c1 -A arm64 -v 6.6.110'
PATH=/home/baalwy/openwrt/build_dir/target-aarch64_cortex-a53_musl/linux-qualcommax_ipq60xx/linux-6.6.110/scripts/dtc:/home/baalwy/openwrt/staging_dir/toolchain-aarch64_cortex-a53_gcc-13.3.0_musl/bin:/home/baalwy/openwrt/staging_dir/toolchain-aarch64_cortex-a53_gcc-13.3.0_musl/bin:/home/baalwy/openwrt/staging_dir/toolchain-aarch64_cortex-a53_gcc-13.3.0_musl/bin:/home/baalwy/openwrt/staging_dir/toolchain-aarch64_cortex-a53_gcc-13.3.0_musl/bin:/home/baalwy/openwrt/staging_dir/host/bin:/home/baalwy/openwrt/staging_dir/host/bin:/home/baalwy/.antigravity-server/bin/1.23.2-15487b3041e65228cae24980a3f796c905ef582c/bin/remote-cli:/home/baalwy/.local/bin:/usr/local/sbin:/usr/local/bin:/usr/sbin:/usr/bin:/sbin:/bin:/usr/games:/usr/local/games:/snap/bin:/home/baalwy/.antigravity-server/extensions/ms-python.debugpy-2026.6.0-linux-x64/bundled/scripts/noConfigScripts mkimage  -f /home/baalwy/openwrt/build_dir/target-aarch64_cortex-a53_musl/linux-qualcommax_ipq60xx/tmp/openwrt-qualcommax-ipq60xx-kt_dv02-012h-initramfs-uImage.itb.its /home/baalwy/openwrt/build_dir/target-aarch64_cortex-a53_musl/linux-qualcommax_ipq60xx/tmp/openwrt-qualcommax-ipq60xx-kt_dv02-012h-initramfs-uImage.itb.new
/home/baalwy/openwrt/build_dir/target-aarch64_cortex-a53_musl/linux-qualcommax_ipq60xx/tmp/openwrt-qualcommax-ipq60xx-kt_dv02-012h-initramfs-uImage.itb.its:48.18-55.5: Warning (unit_address_vs_reg): /configurations/config@cp03-c1: node has a unit name, but no reg or ranges property
FIT description: ARM64 OpenWrt FIT (Flattened Image Tree)
Created:         Sun Oct 19 16:37:45 2025
 Image 0 (kernel-1)
  Description:  ARM64 OpenWrt Linux-6.6.110
  Created:      Sun Oct 19 16:37:45 2025
  Type:         Kernel Image
  Compression:  gzip compressed
  Data Size:    17501523 Bytes = 17091.33 KiB = 16.69 MiB
  Architecture: AArch64
  OS:           Linux
  Load Address: 0x41000000
  Entry Point:  0x41000000
  Hash algo:    crc32
  Hash value:   ebed3c0b
  Hash algo:    sha1
  Hash value:   ef30628d8e3c9c7de3aacff9354c4c20730e87c0
 Image 1 (fdt-1)
  Description:  ARM64 OpenWrt kt_dv02-012h device tree blob
  Created:      Sun Oct 19 16:37:45 2025
  Type:         Flat Device Tree
  Compression:  uncompressed
  Data Size:    35125 Bytes = 34.30 KiB = 0.03 MiB
  Architecture: AArch64
  Hash algo:    crc32
  Hash value:   c99c7c4e
  Hash algo:    sha1
  Hash value:   9b664392edb3b192c790a5773219c4591e819cdb
 Default Configuration: 'config@cp03-c1'
 Configuration 0 (config@cp03-c1)
  Description:  OpenWrt kt_dv02-012h
  Kernel:       kernel-1
  FDT:          fdt-1
cp /home/baalwy/openwrt/build_dir/target-aarch64_cortex-a53_musl/linux-qualcommax_ipq60xx/tmp/openwrt-qualcommax-ipq60xx-kt_dv02-012h-initramfs-uImage.itb /home/baalwy/openwrt/bin/targets/qualcommax/ipq60xx/openwrt-qualcommax-ipq60xx-kt_dv02-012h-initramfs-uImage.itb
DEVICE_ID="kt_dv02-012h" SOURCE_DATE_EPOCH=1760891865 FILE_NAME="openwrt-qualcommax-ipq60xx-kt_dv02-012h-initramfs-uImage.itb" FILE_DIR="/home/baalwy/openwrt/build_dir/target-aarch64_cortex-a53_musl/linux-qualcommax_ipq60xx/tmp" FILE_TYPE="kernel" FILE_FILESYSTEM="initramfs" DEVICE_IMG_PREFIX="openwrt-qualcommax-ipq60xx-kt_dv02-012h" DEVICE_VENDOR="KT" DEVICE_MODEL="DV02-012H" DEVICE_VARIANT="" DEVICE_ALT0_VENDOR="" DEVICE_ALT0_MODEL="" DEVICE_ALT0_VARIANT="" DEVICE_ALT1_VENDOR="" DEVICE_ALT1_MODEL="" DEVICE_ALT1_VARIANT="" DEVICE_ALT2_VENDOR="" DEVICE_ALT2_MODEL="" DEVICE_ALT2_VARIANT="" DEVICE_ALT3_VENDOR="" DEVICE_ALT3_MODEL="" DEVICE_ALT3_VARIANT="" DEVICE_ALT4_VENDOR="" DEVICE_ALT4_MODEL="" DEVICE_ALT4_VARIANT="" DEVICE_ALT5_VENDOR="" DEVICE_ALT5_MODEL="" DEVICE_ALT5_VARIANT="" DEVICE_TITLE="KT DV02-012H" DEVICE_PACKAGES="ipq-wifi-kt_dv02-012h kmod-usb3 kmod-usb-dwc3 kmod-usb-dwc3-qcom kmod-usb-storage kmod-ath11k-ahb kmod-gpio-button-hotplug" TARGET="qualcommax" SUBTARGET="ipq60xx" VERSION_NUMBER="24.10.4" VERSION_CODE="r28959-29397011cc" SUPPORTED_DEVICES="kt,dv02-012h" /home/baalwy/openwrt/scripts/json_add_image_info.py /home/baalwy/openwrt/build_dir/target-aarch64_cortex-a53_musl/json_info_files/openwrt-qualcommax-ipq60xx-kt_dv02-012h-initramfs-uImage.itb.json
rm -f /home/baalwy/openwrt/build_dir/target-aarch64_cortex-a53_musl/linux-qualcommax_ipq60xx/kt_dv02-012h-uImage.itb
cp /home/baalwy/openwrt/build_dir/target-aarch64_cortex-a53_musl/linux-qualcommax_ipq60xx/Image /home/baalwy/openwrt/build_dir/target-aarch64_cortex-a53_musl/linux-qualcommax_ipq60xx/kt_dv02-012h-uImage.itb
/home/baalwy/openwrt/staging_dir/host/bin/libdeflate-gzip -f -12 -c /home/baalwy/openwrt/build_dir/target-aarch64_cortex-a53_musl/linux-qualcommax_ipq60xx/kt_dv02-012h-uImage.itb  > /home/baalwy/openwrt/build_dir/target-aarch64_cortex-a53_musl/linux-qualcommax_ipq60xx/kt_dv02-012h-uImage.itb.new
SHELL= flock /home/baalwy/openwrt/tmp/.gen-cpio.flock -c '/home/baalwy/openwrt/scripts/mkits.sh -D kt_dv02-012h -o /home/baalwy/openwrt/build_dir/target-aarch64_cortex-a53_musl/linux-qualcommax_ipq60xx/kt_dv02-012h-uImage.itb.its -k /home/baalwy/openwrt/build_dir/target-aarch64_cortex-a53_musl/linux-qualcommax_ipq60xx/kt_dv02-012h-uImage.itb -C gzip   -d /home/baalwy/openwrt/build_dir/target-aarch64_cortex-a53_musl/linux-qualcommax_ipq60xx/image-ipq6000-kt-dv02-012h.dtb   -a 0x41000000 -e 0x41000000     -c config@cp03-c1 -A arm64 -v 6.6.110'
PATH=/home/baalwy/openwrt/build_dir/target-aarch64_cortex-a53_musl/linux-qualcommax_ipq60xx/linux-6.6.110/scripts/dtc:/home/baalwy/openwrt/staging_dir/toolchain-aarch64_cortex-a53_gcc-13.3.0_musl/bin:/home/baalwy/openwrt/staging_dir/toolchain-aarch64_cortex-a53_gcc-13.3.0_musl/bin:/home/baalwy/openwrt/staging_dir/toolchain-aarch64_cortex-a53_gcc-13.3.0_musl/bin:/home/baalwy/openwrt/staging_dir/toolchain-aarch64_cortex-a53_gcc-13.3.0_musl/bin:/home/baalwy/openwrt/staging_dir/host/bin:/home/baalwy/openwrt/staging_dir/host/bin:/home/baalwy/.antigravity-server/bin/1.23.2-15487b3041e65228cae24980a3f796c905ef582c/bin/remote-cli:/home/baalwy/.local/bin:/usr/local/sbin:/usr/local/bin:/usr/sbin:/usr/bin:/sbin:/bin:/usr/games:/usr/local/games:/snap/bin:/home/baalwy/.antigravity-server/extensions/ms-python.debugpy-2026.6.0-linux-x64/bundled/scripts/noConfigScripts mkimage  -f /home/baalwy/openwrt/build_dir/target-aarch64_cortex-a53_musl/linux-qualcommax_ipq60xx/kt_dv02-012h-uImage.itb.its /home/baalwy/openwrt/build_dir/target-aarch64_cortex-a53_musl/linux-qualcommax_ipq60xx/kt_dv02-012h-uImage.itb.new
/home/baalwy/openwrt/build_dir/target-aarch64_cortex-a53_musl/linux-qualcommax_ipq60xx/kt_dv02-012h-uImage.itb.its:48.18-55.5: Warning (unit_address_vs_reg): /configurations/config@cp03-c1: node has a unit name, but no reg or ranges property
FIT description: ARM64 OpenWrt FIT (Flattened Image Tree)
Created:         Sun Oct 19 16:37:45 2025
 Image 0 (kernel-1)
  Description:  ARM64 OpenWrt Linux-6.6.110
  Created:      Sun Oct 19 16:37:45 2025
  Type:         Kernel Image
  Compression:  gzip compressed
  Data Size:    5220065 Bytes = 5097.72 KiB = 4.98 MiB
  Architecture: AArch64
  OS:           Linux
  Load Address: 0x41000000
  Entry Point:  0x41000000
  Hash algo:    crc32
  Hash value:   ce18b9a3
  Hash algo:    sha1
  Hash value:   d072444f71b95048fa649550db598a7885e4b478
 Image 1 (fdt-1)
  Description:  ARM64 OpenWrt kt_dv02-012h device tree blob
  Created:      Sun Oct 19 16:37:45 2025
  Type:         Flat Device Tree
  Compression:  uncompressed
  Data Size:    35125 Bytes = 34.30 KiB = 0.03 MiB
  Architecture: AArch64
  Hash algo:    crc32
  Hash value:   c99c7c4e
  Hash algo:    sha1
  Hash value:   9b664392edb3b192c790a5773219c4591e819cdb
 Default Configuration: 'config@cp03-c1'
 Configuration 0 (config@cp03-c1)
  Description:  OpenWrt kt_dv02-012h
  Kernel:       kernel-1
  FDT:          fdt-1
[ -f /home/baalwy/openwrt/build_dir/target-aarch64_cortex-a53_musl/linux-qualcommax_ipq60xx/kt_dv02-012h-uImage.itb -a -f /home/baalwy/openwrt/build_dir/target-aarch64_cortex-a53_musl/linux-qualcommax_ipq60xx/root.squashfs ]
sh /home/baalwy/openwrt/scripts/sysupgrade-tar.sh --board kt_dv02-012h --kernel /home/baalwy/openwrt/build_dir/target-aarch64_cortex-a53_musl/linux-qualcommax_ipq60xx/kt_dv02-012h-uImage.itb --rootfs /home/baalwy/openwrt/build_dir/target-aarch64_cortex-a53_musl/linux-qualcommax_ipq60xx/root.squashfs /home/baalwy/openwrt/build_dir/target-aarch64_cortex-a53_musl/linux-qualcommax_ipq60xx/tmp/openwrt-qualcommax-ipq60xx-kt_dv02-012h-squashfs-sysupgrade.bin
11285+1 records in
11286+0 records out
11556864 bytes (12 MB, 11 MiB) copied, 0.0200334 s, 577 MB/s
tar: Option --mtime: Treating date '@1760891865' as 2025-10-19 16:37:45
sysupgrade-kt_dv02-012h/
sysupgrade-kt_dv02-012h/CONTROL
sysupgrade-kt_dv02-012h/kernel
sysupgrade-kt_dv02-012h/root
echo '{  "metadata_version": "1.1", "compat_version": "1.0",   "supported_devices":["kt,dv02-012h"], "version": { "dist": "OpenWrt", "version": "24.10.4", "revision": "r28959-29397011cc", "target": "qualcommax/ipq60xx", "board": "kt_dv02-012h" } }' | fwtool -I - /home/baalwy/openwrt/build_dir/target-aarch64_cortex-a53_musl/linux-qualcommax_ipq60xx/tmp/openwrt-qualcommax-ipq60xx-kt_dv02-012h-squashfs-sysupgrade.bin
sha256sum "/home/baalwy/openwrt/build_dir/target-aarch64_cortex-a53_musl/linux-qualcommax_ipq60xx/tmp/openwrt-qualcommax-ipq60xx-kt_dv02-012h-squashfs-sysupgrade.bin" | cut -d" " -f1 > "/home/baalwy/openwrt/build_dir/target-aarch64_cortex-a53_musl/linux-qualcommax_ipq60xx/tmp/openwrt-qualcommax-ipq60xx-kt_dv02-012h-squashfs-sysupgrade.bin.sha256sum"
[ ! -s "/home/baalwy/openwrt/key-build" -o ! -s "/home/baalwy/openwrt/key-build.ucert" -o ! -s "/home/baalwy/openwrt/build_dir/target-aarch64_cortex-a53_musl/linux-qualcommax_ipq60xx/tmp/openwrt-qualcommax-ipq60xx-kt_dv02-012h-squashfs-sysupgrade.bin" ] || { cp "/home/baalwy/openwrt/key-build.ucert" "/home/baalwy/openwrt/build_dir/target-aarch64_cortex-a53_musl/linux-qualcommax_ipq60xx/tmp/openwrt-qualcommax-ipq60xx-kt_dv02-012h-squashfs-sysupgrade.bin.ucert" ; usign -S -m "/home/baalwy/openwrt/build_dir/target-aarch64_cortex-a53_musl/linux-qualcommax_ipq60xx/tmp/openwrt-qualcommax-ipq60xx-kt_dv02-012h-squashfs-sysupgrade.bin" -s "/home/baalwy/openwrt/key-build" -x "/home/baalwy/openwrt/build_dir/target-aarch64_cortex-a53_musl/linux-qualcommax_ipq60xx/tmp/openwrt-qualcommax-ipq60xx-kt_dv02-012h-squashfs-sysupgrade.bin.sig" ; ucert -A -c "/home/baalwy/openwrt/build_dir/target-aarch64_cortex-a53_musl/linux-qualcommax_ipq60xx/tmp/openwrt-qualcommax-ipq60xx-kt_dv02-012h-squashfs-sysupgrade.bin.ucert" -x "/home/baalwy/openwrt/build_dir/target-aarch64_cortex-a53_musl/linux-qualcommax_ipq60xx/tmp/openwrt-qualcommax-ipq60xx-kt_dv02-012h-squashfs-sysupgrade.bin.sig" ; fwtool -S "/home/baalwy/openwrt/build_dir/target-aarch64_cortex-a53_musl/linux-qualcommax_ipq60xx/tmp/openwrt-qualcommax-ipq60xx-kt_dv02-012h-squashfs-sysupgrade.bin.ucert" "/home/baalwy/openwrt/build_dir/target-aarch64_cortex-a53_musl/linux-qualcommax_ipq60xx/tmp/openwrt-qualcommax-ipq60xx-kt_dv02-012h-squashfs-sysupgrade.bin" ; }
cp /home/baalwy/openwrt/build_dir/target-aarch64_cortex-a53_musl/linux-qualcommax_ipq60xx/tmp/openwrt-qualcommax-ipq60xx-kt_dv02-012h-squashfs-sysupgrade.bin /home/baalwy/openwrt/bin/targets/qualcommax/ipq60xx/openwrt-qualcommax-ipq60xx-kt_dv02-012h-squashfs-sysupgrade.bin
DEVICE_ID="kt_dv02-012h" SOURCE_DATE_EPOCH=1760891865 FILE_NAME="openwrt-qualcommax-ipq60xx-kt_dv02-012h-squashfs-sysupgrade.bin" FILE_DIR="/home/baalwy/openwrt/build_dir/target-aarch64_cortex-a53_musl/linux-qualcommax_ipq60xx/tmp" FILE_TYPE=sysupgrade FILE_FILESYSTEM="squashfs" DEVICE_IMG_PREFIX="openwrt-qualcommax-ipq60xx-kt_dv02-012h" DEVICE_VENDOR="KT" DEVICE_MODEL="DV02-012H" DEVICE_VARIANT="" DEVICE_ALT0_VENDOR="" DEVICE_ALT0_MODEL="" DEVICE_ALT0_VARIANT="" DEVICE_ALT1_VENDOR="" DEVICE_ALT1_MODEL="" DEVICE_ALT1_VARIANT="" DEVICE_ALT2_VENDOR="" DEVICE_ALT2_MODEL="" DEVICE_ALT2_VARIANT="" DEVICE_ALT3_VENDOR="" DEVICE_ALT3_MODEL="" DEVICE_ALT3_VARIANT="" DEVICE_ALT4_VENDOR="" DEVICE_ALT4_MODEL="" DEVICE_ALT4_VARIANT="" DEVICE_ALT5_VENDOR="" DEVICE_ALT5_MODEL="" DEVICE_ALT5_VARIANT="" DEVICE_TITLE="KT DV02-012H" DEVICE_PACKAGES="ipq-wifi-kt_dv02-012h kmod-usb3 kmod-usb-dwc3 kmod-usb-dwc3-qcom kmod-usb-storage kmod-ath11k-ahb kmod-gpio-button-hotplug" TARGET="qualcommax" SUBTARGET="ipq60xx" VERSION_NUMBER="24.10.4" VERSION_CODE="r28959-29397011cc" SUPPORTED_DEVICES="kt,dv02-012h" /home/baalwy/openwrt/scripts/json_add_image_info.py /home/baalwy/openwrt/build_dir/target-aarch64_cortex-a53_musl/json_info_files/openwrt-qualcommax-ipq60xx-kt_dv02-012h-squashfs-sysupgrade.bin.json
[ -f /home/baalwy/openwrt/build_dir/target-aarch64_cortex-a53_musl/linux-qualcommax_ipq60xx/kt_dv02-012h-uImage.itb -a -f /home/baalwy/openwrt/build_dir/target-aarch64_cortex-a53_musl/linux-qualcommax_ipq60xx/root.squashfs ]
sh /home/baalwy/openwrt/scripts/ubinize-image.sh  --kernel /home/baalwy/openwrt/build_dir/target-aarch64_cortex-a53_musl/linux-qualcommax_ipq60xx/kt_dv02-012h-uImage.itb  --rootfs /home/baalwy/openwrt/build_dir/target-aarch64_cortex-a53_musl/linux-qualcommax_ipq60xx/root.squashfs /home/baalwy/openwrt/build_dir/target-aarch64_cortex-a53_musl/linux-qualcommax_ipq60xx/tmp/openwrt-qualcommax-ipq60xx-kt_dv02-012h-squashfs-factory.ubi.tmp -p 128KiB -m 2048   
[kernel]
mode=ubi
vol_id=0
vol_type=dynamic
vol_name=kernel
image=/home/baalwy/openwrt/build_dir/target-aarch64_cortex-a53_musl/linux-qualcommax_ipq60xx/kt_dv02-012h-uImage.itb
[rootfs]
mode=ubi
vol_id=1
vol_type=dynamic
vol_name=rootfs
image=/home/baalwy/openwrt/build_dir/target-aarch64_cortex-a53_musl/linux-qualcommax_ipq60xx/root.squashfs
vol_size=11556864
[rootfs_data]
mode=ubi
vol_id=2
vol_type=dynamic
vol_name=rootfs_data
vol_size=1MiB
vol_flags=autoresize
ubinize: volume size was not specified in section "kernel", assume minimum to fit image "/home/baalwy/openwrt/build_dir/target-aarch64_cortex-a53_musl/linux-qualcommax_ipq60xx/kt_dv02-012h-uImage.itb"5257100 bytes (5.0 MiB)
cat /home/baalwy/openwrt/build_dir/target-aarch64_cortex-a53_musl/linux-qualcommax_ipq60xx/tmp/openwrt-qualcommax-ipq60xx-kt_dv02-012h-squashfs-factory.ubi.tmp >> /home/baalwy/openwrt/build_dir/target-aarch64_cortex-a53_musl/linux-qualcommax_ipq60xx/tmp/openwrt-qualcommax-ipq60xx-kt_dv02-012h-squashfs-factory.ubi
rm /home/baalwy/openwrt/build_dir/target-aarch64_cortex-a53_musl/linux-qualcommax_ipq60xx/tmp/openwrt-qualcommax-ipq60xx-kt_dv02-012h-squashfs-factory.ubi.tmp
cp /home/baalwy/openwrt/build_dir/target-aarch64_cortex-a53_musl/linux-qualcommax_ipq60xx/tmp/openwrt-qualcommax-ipq60xx-kt_dv02-012h-squashfs-factory.ubi /home/baalwy/openwrt/bin/targets/qualcommax/ipq60xx/openwrt-qualcommax-ipq60xx-kt_dv02-012h-squashfs-factory.ubi
DEVICE_ID="kt_dv02-012h" SOURCE_DATE_EPOCH=1760891865 FILE_NAME="openwrt-qualcommax-ipq60xx-kt_dv02-012h-squashfs-factory.ubi" FILE_DIR="/home/baalwy/openwrt/build_dir/target-aarch64_cortex-a53_musl/linux-qualcommax_ipq60xx/tmp" FILE_TYPE=factory FILE_FILESYSTEM="squashfs" DEVICE_IMG_PREFIX="openwrt-qualcommax-ipq60xx-kt_dv02-012h" DEVICE_VENDOR="KT" DEVICE_MODEL="DV02-012H" DEVICE_VARIANT="" DEVICE_ALT0_VENDOR="" DEVICE_ALT0_MODEL="" DEVICE_ALT0_VARIANT="" DEVICE_ALT1_VENDOR="" DEVICE_ALT1_MODEL="" DEVICE_ALT1_VARIANT="" DEVICE_ALT2_VENDOR="" DEVICE_ALT2_MODEL="" DEVICE_ALT2_VARIANT="" DEVICE_ALT3_VENDOR="" DEVICE_ALT3_MODEL="" DEVICE_ALT3_VARIANT="" DEVICE_ALT4_VENDOR="" DEVICE_ALT4_MODEL="" DEVICE_ALT4_VARIANT="" DEVICE_ALT5_VENDOR="" DEVICE_ALT5_MODEL="" DEVICE_ALT5_VARIANT="" DEVICE_TITLE="KT DV02-012H" DEVICE_PACKAGES="ipq-wifi-kt_dv02-012h kmod-usb3 kmod-usb-dwc3 kmod-usb-dwc3-qcom kmod-usb-storage kmod-ath11k-ahb kmod-gpio-button-hotplug" TARGET="qualcommax" SUBTARGET="ipq60xx" VERSION_NUMBER="24.10.4" VERSION_CODE="r28959-29397011cc" SUPPORTED_DEVICES="kt,dv02-012h" /home/baalwy/openwrt/scripts/json_add_image_info.py /home/baalwy/openwrt/build_dir/target-aarch64_cortex-a53_musl/json_info_files/openwrt-qualcommax-ipq60xx-kt_dv02-012h-squashfs-factory.ubi.json
IPKG_NO_SCRIPT=1 IPKG_INSTROOT=/home/baalwy/openwrt/build_dir/target-aarch64_cortex-a53_musl/root.orig-qualcommax TMPDIR=/home/baalwy/openwrt/build_dir/target-aarch64_cortex-a53_musl/root.orig-qualcommax/tmp /home/baalwy/openwrt/staging_dir/host/bin/opkg --offline-root /home/baalwy/openwrt/build_dir/target-aarch64_cortex-a53_musl/root.orig-qualcommax --force-postinstall --add-dest root:/ --add-arch all:100 --add-arch aarch64_cortex-a53:200 list-installed > /home/baalwy/openwrt/bin/targets/qualcommax/ipq60xx/openwrt-qualcommax-ipq60xx-kt_dv02-012h.manifest 
make[4]: Leaving directory '/home/baalwy/openwrt/target/linux/qualcommax/image'
make[3]: Leaving directory '/home/baalwy/openwrt/target/linux/qualcommax'
make[2]: Leaving directory '/home/baalwy/openwrt/target/linux'
time: target/linux/install#57.91#7.48#46.27
make[1]: Leaving directory '/home/baalwy/openwrt'
