make[2]: Entering directory '/home/galal/openwrt/scripts/config'
make[2]: 'conf' is up to date.
make[2]: Leaving directory '/home/galal/openwrt/scripts/config'
make[1]: Entering directory '/home/galal/openwrt'
+ mkdir -p /home/galal/openwrt/staging_dir/target-aarch64_cortex-a53_musl
+ cd /home/galal/openwrt/staging_dir/target-aarch64_cortex-a53_musl
+ mkdir -p bin lib stamp usr/include usr/lib
mkdir -p /home/galal/openwrt/build_dir/target-aarch64_cortex-a53_musl/stamp
touch /home/galal/openwrt/staging_dir/target-aarch64_cortex-a53_musl/.prepared
make[2]: Entering directory '/home/galal/openwrt/feeds/luci/modules/luci-base'
make[2]: Entering directory '/home/galal/openwrt/package/utils/lua'
make[2]: Entering directory '/home/galal/openwrt/feeds/luci/contrib/package/csstidy'
make[2]: Entering directory '/home/galal/openwrt/package/libs/toolchain'
make[2]: Entering directory '/home/galal/openwrt/package/kernel/gpio-button-hotplug'
echo "libc" >> /home/galal/openwrt/staging_dir/target-aarch64_cortex-a53_musl/pkginfo/toolchain.default.install
echo "libgcc" >> /home/galal/openwrt/staging_dir/target-aarch64_cortex-a53_musl/pkginfo/toolchain.default.install
echo "libatomic" >> /home/galal/openwrt/staging_dir/target-aarch64_cortex-a53_musl/pkginfo/toolchain.default.install
echo "libpthread" >> /home/galal/openwrt/staging_dir/target-aarch64_cortex-a53_musl/pkginfo/toolchain.default.install
echo "kmod-gpio-button-hotplug" >> /home/galal/openwrt/staging_dir/target-aarch64_cortex-a53_musl/pkginfo/gpio-button-hotplug.default.install
echo "librt" >> /home/galal/openwrt/staging_dir/target-aarch64_cortex-a53_musl/pkginfo/toolchain.default.install
make[2]: Leaving directory '/home/galal/openwrt/package/kernel/gpio-button-hotplug'
make[2]: Leaving directory '/home/galal/openwrt/package/libs/toolchain'
time: package/kernel/gpio-button-hotplug/compile#0.15#0.03#0.18
time: package/libs/toolchain/compile#0.16#0.02#0.18
make[2]: Entering directory '/home/galal/openwrt/package/utils/lua'
make[2]: Entering directory '/home/galal/openwrt/package/libs/libjson-c'
make[2]: Entering directory '/home/galal/openwrt/package/firmware/linux-firmware'
make[2]: Entering directory '/home/galal/openwrt/package/libs/libnl-tiny'
make[2]: Entering directory '/home/galal/openwrt/package/libs/libmnl'
make[2]: Entering directory '/home/galal/openwrt/package/libs/libmd'
make[2]: Entering directory '/home/galal/openwrt/package/libs/mbedtls'
make[2]: Leaving directory '/home/galal/openwrt/feeds/luci/contrib/package/csstidy'
time: package/feeds/luci/csstidy/host-compile#0.17#0.05#0.24
make[2]: Leaving directory '/home/galal/openwrt/package/utils/lua'
time: package/utils/lua/host-compile#0.18#0.05#0.25
echo "libnl-tiny" >> /home/galal/openwrt/staging_dir/target-aarch64_cortex-a53_musl/pkginfo/libnl-tiny.default.install
make[2]: Leaving directory '/home/galal/openwrt/package/libs/libnl-tiny'
time: package/libs/libnl-tiny/compile#0.15#0.04#0.23
make[2]: Leaving directory '/home/galal/openwrt/package/libs/libmd'
time: package/libs/libmd/compile#0.16#0.05#0.25
echo "libjson-c" >> /home/galal/openwrt/staging_dir/target-aarch64_cortex-a53_musl/pkginfo/libjson-c.default.install
make[2]: Leaving directory '/home/galal/openwrt/package/libs/libjson-c'
time: package/libs/libjson-c/compile#0.20#0.06#0.27
echo "libmnl" >> /home/galal/openwrt/staging_dir/target-aarch64_cortex-a53_musl/pkginfo/libmnl.default.install
make[2]: Leaving directory '/home/galal/openwrt/package/libs/libmnl'
time: package/libs/libmnl/compile#0.24#0.02#0.27
echo "libmbedtls" >> /home/galal/openwrt/staging_dir/target-aarch64_cortex-a53_musl/pkginfo/mbedtls.default.install
make[2]: Leaving directory '/home/galal/openwrt/package/libs/mbedtls'
time: package/libs/mbedtls/compile#0.20#0.04#0.26
echo "liblua" >> /home/galal/openwrt/staging_dir/target-aarch64_cortex-a53_musl/pkginfo/lua.default.install
make[2]: Entering directory '/home/galal/openwrt/package/libs/libnftnl'
echo "lua" >> /home/galal/openwrt/staging_dir/target-aarch64_cortex-a53_musl/pkginfo/lua.default.install
make[2]: Leaving directory '/home/galal/openwrt/package/utils/lua'
time: package/utils/lua/compile#0.21#0.06#0.29
make[2]: Entering directory '/home/galal/openwrt/package/libs/libubox'
make[2]: Nothing to be done for 'compile'.
make[2]: Leaving directory '/home/galal/openwrt/package/firmware/linux-firmware'
time: package/firmware/linux-firmware/compile#0.23#0.03#0.30
make[2]: Entering directory '/home/galal/openwrt/package/kernel/linux'
[ ! -d ./src/ ] || cp -fpR ./src/* /home/galal/openwrt/build_dir/hostpkg/luci-base
echo "libnftnl" >> /home/galal/openwrt/staging_dir/target-aarch64_cortex-a53_musl/pkginfo/libnftnl.default.install
touch /home/galal/openwrt/build_dir/hostpkg/luci-base/.preparedd0d33559d886f9f14b93a15ea1af0bda_6664517399ebbbc92a37c5bb081b5c53
make[2]: Leaving directory '/home/galal/openwrt/package/libs/libnftnl'
time: package/libs/libnftnl/compile#0.12#0.03#0.13
touch /home/galal/openwrt/build_dir/hostpkg/luci-base/.configured
make -C src/ clean po2lmo jsmin
make[3]: Entering directory '/home/galal/openwrt/feeds/luci/modules/luci-base/src'
rm -f contrib/lemon lib/*.o lib/plural_formula.c lib/plural_formula.h core.so version.uc
cc -std=gnu17 -o contrib/lemon contrib/lemon.c
echo "libubox" >> /home/galal/openwrt/staging_dir/target-aarch64_cortex-a53_musl/pkginfo/libubox.default.install
echo "libblobmsg-json" >> /home/galal/openwrt/staging_dir/target-aarch64_cortex-a53_musl/pkginfo/libubox.default.install
echo "jshn" >> /home/galal/openwrt/staging_dir/target-aarch64_cortex-a53_musl/pkginfo/libubox.default.install
echo "libjson-script" >> /home/galal/openwrt/staging_dir/target-aarch64_cortex-a53_musl/pkginfo/libubox.default.install
make[2]: Leaving directory '/home/galal/openwrt/package/libs/libubox'
time: package/libs/libubox/compile#0.19#0.02#0.19
make[2]: Entering directory '/home/galal/openwrt/package/system/ubus'
make[2]: Entering directory '/home/galal/openwrt/package/system/uci'
make[2]: Entering directory '/home/galal/openwrt/package/utils/jsonfilter'
make[2]: Entering directory '/home/galal/openwrt/package/libs/ustream-ssl'
echo "libubus" >> /home/galal/openwrt/staging_dir/target-aarch64_cortex-a53_musl/pkginfo/ubus.default.install
echo "libubus-lua" >> /home/galal/openwrt/staging_dir/target-aarch64_cortex-a53_musl/pkginfo/ubus.default.install
echo "ubus" >> /home/galal/openwrt/staging_dir/target-aarch64_cortex-a53_musl/pkginfo/ubus.default.install
echo "ubusd" >> /home/galal/openwrt/staging_dir/target-aarch64_cortex-a53_musl/pkginfo/ubus.default.install
echo "libuci" >> /home/galal/openwrt/staging_dir/target-aarch64_cortex-a53_musl/pkginfo/uci.default.install
echo "libustream-mbedtls" >> /home/galal/openwrt/staging_dir/target-aarch64_cortex-a53_musl/pkginfo/ustream-ssl.mbedtls.install
make[2]: Leaving directory '/home/galal/openwrt/package/system/ubus'
time: package/system/ubus/compile#0.13#0.03#0.15
echo "uci" >> /home/galal/openwrt/staging_dir/target-aarch64_cortex-a53_musl/pkginfo/uci.default.install
make[2]: Leaving directory '/home/galal/openwrt/package/libs/ustream-ssl'
time: package/libs/ustream-ssl/mbedtls/compile#0.14#0.03#0.15
make[2]: Leaving directory '/home/galal/openwrt/package/system/uci'
time: package/system/uci/compile#0.15#0.02#0.16
echo "jsonfilter" >> /home/galal/openwrt/staging_dir/target-aarch64_cortex-a53_musl/pkginfo/jsonfilter.default.install
make[2]: Leaving directory '/home/galal/openwrt/package/utils/jsonfilter'
time: package/utils/jsonfilter/compile#0.14#0.03#0.16
make[2]: Entering directory '/home/galal/openwrt/feeds/packages/net/cgi-io'
make[2]: Entering directory '/home/galal/openwrt/package/utils/ucode'
make[2]: Entering directory '/home/galal/openwrt/package/network/utils/iwinfo'
./contrib/lemon -q lib/plural_formula.y
cc    -DNDEBUG -c -o lib/lmo.o lib/lmo.c
cc    -DNDEBUG -c -o lib/plural_formula.o lib/plural_formula.c
echo "cgi-io" >> /home/galal/openwrt/staging_dir/target-aarch64_cortex-a53_musl/pkginfo/cgi-io.default.install
make[2]: Leaving directory '/home/galal/openwrt/feeds/packages/net/cgi-io'
time: package/feeds/packages/cgi-io/compile#0.11#0.03#0.13
cc  -o po2lmo po2lmo.o lib/lmo.o lib/plural_formula.o
echo "libiwinfo" >> /home/galal/openwrt/staging_dir/target-aarch64_cortex-a53_musl/pkginfo/iwinfo.default.install
echo "libiwinfo-data" >> /home/galal/openwrt/staging_dir/target-aarch64_cortex-a53_musl/pkginfo/iwinfo.default.install
echo "iwinfo" >> /home/galal/openwrt/staging_dir/target-aarch64_cortex-a53_musl/pkginfo/iwinfo.default.install
make[2]: Leaving directory '/home/galal/openwrt/package/network/utils/iwinfo'
time: package/network/utils/iwinfo/compile#0.14#0.02#0.16
make[3]: 'jsmin' is up to date.
make[3]: Leaving directory '/home/galal/openwrt/feeds/luci/modules/luci-base/src'
touch /home/galal/openwrt/build_dir/hostpkg/luci-base/.built
install -d -m0755 /home/galal/openwrt/staging_dir/hostpkg/bin
install -m0755 src/po2lmo /home/galal/openwrt/staging_dir/hostpkg/bin/po2lmo
install -m0755 src/jsmin /home/galal/openwrt/staging_dir/hostpkg/bin/jsmin
mkdir -p /home/galal/openwrt/staging_dir/hostpkg/stamp
touch /home/galal/openwrt/build_dir/hostpkg/luci-base/.built
touch /home/galal/openwrt/staging_dir/hostpkg/stamp/.luci-base_installed 
make[2]: Leaving directory '/home/galal/openwrt/feeds/luci/modules/luci-base'
time: package/feeds/luci/luci-base/host-compile#0.78#0.17#1.03
echo "libucode" >> /home/galal/openwrt/staging_dir/target-aarch64_cortex-a53_musl/pkginfo/ucode.default.install
echo "ucode" >> /home/galal/openwrt/staging_dir/target-aarch64_cortex-a53_musl/pkginfo/ucode.default.install
echo "ucode-mod-fs" >> /home/galal/openwrt/staging_dir/target-aarch64_cortex-a53_musl/pkginfo/ucode.default.install
echo "ucode-mod-math" >> /home/galal/openwrt/staging_dir/target-aarch64_cortex-a53_musl/pkginfo/ucode.default.install
echo "ucode-mod-nl80211" >> /home/galal/openwrt/staging_dir/target-aarch64_cortex-a53_musl/pkginfo/ucode.default.install
echo "ucode-mod-rtnl" >> /home/galal/openwrt/staging_dir/target-aarch64_cortex-a53_musl/pkginfo/ucode.default.install
echo "ucode-mod-ubus" >> /home/galal/openwrt/staging_dir/target-aarch64_cortex-a53_musl/pkginfo/ucode.default.install
echo "ucode-mod-uci" >> /home/galal/openwrt/staging_dir/target-aarch64_cortex-a53_musl/pkginfo/ucode.default.install
echo "ucode-mod-uloop" >> /home/galal/openwrt/staging_dir/target-aarch64_cortex-a53_musl/pkginfo/ucode.default.install
make[2]: Leaving directory '/home/galal/openwrt/package/utils/ucode'
time: package/utils/ucode/compile#0.19#0.05#0.22
make[2]: Entering directory '/home/galal/openwrt/feeds/luci/contrib/package/lucihttp'
make[2]: Entering directory '/home/galal/openwrt/package/system/rpcd'
make[2]: Entering directory '/home/galal/openwrt/feeds/luci/contrib/package/ucode-mod-html'
make[2]: Entering directory '/home/galal/openwrt/package/libs/uclient'
make[2]: Entering directory '/home/galal/openwrt/package/network/services/uhttpd'
echo "ucode-mod-html" >> /home/galal/openwrt/staging_dir/target-aarch64_cortex-a53_musl/pkginfo/ucode-mod-html.default.install
make[2]: Leaving directory '/home/galal/openwrt/feeds/luci/contrib/package/ucode-mod-html'
time: package/feeds/luci/ucode-mod-html/compile#0.12#0.02#0.14
echo "libuclient" >> /home/galal/openwrt/staging_dir/target-aarch64_cortex-a53_musl/pkginfo/uclient.default.install
echo "liblucihttp" >> /home/galal/openwrt/staging_dir/target-aarch64_cortex-a53_musl/pkginfo/lucihttp.default.install
echo "uclient-fetch" >> /home/galal/openwrt/staging_dir/target-aarch64_cortex-a53_musl/pkginfo/uclient.default.install
echo "liblucihttp-lua" >> /home/galal/openwrt/staging_dir/target-aarch64_cortex-a53_musl/pkginfo/lucihttp.default.install
make[2]: Leaving directory '/home/galal/openwrt/package/libs/uclient'
time: package/libs/uclient/compile#0.13#0.03#0.14
echo "liblucihttp-ucode" >> /home/galal/openwrt/staging_dir/target-aarch64_cortex-a53_musl/pkginfo/lucihttp.default.install
make[2]: Leaving directory '/home/galal/openwrt/feeds/luci/contrib/package/lucihttp'
time: package/feeds/luci/lucihttp/compile#0.14#0.02#0.15
echo "uhttpd" >> /home/galal/openwrt/staging_dir/target-aarch64_cortex-a53_musl/pkginfo/uhttpd.default.install
echo "uhttpd-mod-ubus" >> /home/galal/openwrt/staging_dir/target-aarch64_cortex-a53_musl/pkginfo/uhttpd.default.install
make[2]: Leaving directory '/home/galal/openwrt/package/network/services/uhttpd'
time: package/network/services/uhttpd/compile#0.14#0.03#0.16
echo "rpcd" >> /home/galal/openwrt/staging_dir/target-aarch64_cortex-a53_musl/pkginfo/rpcd.default.install
echo "rpcd-mod-file" >> /home/galal/openwrt/staging_dir/target-aarch64_cortex-a53_musl/pkginfo/rpcd.default.install
echo "rpcd-mod-iwinfo" >> /home/galal/openwrt/staging_dir/target-aarch64_cortex-a53_musl/pkginfo/rpcd.default.install
echo "rpcd-mod-ucode" >> /home/galal/openwrt/staging_dir/target-aarch64_cortex-a53_musl/pkginfo/rpcd.default.install
make[2]: Leaving directory '/home/galal/openwrt/package/system/rpcd'
time: package/system/rpcd/compile#0.15#0.03#0.17
make[2]: Entering directory '/home/galal/openwrt/feeds/luci/libs/rpcd-mod-luci'
echo "rpcd-mod-luci" >> /home/galal/openwrt/staging_dir/target-aarch64_cortex-a53_musl/pkginfo/rpcd-mod-luci.default.install
make[2]: Leaving directory '/home/galal/openwrt/feeds/luci/libs/rpcd-mod-luci'
time: package/feeds/luci/rpcd-mod-luci/compile#0.09#0.02#0.11
make[2]: Entering directory '/home/galal/openwrt/feeds/luci/modules/luci-base'
touch /home/galal/openwrt/build_dir/target-aarch64_cortex-a53_musl/luci-base/.prepared_eaf31d15c686f5e24328cca84d29faba_6664517399ebbbc92a37c5bb081b5c53_check
for d in luasrc ucode htdocs root src; do if [ -d ./$d ]; then mkdir -p /home/galal/openwrt/build_dir/target-aarch64_cortex-a53_musl/luci-base/$d; cp -fpR ./$d/* /home/galal/openwrt/build_dir/target-aarch64_cortex-a53_musl/luci-base/$d/; fi; done
cp -fpR ../../NOTICE /home/galal/openwrt/build_dir/target-aarch64_cortex-a53_musl/luci-base
cp -fpR ../../LICENSE /home/galal/openwrt/build_dir/target-aarch64_cortex-a53_musl/luci-base
true
[ ! -d ./src/ ] || cp -fpR ./src/. /home/galal/openwrt/build_dir/target-aarch64_cortex-a53_musl/luci-base
touch /home/galal/openwrt/build_dir/target-aarch64_cortex-a53_musl/luci-base/.prepared_eaf31d15c686f5e24328cca84d29faba_6664517399ebbbc92a37c5bb081b5c53
rm -f /home/galal/openwrt/build_dir/target-aarch64_cortex-a53_musl/luci-base/.configured_*
rm -f /home/galal/openwrt/staging_dir/target-aarch64_cortex-a53_musl/stamp/.luci-base_installed
touch /home/galal/openwrt/build_dir/target-aarch64_cortex-a53_musl/luci-base/.configured_811dc2f0ccfbe4b68a068320f8578dbe
rm -f /home/galal/openwrt/build_dir/target-aarch64_cortex-a53_musl/luci-base/.built
touch /home/galal/openwrt/build_dir/target-aarch64_cortex-a53_musl/luci-base/.built_check
CFLAGS="-Os -pipe -mcpu=cortex-a53 -fno-caller-saves -fno-plt -fhonour-copts -fmacro-prefix-map=/home/galal/openwrt/build_dir/target-aarch64_cortex-a53_musl/luci-base=luci-base -Wformat -Werror=format-security -fstack-protector -D_FORTIFY_SOURCE=1 -Wl,-z,now -Wl,-z,relro  -I/home/galal/openwrt/staging_dir/toolchain-aarch64_cortex-a53_gcc-13.3.0_musl/usr/include -I/home/galal/openwrt/staging_dir/toolchain-aarch64_cortex-a53_gcc-13.3.0_musl/include -I/home/galal/openwrt/staging_dir/toolchain-aarch64_cortex-a53_gcc-13.3.0_musl/include/fortify " CXXFLAGS="-Os -pipe -mcpu=cortex-a53 -fno-caller-saves -fno-plt -fhonour-copts -fmacro-prefix-map=/home/galal/openwrt/build_dir/target-aarch64_cortex-a53_musl/luci-base=luci-base -Wformat -Werror=format-security -fstack-protector -D_FORTIFY_SOURCE=1 -Wl,-z,now -Wl,-z,relro  -I/home/galal/openwrt/staging_dir/toolchain-aarch64_cortex-a53_gcc-13.3.0_musl/usr/include -I/home/galal/openwrt/staging_dir/toolchain-aarch64_cortex-a53_gcc-13.3.0_musl/include -I/home/galal/openwrt/staging_dir/toolchain-aarch64_cortex-a53_gcc-13.3.0_musl/include/fortify " LDFLAGS="-L/home/galal/openwrt/staging_dir/toolchain-aarch64_cortex-a53_gcc-13.3.0_musl/usr/lib -L/home/galal/openwrt/staging_dir/toolchain-aarch64_cortex-a53_gcc-13.3.0_musl/lib -fuse-ld=bfd -znow -zrelro " FPIC="-DPIC -fPIC" LUCI_VERSION="25.292.66247~75e41cb" LUCI_GITBRANCH="LuCI openwrt-24.10 branch" make -j1 -C /home/galal/openwrt/build_dir/target-aarch64_cortex-a53_musl/luci-base/src/ AR="aarch64-openwrt-linux-musl-gcc-ar" AS="aarch64-openwrt-linux-musl-gcc -c -Os -pipe -mcpu=cortex-a53 -fno-caller-saves -fno-plt -fhonour-copts -fmacro-prefix-map=/home/galal/openwrt/build_dir/target-aarch64_cortex-a53_musl/luci-base=luci-base -Wformat -Werror=format-security -fstack-protector -D_FORTIFY_SOURCE=1 -Wl,-z,now -Wl,-z,relro" LD="aarch64-openwrt-linux-musl-ld.bfd" NM="aarch64-openwrt-linux-musl-gcc-nm" CC="aarch64-openwrt-linux-musl-gcc" GCC="aarch64-openwrt-linux-musl-gcc" CXX="aarch64-openwrt-linux-musl-g++" RANLIB="aarch64-openwrt-linux-musl-gcc-ranlib" STRIP=aarch64-openwrt-linux-musl-strip OBJCOPY=aarch64-openwrt-linux-musl-objcopy OBJDUMP=aarch64-openwrt-linux-musl-objdump SIZE=aarch64-openwrt-linux-musl-size CROSS="aarch64-openwrt-linux-musl-" ARCH="aarch64" clean compile;
make[3]: Entering directory '/home/galal/openwrt/build_dir/target-aarch64_cortex-a53_musl/luci-base/src'
rm -f contrib/lemon lib/*.o lib/plural_formula.c lib/plural_formula.h core.so version.uc
aarch64-openwrt-linux-musl-gcc  -Os -pipe -mcpu=cortex-a53 -fno-caller-saves -fno-plt -fhonour-copts -fmacro-prefix-map=/home/galal/openwrt/build_dir/target-aarch64_cortex-a53_musl/luci-base=luci-base -Wformat -Werror=format-security -fstack-protector -D_FORTIFY_SOURCE=1 -Wl,-z,now -Wl,-z,relro  -I/home/galal/openwrt/staging_dir/toolchain-aarch64_cortex-a53_gcc-13.3.0_musl/usr/include -I/home/galal/openwrt/staging_dir/toolchain-aarch64_cortex-a53_gcc-13.3.0_musl/include -I/home/galal/openwrt/staging_dir/toolchain-aarch64_cortex-a53_gcc-13.3.0_musl/include/fortify  -DPIC -fPIC -DNDEBUG -c -o lib/luci.o lib/luci.c
cc -std=gnu17 -o contrib/lemon contrib/lemon.c
./contrib/lemon -q lib/plural_formula.y
aarch64-openwrt-linux-musl-gcc  -Os -pipe -mcpu=cortex-a53 -fno-caller-saves -fno-plt -fhonour-copts -fmacro-prefix-map=/home/galal/openwrt/build_dir/target-aarch64_cortex-a53_musl/luci-base=luci-base -Wformat -Werror=format-security -fstack-protector -D_FORTIFY_SOURCE=1 -Wl,-z,now -Wl,-z,relro  -I/home/galal/openwrt/staging_dir/toolchain-aarch64_cortex-a53_gcc-13.3.0_musl/usr/include -I/home/galal/openwrt/staging_dir/toolchain-aarch64_cortex-a53_gcc-13.3.0_musl/include -I/home/galal/openwrt/staging_dir/toolchain-aarch64_cortex-a53_gcc-13.3.0_musl/include/fortify  -DPIC -fPIC -DNDEBUG -c -o lib/lmo.o lib/lmo.c
aarch64-openwrt-linux-musl-gcc  -Os -pipe -mcpu=cortex-a53 -fno-caller-saves -fno-plt -fhonour-copts -fmacro-prefix-map=/home/galal/openwrt/build_dir/target-aarch64_cortex-a53_musl/luci-base=luci-base -Wformat -Werror=format-security -fstack-protector -D_FORTIFY_SOURCE=1 -Wl,-z,now -Wl,-z,relro  -I/home/galal/openwrt/staging_dir/toolchain-aarch64_cortex-a53_gcc-13.3.0_musl/usr/include -I/home/galal/openwrt/staging_dir/toolchain-aarch64_cortex-a53_gcc-13.3.0_musl/include -I/home/galal/openwrt/staging_dir/toolchain-aarch64_cortex-a53_gcc-13.3.0_musl/include/fortify  -DPIC -fPIC -DNDEBUG -c -o lib/plural_formula.o lib/plural_formula.c
echo "kernel" >> /home/galal/openwrt/staging_dir/target-aarch64_cortex-a53_musl/pkginfo/linux.default.install
echo "kmod-scsi-core" >> /home/galal/openwrt/staging_dir/target-aarch64_cortex-a53_musl/pkginfo/linux.default.install
echo "kmod-crypto-aead" >> /home/galal/openwrt/staging_dir/target-aarch64_cortex-a53_musl/pkginfo/linux.default.install
echo "kmod-crypto-ccm" >> /home/galal/openwrt/staging_dir/target-aarch64_cortex-a53_musl/pkginfo/linux.default.install
echo "kmod-crypto-cmac" >> /home/galal/openwrt/staging_dir/target-aarch64_cortex-a53_musl/pkginfo/linux.default.install
echo "kmod-crypto-crc32c" >> /home/galal/openwrt/staging_dir/target-aarch64_cortex-a53_musl/pkginfo/linux.default.install
echo "kmod-crypto-ctr" >> /home/galal/openwrt/staging_dir/target-aarch64_cortex-a53_musl/pkginfo/linux.default.install
echo "kmod-crypto-gcm" >> /home/galal/openwrt/staging_dir/target-aarch64_cortex-a53_musl/pkginfo/linux.default.install
echo "kmod-crypto-gf128" >> /home/galal/openwrt/staging_dir/target-aarch64_cortex-a53_musl/pkginfo/linux.default.install
echo "kmod-crypto-ghash" >> /home/galal/openwrt/staging_dir/target-aarch64_cortex-a53_musl/pkginfo/linux.default.install
echo "kmod-crypto-hash" >> /home/galal/openwrt/staging_dir/target-aarch64_cortex-a53_musl/pkginfo/linux.default.install
echo "kmod-crypto-hmac" >> /home/galal/openwrt/staging_dir/target-aarch64_cortex-a53_musl/pkginfo/linux.default.install
echo "kmod-crypto-manager" >> /home/galal/openwrt/staging_dir/target-aarch64_cortex-a53_musl/pkginfo/linux.default.install
echo "kmod-crypto-michael-mic" >> /home/galal/openwrt/staging_dir/target-aarch64_cortex-a53_musl/pkginfo/linux.default.install
echo "kmod-crypto-null" >> /home/galal/openwrt/staging_dir/target-aarch64_cortex-a53_musl/pkginfo/linux.default.install
echo "kmod-crypto-rng" >> /home/galal/openwrt/staging_dir/target-aarch64_cortex-a53_musl/pkginfo/linux.default.install
echo "kmod-crypto-geniv" >> /home/galal/openwrt/staging_dir/target-aarch64_cortex-a53_musl/pkginfo/linux.default.install
echo "kmod-crypto-seqiv" >> /home/galal/openwrt/staging_dir/target-aarch64_cortex-a53_musl/pkginfo/linux.default.install
echo "kmod-crypto-sha3" >> /home/galal/openwrt/staging_dir/target-aarch64_cortex-a53_musl/pkginfo/linux.default.install
echo "kmod-crypto-sha512" >> /home/galal/openwrt/staging_dir/target-aarch64_cortex-a53_musl/pkginfo/linux.default.install
echo "kmod-fs-exfat" >> /home/galal/openwrt/staging_dir/target-aarch64_cortex-a53_musl/pkginfo/linux.default.install
aarch64-openwrt-linux-musl-gcc -L/home/galal/openwrt/staging_dir/toolchain-aarch64_cortex-a53_gcc-13.3.0_musl/usr/lib -L/home/galal/openwrt/staging_dir/toolchain-aarch64_cortex-a53_gcc-13.3.0_musl/lib -fuse-ld=bfd -znow -zrelro  -shared -lcrypt -o core.so lib/luci.o lib/lmo.o lib/plural_formula.o
echo "kmod-fs-ext4" >> /home/galal/openwrt/staging_dir/target-aarch64_cortex-a53_musl/pkginfo/linux.default.install
echo "kmod-fs-ntfs3" >> /home/galal/openwrt/staging_dir/target-aarch64_cortex-a53_musl/pkginfo/linux.default.install
echo "kmod-fs-vfat" >> /home/galal/openwrt/staging_dir/target-aarch64_cortex-a53_musl/pkginfo/linux.default.install
echo "kmod-hwmon-core" >> /home/galal/openwrt/staging_dir/target-aarch64_cortex-a53_musl/pkginfo/linux.default.install
echo "kmod-leds-gpio" >> /home/galal/openwrt/staging_dir/target-aarch64_cortex-a53_musl/pkginfo/linux.default.install
echo "kmod-lib-crc-ccitt" >> /home/galal/openwrt/staging_dir/target-aarch64_cortex-a53_musl/pkginfo/linux.default.install
echo "kmod-lib-crc16" >> /home/galal/openwrt/staging_dir/target-aarch64_cortex-a53_musl/pkginfo/linux.default.install
echo "export const revision = '25.292.66247~75e41cb', branch = 'LuCI openwrt-24.10 branch';" > version.uc
echo "kmod-lib-crc32c" >> /home/galal/openwrt/staging_dir/target-aarch64_cortex-a53_musl/pkginfo/linux.default.install
make[3]: Leaving directory '/home/galal/openwrt/build_dir/target-aarch64_cortex-a53_musl/luci-base/src'
CFLAGS="-Os -pipe -mcpu=cortex-a53 -fno-caller-saves -fno-plt -fhonour-copts -fmacro-prefix-map=/home/galal/openwrt/build_dir/target-aarch64_cortex-a53_musl/luci-base=luci-base -Wformat -Werror=format-security -fstack-protector -D_FORTIFY_SOURCE=1 -Wl,-z,now -Wl,-z,relro  -I/home/galal/openwrt/staging_dir/toolchain-aarch64_cortex-a53_gcc-13.3.0_musl/usr/include -I/home/galal/openwrt/staging_dir/toolchain-aarch64_cortex-a53_gcc-13.3.0_musl/include -I/home/galal/openwrt/staging_dir/toolchain-aarch64_cortex-a53_gcc-13.3.0_musl/include/fortify " CXXFLAGS="-Os -pipe -mcpu=cortex-a53 -fno-caller-saves -fno-plt -fhonour-copts -fmacro-prefix-map=/home/galal/openwrt/build_dir/target-aarch64_cortex-a53_musl/luci-base=luci-base -Wformat -Werror=format-security -fstack-protector -D_FORTIFY_SOURCE=1 -Wl,-z,now -Wl,-z,relro  -I/home/galal/openwrt/staging_dir/toolchain-aarch64_cortex-a53_gcc-13.3.0_musl/usr/include -I/home/galal/openwrt/staging_dir/toolchain-aarch64_cortex-a53_gcc-13.3.0_musl/include -I/home/galal/openwrt/staging_dir/toolchain-aarch64_cortex-a53_gcc-13.3.0_musl/include/fortify " LDFLAGS="-L/home/galal/openwrt/staging_dir/toolchain-aarch64_cortex-a53_gcc-13.3.0_musl/usr/lib -L/home/galal/openwrt/staging_dir/toolchain-aarch64_cortex-a53_gcc-13.3.0_musl/lib -fuse-ld=bfd -znow -zrelro " FPIC="-DPIC -fPIC" LUCI_VERSION="25.292.66247~75e41cb" LUCI_GITBRANCH="LuCI openwrt-24.10 branch" make -C /home/galal/openwrt/build_dir/target-aarch64_cortex-a53_musl/luci-base/src/ AR="aarch64-openwrt-linux-musl-gcc-ar" AS="aarch64-openwrt-linux-musl-gcc -c -Os -pipe -mcpu=cortex-a53 -fno-caller-saves -fno-plt -fhonour-copts -fmacro-prefix-map=/home/galal/openwrt/build_dir/target-aarch64_cortex-a53_musl/luci-base=luci-base -Wformat -Werror=format-security -fstack-protector -D_FORTIFY_SOURCE=1 -Wl,-z,now -Wl,-z,relro" LD="aarch64-openwrt-linux-musl-ld.bfd" NM="aarch64-openwrt-linux-musl-gcc-nm" CC="aarch64-openwrt-linux-musl-gcc" GCC="aarch64-openwrt-linux-musl-gcc" CXX="aarch64-openwrt-linux-musl-g++" RANLIB="aarch64-openwrt-linux-musl-gcc-ranlib" STRIP=aarch64-openwrt-linux-musl-strip OBJCOPY=aarch64-openwrt-linux-musl-objcopy OBJDUMP=aarch64-openwrt-linux-musl-objdump SIZE=aarch64-openwrt-linux-musl-size CROSS="aarch64-openwrt-linux-musl-" ARCH="aarch64" DESTDIR="/home/galal/openwrt/build_dir/target-aarch64_cortex-a53_musl/luci-base/ipkg-install"   install;
echo "kmod-libphy" >> /home/galal/openwrt/staging_dir/target-aarch64_cortex-a53_musl/pkginfo/linux.default.install
make[3]: Entering directory '/home/galal/openwrt/build_dir/target-aarch64_cortex-a53_musl/luci-base/src'
mkdir -p /home/galal/openwrt/build_dir/target-aarch64_cortex-a53_musl/luci-base/ipkg-install/usr/lib/ucode/luci
WARNING: kmod-phylink is not available in the kernel config - generating empty package
echo "kmod-phylink" >> /home/galal/openwrt/staging_dir/target-aarch64_cortex-a53_musl/pkginfo/linux.default.install
cp core.so /home/galal/openwrt/build_dir/target-aarch64_cortex-a53_musl/luci-base/ipkg-install/usr/lib/ucode/luci/core.so
echo "kmod-swconfig" >> /home/galal/openwrt/staging_dir/target-aarch64_cortex-a53_musl/pkginfo/linux.default.install
mkdir -p /home/galal/openwrt/build_dir/target-aarch64_cortex-a53_musl/luci-base/ipkg-install/usr/share/ucode/luci
echo "kmod-switch-rtl8366-smi" >> /home/galal/openwrt/staging_dir/target-aarch64_cortex-a53_musl/pkginfo/linux.default.install
cp version.uc /home/galal/openwrt/build_dir/target-aarch64_cortex-a53_musl/luci-base/ipkg-install/usr/share/ucode/luci/version.uc
make[3]: Leaving directory '/home/galal/openwrt/build_dir/target-aarch64_cortex-a53_musl/luci-base/src'
touch /home/galal/openwrt/build_dir/target-aarch64_cortex-a53_musl/luci-base/.built
echo "kmod-switch-rtl8367b" >> /home/galal/openwrt/staging_dir/target-aarch64_cortex-a53_musl/pkginfo/linux.default.install
echo "kmod-macvlan" >> /home/galal/openwrt/staging_dir/target-aarch64_cortex-a53_musl/pkginfo/linux.default.install
rm -rf /home/galal/openwrt/build_dir/target-aarch64_cortex-a53_musl/luci-base/.pkgdir/luci-base.installed /home/galal/openwrt/build_dir/target-aarch64_cortex-a53_musl/luci-base/.pkgdir/luci-base
echo "kmod-ifb" >> /home/galal/openwrt/staging_dir/target-aarch64_cortex-a53_musl/pkginfo/linux.default.install
echo "kmod-nf-reject" >> /home/galal/openwrt/staging_dir/target-aarch64_cortex-a53_musl/pkginfo/linux.default.install
mkdir -p /home/galal/openwrt/build_dir/target-aarch64_cortex-a53_musl/luci-base/.pkgdir/luci-base
echo "kmod-nf-reject6" >> /home/galal/openwrt/staging_dir/target-aarch64_cortex-a53_musl/pkginfo/linux.default.install
install -d -m0755 /home/galal/openwrt/build_dir/target-aarch64_cortex-a53_musl/luci-base/.pkgdir/luci-base/usr/share/ucode/luci
echo "kmod-nf-ipt" >> /home/galal/openwrt/staging_dir/target-aarch64_cortex-a53_musl/pkginfo/linux.default.install
echo "kmod-ipt-core" >> /home/galal/openwrt/staging_dir/target-aarch64_cortex-a53_musl/pkginfo/linux.default.install
cp -pR /home/galal/openwrt/build_dir/target-aarch64_cortex-a53_musl/luci-base/ucode/* /home/galal/openwrt/build_dir/target-aarch64_cortex-a53_musl/luci-base/.pkgdir/luci-base/usr/share/ucode/luci/
echo "kmod-nf-conntrack" >> /home/galal/openwrt/staging_dir/target-aarch64_cortex-a53_musl/pkginfo/linux.default.install
echo "kmod-nf-conntrack6" >> /home/galal/openwrt/staging_dir/target-aarch64_cortex-a53_musl/pkginfo/linux.default.install
find /home/galal/openwrt/build_dir/target-aarch64_cortex-a53_musl/luci-base/.pkgdir/luci-base/usr/share/ucode/luci/ -type f -name '*.htm' | while read src; do /home/galal/openwrt/staging_dir/host/bin/sed -i -e 's/<%# *\([^ ]*\)PKG_VERSION *%>/\125.292.66247~75e41cb/g' -e 's/"\(<%= *\(media\|resource\) *%>[^"]*\.\(js\|css\)\)"/"\1?v=25.292.66247~75e41cb"/g' "$src"; done; find /home/galal/openwrt/build_dir/target-aarch64_cortex-a53_musl/luci-base/.pkgdir/luci-base/usr/share/ucode/luci/ -type f -name '*.ut' | while read src; do /home/galal/openwrt/staging_dir/host/bin/sed -i -e 's/{# *\([^ ]*\)PKG_VERSION *#}/\125.292.66247~75e41cb/g' -e 's/"\({{ *\(media\|resource\) *}}[^"]*\.\(js\|css\)\)"/"\1?v=25.292.66247~75e41cb"/g' "$src"; done
echo "kmod-nf-log" >> /home/galal/openwrt/staging_dir/target-aarch64_cortex-a53_musl/pkginfo/linux.default.install
echo "kmod-nf-log6" >> /home/galal/openwrt/staging_dir/target-aarch64_cortex-a53_musl/pkginfo/linux.default.install
echo "kmod-nf-nat" >> /home/galal/openwrt/staging_dir/target-aarch64_cortex-a53_musl/pkginfo/linux.default.install
echo "kmod-nf-flow" >> /home/galal/openwrt/staging_dir/target-aarch64_cortex-a53_musl/pkginfo/linux.default.install
echo "kmod-ipt-ipopt" >> /home/galal/openwrt/staging_dir/target-aarch64_cortex-a53_musl/pkginfo/linux.default.install
echo "kmod-nfnetlink" >> /home/galal/openwrt/staging_dir/target-aarch64_cortex-a53_musl/pkginfo/linux.default.install
echo "kmod-nf-conntrack-netlink" >> /home/galal/openwrt/staging_dir/target-aarch64_cortex-a53_musl/pkginfo/linux.default.install
echo "kmod-nft-core" >> /home/galal/openwrt/staging_dir/target-aarch64_cortex-a53_musl/pkginfo/linux.default.install
install -d -m0755 /home/galal/openwrt/build_dir/target-aarch64_cortex-a53_musl/luci-base/.pkgdir/luci-base/www
echo "kmod-nft-nat" >> /home/galal/openwrt/staging_dir/target-aarch64_cortex-a53_musl/pkginfo/linux.default.install
echo "kmod-nft-offload" >> /home/galal/openwrt/staging_dir/target-aarch64_cortex-a53_musl/pkginfo/linux.default.install
cp -pR /home/galal/openwrt/build_dir/target-aarch64_cortex-a53_musl/luci-base/htdocs/* /home/galal/openwrt/build_dir/target-aarch64_cortex-a53_musl/luci-base/.pkgdir/luci-base/www/
echo "kmod-nft-fib" >> /home/galal/openwrt/staging_dir/target-aarch64_cortex-a53_musl/pkginfo/linux.default.install
echo "kmod-nft-compat" >> /home/galal/openwrt/staging_dir/target-aarch64_cortex-a53_musl/pkginfo/linux.default.install
echo "kmod-tun" >> /home/galal/openwrt/staging_dir/target-aarch64_cortex-a53_musl/pkginfo/linux.default.install
echo "kmod-slhc" >> /home/galal/openwrt/staging_dir/target-aarch64_cortex-a53_musl/pkginfo/linux.default.install
find /home/galal/openwrt/build_dir/target-aarch64_cortex-a53_musl/luci-base/.pkgdir/luci-base/www/ -type f -name '*.js' | while read src; do if jsmin < "$src" > "$src.o"; then mv "$src.o" "$src"; fi; done
echo "kmod-ppp" >> /home/galal/openwrt/staging_dir/target-aarch64_cortex-a53_musl/pkginfo/linux.default.install
echo "kmod-pppox" >> /home/galal/openwrt/staging_dir/target-aarch64_cortex-a53_musl/pkginfo/linux.default.install
echo "kmod-pppoe" >> /home/galal/openwrt/staging_dir/target-aarch64_cortex-a53_musl/pkginfo/linux.default.install
echo "kmod-sched-core" >> /home/galal/openwrt/staging_dir/target-aarch64_cortex-a53_musl/pkginfo/linux.default.install
echo "kmod-sched-cake" >> /home/galal/openwrt/staging_dir/target-aarch64_cortex-a53_musl/pkginfo/linux.default.install
echo "kmod-tcp-bbr" >> /home/galal/openwrt/staging_dir/target-aarch64_cortex-a53_musl/pkginfo/linux.default.install
echo "kmod-qrtr" >> /home/galal/openwrt/staging_dir/target-aarch64_cortex-a53_musl/pkginfo/linux.default.install
echo "kmod-qrtr-smd" >> /home/galal/openwrt/staging_dir/target-aarch64_cortex-a53_musl/pkginfo/linux.default.install
echo "kmod-nls-base" >> /home/galal/openwrt/staging_dir/target-aarch64_cortex-a53_musl/pkginfo/linux.default.install
echo "kmod-nls-cp437" >> /home/galal/openwrt/staging_dir/target-aarch64_cortex-a53_musl/pkginfo/linux.default.install
echo "kmod-nls-iso8859-1" >> /home/galal/openwrt/staging_dir/target-aarch64_cortex-a53_musl/pkginfo/linux.default.install
echo "kmod-nls-utf8" >> /home/galal/openwrt/staging_dir/target-aarch64_cortex-a53_musl/pkginfo/linux.default.install
WARNING: kmod-thermal is not available in the kernel config - generating empty package
echo "kmod-thermal" >> /home/galal/openwrt/staging_dir/target-aarch64_cortex-a53_musl/pkginfo/linux.default.install
echo "kmod-usb-core" >> /home/galal/openwrt/staging_dir/target-aarch64_cortex-a53_musl/pkginfo/linux.default.install
echo "kmod-usb-dwc3" >> /home/galal/openwrt/staging_dir/target-aarch64_cortex-a53_musl/pkginfo/linux.default.install
echo "kmod-usb-dwc3-qcom" >> /home/galal/openwrt/staging_dir/target-aarch64_cortex-a53_musl/pkginfo/linux.default.install
echo "kmod-usb-storage" >> /home/galal/openwrt/staging_dir/target-aarch64_cortex-a53_musl/pkginfo/linux.default.install
echo "kmod-usb-storage-extras" >> /home/galal/openwrt/staging_dir/target-aarch64_cortex-a53_musl/pkginfo/linux.default.install
echo "kmod-usbip" >> /home/galal/openwrt/staging_dir/target-aarch64_cortex-a53_musl/pkginfo/linux.default.install
echo "kmod-usbip-client" >> /home/galal/openwrt/staging_dir/target-aarch64_cortex-a53_musl/pkginfo/linux.default.install
echo "kmod-usbip-server" >> /home/galal/openwrt/staging_dir/target-aarch64_cortex-a53_musl/pkginfo/linux.default.install
echo "kmod-usb3" >> /home/galal/openwrt/staging_dir/target-aarch64_cortex-a53_musl/pkginfo/linux.default.install
echo "kmod-usb-xhci-hcd" >> /home/galal/openwrt/staging_dir/target-aarch64_cortex-a53_musl/pkginfo/linux.default.install
make[2]: Leaving directory '/home/galal/openwrt/package/kernel/linux'
time: package/kernel/linux/compile#1.99#0.03#2.02
find /home/galal/openwrt/build_dir/target-aarch64_cortex-a53_musl/luci-base/.pkgdir/luci-base/www/ -type f -name '*.css' | while read src; do if csstidy "$src" --template=highest --remove_last_semicolon=true "$src.o"; then mv "$src.o" "$src"; fi; done
make[2]: Entering directory '/home/galal/openwrt/package/network/utils/iptables'
install -d -m0755 /home/galal/openwrt/build_dir/target-aarch64_cortex-a53_musl/luci-base/.pkgdir/luci-base/
cp -pR /home/galal/openwrt/build_dir/target-aarch64_cortex-a53_musl/luci-base/root/* /home/galal/openwrt/build_dir/target-aarch64_cortex-a53_musl/luci-base/.pkgdir/luci-base/
CFLAGS="-Os -pipe -mcpu=cortex-a53 -fno-caller-saves -fno-plt -fhonour-copts -fmacro-prefix-map=/home/galal/openwrt/build_dir/target-aarch64_cortex-a53_musl/luci-base=luci-base -Wformat -Werror=format-security -fstack-protector -D_FORTIFY_SOURCE=1 -Wl,-z,now -Wl,-z,relro  -I/home/galal/openwrt/staging_dir/toolchain-aarch64_cortex-a53_gcc-13.3.0_musl/usr/include -I/home/galal/openwrt/staging_dir/toolchain-aarch64_cortex-a53_gcc-13.3.0_musl/include -I/home/galal/openwrt/staging_dir/toolchain-aarch64_cortex-a53_gcc-13.3.0_musl/include/fortify " CXXFLAGS="-Os -pipe -mcpu=cortex-a53 -fno-caller-saves -fno-plt -fhonour-copts -fmacro-prefix-map=/home/galal/openwrt/build_dir/target-aarch64_cortex-a53_musl/luci-base=luci-base -Wformat -Werror=format-security -fstack-protector -D_FORTIFY_SOURCE=1 -Wl,-z,now -Wl,-z,relro  -I/home/galal/openwrt/staging_dir/toolchain-aarch64_cortex-a53_gcc-13.3.0_musl/usr/include -I/home/galal/openwrt/staging_dir/toolchain-aarch64_cortex-a53_gcc-13.3.0_musl/include -I/home/galal/openwrt/staging_dir/toolchain-aarch64_cortex-a53_gcc-13.3.0_musl/include/fortify " LDFLAGS="-L/home/galal/openwrt/staging_dir/toolchain-aarch64_cortex-a53_gcc-13.3.0_musl/usr/lib -L/home/galal/openwrt/staging_dir/toolchain-aarch64_cortex-a53_gcc-13.3.0_musl/lib -fuse-ld=bfd -znow -zrelro " FPIC="-DPIC -fPIC" LUCI_VERSION="25.292.66247~75e41cb" LUCI_GITBRANCH="LuCI openwrt-24.10 branch" make -C /home/galal/openwrt/build_dir/target-aarch64_cortex-a53_musl/luci-base/src/ AR="aarch64-openwrt-linux-musl-gcc-ar" AS="aarch64-openwrt-linux-musl-gcc -c -Os -pipe -mcpu=cortex-a53 -fno-caller-saves -fno-plt -fhonour-copts -fmacro-prefix-map=/home/galal/openwrt/build_dir/target-aarch64_cortex-a53_musl/luci-base=luci-base -Wformat -Werror=format-security -fstack-protector -D_FORTIFY_SOURCE=1 -Wl,-z,now -Wl,-z,relro" LD="aarch64-openwrt-linux-musl-ld.bfd" NM="aarch64-openwrt-linux-musl-gcc-nm" CC="aarch64-openwrt-linux-musl-gcc" GCC="aarch64-openwrt-linux-musl-gcc" CXX="aarch64-openwrt-linux-musl-g++" RANLIB="aarch64-openwrt-linux-musl-gcc-ranlib" STRIP=aarch64-openwrt-linux-musl-strip OBJCOPY=aarch64-openwrt-linux-musl-objcopy OBJDUMP=aarch64-openwrt-linux-musl-objdump SIZE=aarch64-openwrt-linux-musl-size CROSS="aarch64-openwrt-linux-musl-" ARCH="aarch64" DESTDIR="/home/galal/openwrt/build_dir/target-aarch64_cortex-a53_musl/luci-base/ipkg-install"   install;
make[3]: Entering directory '/home/galal/openwrt/build_dir/target-aarch64_cortex-a53_musl/luci-base/src'
mkdir -p /home/galal/openwrt/build_dir/target-aarch64_cortex-a53_musl/luci-base/ipkg-install/usr/lib/ucode/luci
cp core.so /home/galal/openwrt/build_dir/target-aarch64_cortex-a53_musl/luci-base/ipkg-install/usr/lib/ucode/luci/core.so
mkdir -p /home/galal/openwrt/build_dir/target-aarch64_cortex-a53_musl/luci-base/ipkg-install/usr/share/ucode/luci
cp version.uc /home/galal/openwrt/build_dir/target-aarch64_cortex-a53_musl/luci-base/ipkg-install/usr/share/ucode/luci/version.uc
make[3]: Leaving directory '/home/galal/openwrt/build_dir/target-aarch64_cortex-a53_musl/luci-base/src'
cp -fpR /home/galal/openwrt/build_dir/target-aarch64_cortex-a53_musl/luci-base/ipkg-install/* /home/galal/openwrt/build_dir/target-aarch64_cortex-a53_musl/luci-base/.pkgdir/luci-base/
touch /home/galal/openwrt/build_dir/target-aarch64_cortex-a53_musl/luci-base/.pkgdir/luci-base.installed
mkdir -p /home/galal/openwrt/staging_dir/target-aarch64_cortex-a53_musl/root-qualcommax/stamp
SHELL= flock /home/galal/openwrt/tmp/.root-copy.flock -c 'cp -fpR /home/galal/openwrt/build_dir/target-aarch64_cortex-a53_musl/luci-base/.pkgdir/luci-base/. /home/galal/openwrt/staging_dir/target-aarch64_cortex-a53_musl/root-qualcommax/'
touch /home/galal/openwrt/staging_dir/target-aarch64_cortex-a53_musl/root-qualcommax/stamp/.luci-base_installed
rm -rf /home/galal/openwrt/build_dir/target-aarch64_cortex-a53_musl/luci-base/ipkg-aarch64_cortex-a53/luci-base
/home/galal/openwrt/scripts/ipkg-remove luci-base /home/galal/openwrt/bin/packages/aarch64_cortex-a53/luci/luci-base_25.292.66247~75e41cb_aarch64_cortex-a53.ipk
removed '/home/galal/openwrt/bin/packages/aarch64_cortex-a53/luci/luci-base_25.292.66247~75e41cb_aarch64_cortex-a53.ipk'
mkdir -p /home/galal/openwrt/bin/targets/qualcommax/ipq60xx/packages /home/galal/openwrt/build_dir/target-aarch64_cortex-a53_musl/luci-base/ipkg-aarch64_cortex-a53/luci-base /home/galal/openwrt/staging_dir/target-aarch64_cortex-a53_musl/pkginfo
install -d -m0755 /home/galal/openwrt/build_dir/target-aarch64_cortex-a53_musl/luci-base/ipkg-aarch64_cortex-a53/luci-base/usr/share/ucode/luci
cp -pR /home/galal/openwrt/build_dir/target-aarch64_cortex-a53_musl/luci-base/ucode/* /home/galal/openwrt/build_dir/target-aarch64_cortex-a53_musl/luci-base/ipkg-aarch64_cortex-a53/luci-base/usr/share/ucode/luci/
find /home/galal/openwrt/build_dir/target-aarch64_cortex-a53_musl/luci-base/ipkg-aarch64_cortex-a53/luci-base/usr/share/ucode/luci/ -type f -name '*.htm' | while read src; do /home/galal/openwrt/staging_dir/host/bin/sed -i -e 's/<%# *\([^ ]*\)PKG_VERSION *%>/\125.292.66247~75e41cb/g' -e 's/"\(<%= *\(media\|resource\) *%>[^"]*\.\(js\|css\)\)"/"\1?v=25.292.66247~75e41cb"/g' "$src"; done; find /home/galal/openwrt/build_dir/target-aarch64_cortex-a53_musl/luci-base/ipkg-aarch64_cortex-a53/luci-base/usr/share/ucode/luci/ -type f -name '*.ut' | while read src; do /home/galal/openwrt/staging_dir/host/bin/sed -i -e 's/{# *\([^ ]*\)PKG_VERSION *#}/\125.292.66247~75e41cb/g' -e 's/"\({{ *\(media\|resource\) *}}[^"]*\.\(js\|css\)\)"/"\1?v=25.292.66247~75e41cb"/g' "$src"; done
install -d -m0755 /home/galal/openwrt/build_dir/target-aarch64_cortex-a53_musl/luci-base/ipkg-aarch64_cortex-a53/luci-base/www
cp -pR /home/galal/openwrt/build_dir/target-aarch64_cortex-a53_musl/luci-base/htdocs/* /home/galal/openwrt/build_dir/target-aarch64_cortex-a53_musl/luci-base/ipkg-aarch64_cortex-a53/luci-base/www/
find /home/galal/openwrt/build_dir/target-aarch64_cortex-a53_musl/luci-base/ipkg-aarch64_cortex-a53/luci-base/www/ -type f -name '*.js' | while read src; do if jsmin < "$src" > "$src.o"; then mv "$src.o" "$src"; fi; done
find /home/galal/openwrt/build_dir/target-aarch64_cortex-a53_musl/luci-base/ipkg-aarch64_cortex-a53/luci-base/www/ -type f -name '*.css' | while read src; do if csstidy "$src" --template=highest --remove_last_semicolon=true "$src.o"; then mv "$src.o" "$src"; fi; done
install -d -m0755 /home/galal/openwrt/build_dir/target-aarch64_cortex-a53_musl/luci-base/ipkg-aarch64_cortex-a53/luci-base/
cp -pR /home/galal/openwrt/build_dir/target-aarch64_cortex-a53_musl/luci-base/root/* /home/galal/openwrt/build_dir/target-aarch64_cortex-a53_musl/luci-base/ipkg-aarch64_cortex-a53/luci-base/
CFLAGS="-Os -pipe -mcpu=cortex-a53 -fno-caller-saves -fno-plt -fhonour-copts -fmacro-prefix-map=/home/galal/openwrt/build_dir/target-aarch64_cortex-a53_musl/luci-base=luci-base -Wformat -Werror=format-security -fstack-protector -D_FORTIFY_SOURCE=1 -Wl,-z,now -Wl,-z,relro  -I/home/galal/openwrt/staging_dir/toolchain-aarch64_cortex-a53_gcc-13.3.0_musl/usr/include -I/home/galal/openwrt/staging_dir/toolchain-aarch64_cortex-a53_gcc-13.3.0_musl/include -I/home/galal/openwrt/staging_dir/toolchain-aarch64_cortex-a53_gcc-13.3.0_musl/include/fortify " CXXFLAGS="-Os -pipe -mcpu=cortex-a53 -fno-caller-saves -fno-plt -fhonour-copts -fmacro-prefix-map=/home/galal/openwrt/build_dir/target-aarch64_cortex-a53_musl/luci-base=luci-base -Wformat -Werror=format-security -fstack-protector -D_FORTIFY_SOURCE=1 -Wl,-z,now -Wl,-z,relro  -I/home/galal/openwrt/staging_dir/toolchain-aarch64_cortex-a53_gcc-13.3.0_musl/usr/include -I/home/galal/openwrt/staging_dir/toolchain-aarch64_cortex-a53_gcc-13.3.0_musl/include -I/home/galal/openwrt/staging_dir/toolchain-aarch64_cortex-a53_gcc-13.3.0_musl/include/fortify " LDFLAGS="-L/home/galal/openwrt/staging_dir/toolchain-aarch64_cortex-a53_gcc-13.3.0_musl/usr/lib -L/home/galal/openwrt/staging_dir/toolchain-aarch64_cortex-a53_gcc-13.3.0_musl/lib -fuse-ld=bfd -znow -zrelro " FPIC="-DPIC -fPIC" LUCI_VERSION="25.292.66247~75e41cb" LUCI_GITBRANCH="LuCI openwrt-24.10 branch" make -C /home/galal/openwrt/build_dir/target-aarch64_cortex-a53_musl/luci-base/src/ AR="aarch64-openwrt-linux-musl-gcc-ar" AS="aarch64-openwrt-linux-musl-gcc -c -Os -pipe -mcpu=cortex-a53 -fno-caller-saves -fno-plt -fhonour-copts -fmacro-prefix-map=/home/galal/openwrt/build_dir/target-aarch64_cortex-a53_musl/luci-base=luci-base -Wformat -Werror=format-security -fstack-protector -D_FORTIFY_SOURCE=1 -Wl,-z,now -Wl,-z,relro" LD="aarch64-openwrt-linux-musl-ld.bfd" NM="aarch64-openwrt-linux-musl-gcc-nm" CC="aarch64-openwrt-linux-musl-gcc" GCC="aarch64-openwrt-linux-musl-gcc" CXX="aarch64-openwrt-linux-musl-g++" RANLIB="aarch64-openwrt-linux-musl-gcc-ranlib" STRIP=aarch64-openwrt-linux-musl-strip OBJCOPY=aarch64-openwrt-linux-musl-objcopy OBJDUMP=aarch64-openwrt-linux-musl-objdump SIZE=aarch64-openwrt-linux-musl-size CROSS="aarch64-openwrt-linux-musl-" ARCH="aarch64" DESTDIR="/home/galal/openwrt/build_dir/target-aarch64_cortex-a53_musl/luci-base/ipkg-install"   install;
make[3]: Entering directory '/home/galal/openwrt/build_dir/target-aarch64_cortex-a53_musl/luci-base/src'
mkdir -p /home/galal/openwrt/build_dir/target-aarch64_cortex-a53_musl/luci-base/ipkg-install/usr/lib/ucode/luci
cp core.so /home/galal/openwrt/build_dir/target-aarch64_cortex-a53_musl/luci-base/ipkg-install/usr/lib/ucode/luci/core.so
mkdir -p /home/galal/openwrt/build_dir/target-aarch64_cortex-a53_musl/luci-base/ipkg-install/usr/share/ucode/luci
cp version.uc /home/galal/openwrt/build_dir/target-aarch64_cortex-a53_musl/luci-base/ipkg-install/usr/share/ucode/luci/version.uc
make[3]: Leaving directory '/home/galal/openwrt/build_dir/target-aarch64_cortex-a53_musl/luci-base/src'
cp -fpR /home/galal/openwrt/build_dir/target-aarch64_cortex-a53_musl/luci-base/ipkg-install/* /home/galal/openwrt/build_dir/target-aarch64_cortex-a53_musl/luci-base/ipkg-aarch64_cortex-a53/luci-base/
find /home/galal/openwrt/build_dir/target-aarch64_cortex-a53_musl/luci-base/ipkg-aarch64_cortex-a53/luci-base -name 'CVS' -o -name '.svn' -o -name '.#*' -o -name '*~'| xargs -r rm -rf
echo "libxtables" >> /home/galal/openwrt/staging_dir/target-aarch64_cortex-a53_musl/pkginfo/iptables.default.install
echo "libiptext" >> /home/galal/openwrt/staging_dir/target-aarch64_cortex-a53_musl/pkginfo/iptables.default.install
echo "libiptext6" >> /home/galal/openwrt/staging_dir/target-aarch64_cortex-a53_musl/pkginfo/iptables.default.install
echo "libiptext-nft" >> /home/galal/openwrt/staging_dir/target-aarch64_cortex-a53_musl/pkginfo/iptables.default.install
echo "xtables-nft" >> /home/galal/openwrt/staging_dir/target-aarch64_cortex-a53_musl/pkginfo/iptables.default.install
echo "iptables-nft" >> /home/galal/openwrt/staging_dir/target-aarch64_cortex-a53_musl/pkginfo/iptables.default.install
echo "iptables-mod-ipopt" >> /home/galal/openwrt/staging_dir/target-aarch64_cortex-a53_musl/pkginfo/iptables.default.install
make[2]: Leaving directory '/home/galal/openwrt/package/network/utils/iptables'
time: package/network/utils/iptables/compile#0.17#0.03#0.20
make[2]: Entering directory '/home/galal/openwrt/feeds/packages/net/coova-chilli'
export CROSS="aarch64-openwrt-linux-musl-"  NO_RENAME=1 ; NM="aarch64-openwrt-linux-musl-nm" STRIP="/home/galal/openwrt/staging_dir/host/bin/sstrip -z" STRIP_KMOD="/home/galal/openwrt/scripts/strip-kmod.sh" PATCHELF="/home/galal/openwrt/staging_dir/host/bin/patchelf" /home/galal/openwrt/scripts/rstrip.sh /home/galal/openwrt/build_dir/target-aarch64_cortex-a53_musl/luci-base/ipkg-aarch64_cortex-a53/luci-base
echo "coova-chilli" >> /home/galal/openwrt/staging_dir/target-aarch64_cortex-a53_musl/pkginfo/coova-chilli.default.install
make[2]: Leaving directory '/home/galal/openwrt/feeds/packages/net/coova-chilli'
time: package/feeds/packages/coova-chilli/compile#0.13#0.04#0.16
rstrip.sh: /home/galal/openwrt/build_dir/target-aarch64_cortex-a53_musl/luci-base/ipkg-aarch64_cortex-a53/luci-base/usr/lib/ucode/luci/core.so: shared object
install -d -m0755 /home/galal/openwrt/bin/packages/aarch64_cortex-a53/luci/tmp
mkdir -p /home/galal/openwrt/build_dir/target-aarch64_cortex-a53_musl/luci-base/ipkg-aarch64_cortex-a53/luci-base/CONTROL
(cd /home/galal/openwrt/build_dir/target-aarch64_cortex-a53_musl/luci-base/ipkg-aarch64_cortex-a53/luci-base/CONTROL; ( echo "$CONTROL"; printf "Description: "; echo "$DESCRIPTION" | sed -e 's,^[[:space:]]*, ,g'; ) > control; chmod 644 control; ( echo "#!/bin/sh"; echo "[ \"\${IPKG_NO_SCRIPT}\" = \"1\" ] && exit 0"; echo "[ -s "\${IPKG_INSTROOT}/lib/functions.sh" ] || exit 0"; echo ". \${IPKG_INSTROOT}/lib/functions.sh"; echo "default_postinst \$0 \$@"; ) > postinst; ( echo "#!/bin/sh"; echo "[ -s "\${IPKG_INSTROOT}/lib/functions.sh" ] || exit 0"; echo ". \${IPKG_INSTROOT}/lib/functions.sh"; echo "default_prerm \$0 \$@"; ) > prerm; chmod 0755 postinst prerm; echo "$V_Package_luci_base_conffiles" > conffiles;  echo "$V_Package_luci_base_postinst" > postinst-pkg; chmod 0755 postinst-pkg; )
/home/galal/openwrt/staging_dir/host/bin/fakeroot /home/galal/openwrt/staging_dir/host/bin/bash /home/galal/openwrt/scripts/ipkg-build -m "" /home/galal/openwrt/build_dir/target-aarch64_cortex-a53_musl/luci-base/ipkg-aarch64_cortex-a53/luci-base /home/galal/openwrt/bin/packages/aarch64_cortex-a53/luci
Packaged contents of /home/galal/openwrt/build_dir/target-aarch64_cortex-a53_musl/luci-base/ipkg-aarch64_cortex-a53/luci-base into /home/galal/openwrt/bin/packages/aarch64_cortex-a53/luci/luci-base_25.292.66247~75e41cb_aarch64_cortex-a53.ipk
echo "luci-base" >> /home/galal/openwrt/staging_dir/target-aarch64_cortex-a53_musl/pkginfo/luci-base.default.install
make[2]: Leaving directory '/home/galal/openwrt/feeds/luci/modules/luci-base'
time: package/feeds/luci/luci-base/compile#1.48#0.32#1.76
make[2]: Entering directory '/home/galal/openwrt/package/luci-app-hotspot-openwrt'
echo "luci-app-hotspot-openwrt" >> /home/galal/openwrt/staging_dir/target-aarch64_cortex-a53_musl/pkginfo/luci-app-hotspot-openwrt.default.install
make[2]: Leaving directory '/home/galal/openwrt/package/luci-app-hotspot-openwrt'
time: package/luci-app-hotspot-openwrt/compile#0.11#0.02#0.12
make[1]: Leaving directory '/home/galal/openwrt'
