make[2]: Entering directory '/home/baalwy/openwrt/scripts/config'
make[2]: 'conf' is up to date.
make[2]: Leaving directory '/home/baalwy/openwrt/scripts/config'
make[1]: Entering directory '/home/baalwy/openwrt'
+ mkdir -p /home/baalwy/openwrt/staging_dir/target-aarch64_cortex-a53_musl
+ cd /home/baalwy/openwrt/staging_dir/target-aarch64_cortex-a53_musl
+ mkdir -p bin lib stamp usr/include usr/lib
mkdir -p /home/baalwy/openwrt/build_dir/target-aarch64_cortex-a53_musl/stamp
touch /home/baalwy/openwrt/staging_dir/target-aarch64_cortex-a53_musl/.prepared
make[2]: Entering directory '/home/baalwy/openwrt/feeds/luci/modules/luci-base'
make[2]: Entering directory '/home/baalwy/openwrt/package/utils/lua'
make[2]: Entering directory '/home/baalwy/openwrt/feeds/luci/contrib/package/csstidy'
make[2]: Entering directory '/home/baalwy/openwrt/package/libs/toolchain'
echo "libc" >> /home/baalwy/openwrt/staging_dir/target-aarch64_cortex-a53_musl/pkginfo/toolchain.default.install
echo "libgcc" >> /home/baalwy/openwrt/staging_dir/target-aarch64_cortex-a53_musl/pkginfo/toolchain.default.install
echo "libatomic" >> /home/baalwy/openwrt/staging_dir/target-aarch64_cortex-a53_musl/pkginfo/toolchain.default.install
echo "libpthread" >> /home/baalwy/openwrt/staging_dir/target-aarch64_cortex-a53_musl/pkginfo/toolchain.default.install
echo "librt" >> /home/baalwy/openwrt/staging_dir/target-aarch64_cortex-a53_musl/pkginfo/toolchain.default.install
make[2]: Leaving directory '/home/baalwy/openwrt/package/libs/toolchain'
time: package/libs/toolchain/compile#0.13#0.03#0.16
make[2]: Leaving directory '/home/baalwy/openwrt/feeds/luci/contrib/package/csstidy'
time: package/feeds/luci/csstidy/host-compile#0.15#0.04#0.17
make[2]: Entering directory '/home/baalwy/openwrt/package/utils/lua'
make[2]: Entering directory '/home/baalwy/openwrt/package/libs/libjson-c'
make[2]: Entering directory '/home/baalwy/openwrt/package/libs/libmd'
make[2]: Entering directory '/home/baalwy/openwrt/package/libs/libnl-tiny'
make[2]: Leaving directory '/home/baalwy/openwrt/package/utils/lua'
time: package/utils/lua/host-compile#0.14#0.05#0.17
echo "libnl-tiny" >> /home/baalwy/openwrt/staging_dir/target-aarch64_cortex-a53_musl/pkginfo/libnl-tiny.default.install
make[2]: Leaving directory '/home/baalwy/openwrt/package/libs/libnl-tiny'
time: package/libs/libnl-tiny/compile#0.12#0.02#0.14
make[2]: Leaving directory '/home/baalwy/openwrt/package/libs/libmd'
time: package/libs/libmd/compile#0.13#0.03#0.15
echo "libjson-c" >> /home/baalwy/openwrt/staging_dir/target-aarch64_cortex-a53_musl/pkginfo/libjson-c.default.install
echo "liblua" >> /home/baalwy/openwrt/staging_dir/target-aarch64_cortex-a53_musl/pkginfo/lua.default.install
make[2]: Leaving directory '/home/baalwy/openwrt/package/libs/libjson-c'
time: package/libs/libjson-c/compile#0.16#0.04#0.19
echo "lua" >> /home/baalwy/openwrt/staging_dir/target-aarch64_cortex-a53_musl/pkginfo/lua.default.install
make[2]: Leaving directory '/home/baalwy/openwrt/package/utils/lua'
time: package/utils/lua/compile#0.17#0.04#0.19
make[2]: Entering directory '/home/baalwy/openwrt/package/libs/libubox'
[ ! -d ./src/ ] || cp -fpR ./src/* /home/baalwy/openwrt/build_dir/hostpkg/luci-base
touch /home/baalwy/openwrt/build_dir/hostpkg/luci-base/.preparedeaf31d15c686f5e24328cca84d29faba_6664517399ebbbc92a37c5bb081b5c53
touch /home/baalwy/openwrt/build_dir/hostpkg/luci-base/.configured
make -C src/ clean po2lmo jsmin
make[3]: Entering directory '/home/baalwy/openwrt/feeds/luci/modules/luci-base/src'
rm -f contrib/lemon lib/*.o lib/plural_formula.c lib/plural_formula.h core.so version.uc
cc -std=gnu17 -o contrib/lemon contrib/lemon.c
echo "libubox" >> /home/baalwy/openwrt/staging_dir/target-aarch64_cortex-a53_musl/pkginfo/libubox.default.install
echo "libblobmsg-json" >> /home/baalwy/openwrt/staging_dir/target-aarch64_cortex-a53_musl/pkginfo/libubox.default.install
echo "jshn" >> /home/baalwy/openwrt/staging_dir/target-aarch64_cortex-a53_musl/pkginfo/libubox.default.install
echo "libjson-script" >> /home/baalwy/openwrt/staging_dir/target-aarch64_cortex-a53_musl/pkginfo/libubox.default.install
make[2]: Leaving directory '/home/baalwy/openwrt/package/libs/libubox'
time: package/libs/libubox/compile#0.17#0.03#0.19
make[2]: Entering directory '/home/baalwy/openwrt/package/system/ubus'
make[2]: Entering directory '/home/baalwy/openwrt/package/system/uci'
echo "libubus" >> /home/baalwy/openwrt/staging_dir/target-aarch64_cortex-a53_musl/pkginfo/ubus.default.install
echo "libuci" >> /home/baalwy/openwrt/staging_dir/target-aarch64_cortex-a53_musl/pkginfo/uci.default.install
echo "libubus-lua" >> /home/baalwy/openwrt/staging_dir/target-aarch64_cortex-a53_musl/pkginfo/ubus.default.install
echo "uci" >> /home/baalwy/openwrt/staging_dir/target-aarch64_cortex-a53_musl/pkginfo/uci.default.install
echo "ubus" >> /home/baalwy/openwrt/staging_dir/target-aarch64_cortex-a53_musl/pkginfo/ubus.default.install
make[2]: Leaving directory '/home/baalwy/openwrt/package/system/uci'
time: package/system/uci/compile#0.12#0.02#0.13
echo "ubusd" >> /home/baalwy/openwrt/staging_dir/target-aarch64_cortex-a53_musl/pkginfo/ubus.default.install
make[2]: Leaving directory '/home/baalwy/openwrt/package/system/ubus'
time: package/system/ubus/compile#0.13#0.02#0.14
make[2]: Entering directory '/home/baalwy/openwrt/package/utils/ucode'
make[2]: Entering directory '/home/baalwy/openwrt/package/network/utils/iwinfo'
make[2]: Entering directory '/home/baalwy/openwrt/feeds/packages/net/cgi-io'
./contrib/lemon -q lib/plural_formula.y
cc    -DNDEBUG -c -o lib/lmo.o lib/lmo.c
cc    -DNDEBUG -c -o lib/plural_formula.o lib/plural_formula.c
cc  -o po2lmo po2lmo.o lib/lmo.o lib/plural_formula.o
make[3]: 'jsmin' is up to date.
make[3]: Leaving directory '/home/baalwy/openwrt/feeds/luci/modules/luci-base/src'
touch /home/baalwy/openwrt/build_dir/hostpkg/luci-base/.built
install -d -m0755 /home/baalwy/openwrt/staging_dir/hostpkg/bin
install -m0755 src/po2lmo /home/baalwy/openwrt/staging_dir/hostpkg/bin/po2lmo
install -m0755 src/jsmin /home/baalwy/openwrt/staging_dir/hostpkg/bin/jsmin
mkdir -p /home/baalwy/openwrt/staging_dir/hostpkg/stamp
touch /home/baalwy/openwrt/build_dir/hostpkg/luci-base/.built
touch /home/baalwy/openwrt/staging_dir/hostpkg/stamp/.luci-base_installed 
make[2]: Leaving directory '/home/baalwy/openwrt/feeds/luci/modules/luci-base'
time: package/feeds/luci/luci-base/host-compile#0.72#0.13#0.84
echo "cgi-io" >> /home/baalwy/openwrt/staging_dir/target-aarch64_cortex-a53_musl/pkginfo/cgi-io.default.install
make[2]: Leaving directory '/home/baalwy/openwrt/feeds/packages/net/cgi-io'
time: package/feeds/packages/cgi-io/compile#0.13#0.02#0.14
echo "libiwinfo" >> /home/baalwy/openwrt/staging_dir/target-aarch64_cortex-a53_musl/pkginfo/iwinfo.default.install
echo "libiwinfo-data" >> /home/baalwy/openwrt/staging_dir/target-aarch64_cortex-a53_musl/pkginfo/iwinfo.default.install
echo "iwinfo" >> /home/baalwy/openwrt/staging_dir/target-aarch64_cortex-a53_musl/pkginfo/iwinfo.default.install
make[2]: Leaving directory '/home/baalwy/openwrt/package/network/utils/iwinfo'
time: package/network/utils/iwinfo/compile#0.13#0.03#0.14
echo "libucode" >> /home/baalwy/openwrt/staging_dir/target-aarch64_cortex-a53_musl/pkginfo/ucode.default.install
echo "ucode" >> /home/baalwy/openwrt/staging_dir/target-aarch64_cortex-a53_musl/pkginfo/ucode.default.install
echo "ucode-mod-fs" >> /home/baalwy/openwrt/staging_dir/target-aarch64_cortex-a53_musl/pkginfo/ucode.default.install
echo "ucode-mod-math" >> /home/baalwy/openwrt/staging_dir/target-aarch64_cortex-a53_musl/pkginfo/ucode.default.install
echo "ucode-mod-nl80211" >> /home/baalwy/openwrt/staging_dir/target-aarch64_cortex-a53_musl/pkginfo/ucode.default.install
echo "ucode-mod-rtnl" >> /home/baalwy/openwrt/staging_dir/target-aarch64_cortex-a53_musl/pkginfo/ucode.default.install
echo "ucode-mod-ubus" >> /home/baalwy/openwrt/staging_dir/target-aarch64_cortex-a53_musl/pkginfo/ucode.default.install
echo "ucode-mod-uci" >> /home/baalwy/openwrt/staging_dir/target-aarch64_cortex-a53_musl/pkginfo/ucode.default.install
echo "ucode-mod-uloop" >> /home/baalwy/openwrt/staging_dir/target-aarch64_cortex-a53_musl/pkginfo/ucode.default.install
make[2]: Leaving directory '/home/baalwy/openwrt/package/utils/ucode'
time: package/utils/ucode/compile#0.20#0.04#0.23
make[2]: Entering directory '/home/baalwy/openwrt/feeds/luci/contrib/package/lucihttp'
make[2]: Entering directory '/home/baalwy/openwrt/package/system/rpcd'
make[2]: Entering directory '/home/baalwy/openwrt/feeds/luci/contrib/package/ucode-mod-html'
echo "ucode-mod-html" >> /home/baalwy/openwrt/staging_dir/target-aarch64_cortex-a53_musl/pkginfo/ucode-mod-html.default.install
make[2]: Leaving directory '/home/baalwy/openwrt/feeds/luci/contrib/package/ucode-mod-html'
time: package/feeds/luci/ucode-mod-html/compile#0.12#0.01#0.12
echo "liblucihttp" >> /home/baalwy/openwrt/staging_dir/target-aarch64_cortex-a53_musl/pkginfo/lucihttp.default.install
echo "liblucihttp-lua" >> /home/baalwy/openwrt/staging_dir/target-aarch64_cortex-a53_musl/pkginfo/lucihttp.default.install
echo "liblucihttp-ucode" >> /home/baalwy/openwrt/staging_dir/target-aarch64_cortex-a53_musl/pkginfo/lucihttp.default.install
make[2]: Leaving directory '/home/baalwy/openwrt/feeds/luci/contrib/package/lucihttp'
time: package/feeds/luci/lucihttp/compile#0.13#0.02#0.14
echo "rpcd" >> /home/baalwy/openwrt/staging_dir/target-aarch64_cortex-a53_musl/pkginfo/rpcd.default.install
echo "rpcd-mod-file" >> /home/baalwy/openwrt/staging_dir/target-aarch64_cortex-a53_musl/pkginfo/rpcd.default.install
echo "rpcd-mod-iwinfo" >> /home/baalwy/openwrt/staging_dir/target-aarch64_cortex-a53_musl/pkginfo/rpcd.default.install
echo "rpcd-mod-ucode" >> /home/baalwy/openwrt/staging_dir/target-aarch64_cortex-a53_musl/pkginfo/rpcd.default.install
make[2]: Leaving directory '/home/baalwy/openwrt/package/system/rpcd'
time: package/system/rpcd/compile#0.14#0.02#0.15
make[2]: Entering directory '/home/baalwy/openwrt/feeds/luci/libs/rpcd-mod-luci'
echo "rpcd-mod-luci" >> /home/baalwy/openwrt/staging_dir/target-aarch64_cortex-a53_musl/pkginfo/rpcd-mod-luci.default.install
make[2]: Leaving directory '/home/baalwy/openwrt/feeds/luci/libs/rpcd-mod-luci'
time: package/feeds/luci/rpcd-mod-luci/compile#0.10#0.02#0.11
make[2]: Entering directory '/home/baalwy/openwrt/feeds/luci/modules/luci-base'
touch /home/baalwy/openwrt/build_dir/target-aarch64_cortex-a53_musl/luci-base/.prepared_113d0b82a2223cf7e407c652b0501356_6664517399ebbbc92a37c5bb081b5c53_check
for d in luasrc ucode htdocs root src; do if [ -d ./$d ]; then mkdir -p /home/baalwy/openwrt/build_dir/target-aarch64_cortex-a53_musl/luci-base/$d; cp -fpR ./$d/* /home/baalwy/openwrt/build_dir/target-aarch64_cortex-a53_musl/luci-base/$d/; fi; done
cp -fpR ../../NOTICE /home/baalwy/openwrt/build_dir/target-aarch64_cortex-a53_musl/luci-base
cp -fpR ../../LICENSE /home/baalwy/openwrt/build_dir/target-aarch64_cortex-a53_musl/luci-base
true
[ ! -d ./src/ ] || cp -fpR ./src/. /home/baalwy/openwrt/build_dir/target-aarch64_cortex-a53_musl/luci-base
touch /home/baalwy/openwrt/build_dir/target-aarch64_cortex-a53_musl/luci-base/.prepared_113d0b82a2223cf7e407c652b0501356_6664517399ebbbc92a37c5bb081b5c53
rm -f /home/baalwy/openwrt/build_dir/target-aarch64_cortex-a53_musl/luci-base/.configured_*
rm -f /home/baalwy/openwrt/staging_dir/target-aarch64_cortex-a53_musl/stamp/.luci-base_installed
touch /home/baalwy/openwrt/build_dir/target-aarch64_cortex-a53_musl/luci-base/.configured_811dc2f0ccfbe4b68a068320f8578dbe
rm -f /home/baalwy/openwrt/build_dir/target-aarch64_cortex-a53_musl/luci-base/.built
touch /home/baalwy/openwrt/build_dir/target-aarch64_cortex-a53_musl/luci-base/.built_check
CFLAGS="-Os -pipe -mcpu=cortex-a53 -fno-caller-saves -fno-plt -fhonour-copts -fmacro-prefix-map=/home/baalwy/openwrt/build_dir/target-aarch64_cortex-a53_musl/luci-base=luci-base -Wformat -Werror=format-security -fstack-protector -D_FORTIFY_SOURCE=1 -Wl,-z,now -Wl,-z,relro  -I/home/baalwy/openwrt/staging_dir/toolchain-aarch64_cortex-a53_gcc-13.3.0_musl/usr/include -I/home/baalwy/openwrt/staging_dir/toolchain-aarch64_cortex-a53_gcc-13.3.0_musl/include -I/home/baalwy/openwrt/staging_dir/toolchain-aarch64_cortex-a53_gcc-13.3.0_musl/include/fortify " CXXFLAGS="-Os -pipe -mcpu=cortex-a53 -fno-caller-saves -fno-plt -fhonour-copts -fmacro-prefix-map=/home/baalwy/openwrt/build_dir/target-aarch64_cortex-a53_musl/luci-base=luci-base -Wformat -Werror=format-security -fstack-protector -D_FORTIFY_SOURCE=1 -Wl,-z,now -Wl,-z,relro  -I/home/baalwy/openwrt/staging_dir/toolchain-aarch64_cortex-a53_gcc-13.3.0_musl/usr/include -I/home/baalwy/openwrt/staging_dir/toolchain-aarch64_cortex-a53_gcc-13.3.0_musl/include -I/home/baalwy/openwrt/staging_dir/toolchain-aarch64_cortex-a53_gcc-13.3.0_musl/include/fortify " LDFLAGS="-L/home/baalwy/openwrt/staging_dir/toolchain-aarch64_cortex-a53_gcc-13.3.0_musl/usr/lib -L/home/baalwy/openwrt/staging_dir/toolchain-aarch64_cortex-a53_gcc-13.3.0_musl/lib -fuse-ld=bfd -znow -zrelro " FPIC="-DPIC -fPIC" LUCI_VERSION="25.292.66247~75e41cb" LUCI_GITBRANCH="LuCI openwrt-24.10 branch" make -j1 -C /home/baalwy/openwrt/build_dir/target-aarch64_cortex-a53_musl/luci-base/src/ AR="aarch64-openwrt-linux-musl-gcc-ar" AS="aarch64-openwrt-linux-musl-gcc -c -Os -pipe -mcpu=cortex-a53 -fno-caller-saves -fno-plt -fhonour-copts -fmacro-prefix-map=/home/baalwy/openwrt/build_dir/target-aarch64_cortex-a53_musl/luci-base=luci-base -Wformat -Werror=format-security -fstack-protector -D_FORTIFY_SOURCE=1 -Wl,-z,now -Wl,-z,relro" LD="aarch64-openwrt-linux-musl-ld.bfd" NM="aarch64-openwrt-linux-musl-gcc-nm" CC="aarch64-openwrt-linux-musl-gcc" GCC="aarch64-openwrt-linux-musl-gcc" CXX="aarch64-openwrt-linux-musl-g++" RANLIB="aarch64-openwrt-linux-musl-gcc-ranlib" STRIP=aarch64-openwrt-linux-musl-strip OBJCOPY=aarch64-openwrt-linux-musl-objcopy OBJDUMP=aarch64-openwrt-linux-musl-objdump SIZE=aarch64-openwrt-linux-musl-size CROSS="aarch64-openwrt-linux-musl-" ARCH="aarch64" clean compile;
make[3]: Entering directory '/home/baalwy/openwrt/build_dir/target-aarch64_cortex-a53_musl/luci-base/src'
rm -f contrib/lemon lib/*.o lib/plural_formula.c lib/plural_formula.h core.so version.uc
aarch64-openwrt-linux-musl-gcc  -Os -pipe -mcpu=cortex-a53 -fno-caller-saves -fno-plt -fhonour-copts -fmacro-prefix-map=/home/baalwy/openwrt/build_dir/target-aarch64_cortex-a53_musl/luci-base=luci-base -Wformat -Werror=format-security -fstack-protector -D_FORTIFY_SOURCE=1 -Wl,-z,now -Wl,-z,relro  -I/home/baalwy/openwrt/staging_dir/toolchain-aarch64_cortex-a53_gcc-13.3.0_musl/usr/include -I/home/baalwy/openwrt/staging_dir/toolchain-aarch64_cortex-a53_gcc-13.3.0_musl/include -I/home/baalwy/openwrt/staging_dir/toolchain-aarch64_cortex-a53_gcc-13.3.0_musl/include/fortify  -DPIC -fPIC -DNDEBUG -c -o lib/luci.o lib/luci.c
cc -std=gnu17 -o contrib/lemon contrib/lemon.c
./contrib/lemon -q lib/plural_formula.y
aarch64-openwrt-linux-musl-gcc  -Os -pipe -mcpu=cortex-a53 -fno-caller-saves -fno-plt -fhonour-copts -fmacro-prefix-map=/home/baalwy/openwrt/build_dir/target-aarch64_cortex-a53_musl/luci-base=luci-base -Wformat -Werror=format-security -fstack-protector -D_FORTIFY_SOURCE=1 -Wl,-z,now -Wl,-z,relro  -I/home/baalwy/openwrt/staging_dir/toolchain-aarch64_cortex-a53_gcc-13.3.0_musl/usr/include -I/home/baalwy/openwrt/staging_dir/toolchain-aarch64_cortex-a53_gcc-13.3.0_musl/include -I/home/baalwy/openwrt/staging_dir/toolchain-aarch64_cortex-a53_gcc-13.3.0_musl/include/fortify  -DPIC -fPIC -DNDEBUG -c -o lib/lmo.o lib/lmo.c
aarch64-openwrt-linux-musl-gcc  -Os -pipe -mcpu=cortex-a53 -fno-caller-saves -fno-plt -fhonour-copts -fmacro-prefix-map=/home/baalwy/openwrt/build_dir/target-aarch64_cortex-a53_musl/luci-base=luci-base -Wformat -Werror=format-security -fstack-protector -D_FORTIFY_SOURCE=1 -Wl,-z,now -Wl,-z,relro  -I/home/baalwy/openwrt/staging_dir/toolchain-aarch64_cortex-a53_gcc-13.3.0_musl/usr/include -I/home/baalwy/openwrt/staging_dir/toolchain-aarch64_cortex-a53_gcc-13.3.0_musl/include -I/home/baalwy/openwrt/staging_dir/toolchain-aarch64_cortex-a53_gcc-13.3.0_musl/include/fortify  -DPIC -fPIC -DNDEBUG -c -o lib/plural_formula.o lib/plural_formula.c
aarch64-openwrt-linux-musl-gcc -L/home/baalwy/openwrt/staging_dir/toolchain-aarch64_cortex-a53_gcc-13.3.0_musl/usr/lib -L/home/baalwy/openwrt/staging_dir/toolchain-aarch64_cortex-a53_gcc-13.3.0_musl/lib -fuse-ld=bfd -znow -zrelro  -shared -lcrypt -o core.so lib/luci.o lib/lmo.o lib/plural_formula.o
echo "export const revision = '25.292.66247~75e41cb', branch = 'LuCI openwrt-24.10 branch';" > version.uc
make[3]: Leaving directory '/home/baalwy/openwrt/build_dir/target-aarch64_cortex-a53_musl/luci-base/src'
CFLAGS="-Os -pipe -mcpu=cortex-a53 -fno-caller-saves -fno-plt -fhonour-copts -fmacro-prefix-map=/home/baalwy/openwrt/build_dir/target-aarch64_cortex-a53_musl/luci-base=luci-base -Wformat -Werror=format-security -fstack-protector -D_FORTIFY_SOURCE=1 -Wl,-z,now -Wl,-z,relro  -I/home/baalwy/openwrt/staging_dir/toolchain-aarch64_cortex-a53_gcc-13.3.0_musl/usr/include -I/home/baalwy/openwrt/staging_dir/toolchain-aarch64_cortex-a53_gcc-13.3.0_musl/include -I/home/baalwy/openwrt/staging_dir/toolchain-aarch64_cortex-a53_gcc-13.3.0_musl/include/fortify " CXXFLAGS="-Os -pipe -mcpu=cortex-a53 -fno-caller-saves -fno-plt -fhonour-copts -fmacro-prefix-map=/home/baalwy/openwrt/build_dir/target-aarch64_cortex-a53_musl/luci-base=luci-base -Wformat -Werror=format-security -fstack-protector -D_FORTIFY_SOURCE=1 -Wl,-z,now -Wl,-z,relro  -I/home/baalwy/openwrt/staging_dir/toolchain-aarch64_cortex-a53_gcc-13.3.0_musl/usr/include -I/home/baalwy/openwrt/staging_dir/toolchain-aarch64_cortex-a53_gcc-13.3.0_musl/include -I/home/baalwy/openwrt/staging_dir/toolchain-aarch64_cortex-a53_gcc-13.3.0_musl/include/fortify " LDFLAGS="-L/home/baalwy/openwrt/staging_dir/toolchain-aarch64_cortex-a53_gcc-13.3.0_musl/usr/lib -L/home/baalwy/openwrt/staging_dir/toolchain-aarch64_cortex-a53_gcc-13.3.0_musl/lib -fuse-ld=bfd -znow -zrelro " FPIC="-DPIC -fPIC" LUCI_VERSION="25.292.66247~75e41cb" LUCI_GITBRANCH="LuCI openwrt-24.10 branch" make -C /home/baalwy/openwrt/build_dir/target-aarch64_cortex-a53_musl/luci-base/src/ AR="aarch64-openwrt-linux-musl-gcc-ar" AS="aarch64-openwrt-linux-musl-gcc -c -Os -pipe -mcpu=cortex-a53 -fno-caller-saves -fno-plt -fhonour-copts -fmacro-prefix-map=/home/baalwy/openwrt/build_dir/target-aarch64_cortex-a53_musl/luci-base=luci-base -Wformat -Werror=format-security -fstack-protector -D_FORTIFY_SOURCE=1 -Wl,-z,now -Wl,-z,relro" LD="aarch64-openwrt-linux-musl-ld.bfd" NM="aarch64-openwrt-linux-musl-gcc-nm" CC="aarch64-openwrt-linux-musl-gcc" GCC="aarch64-openwrt-linux-musl-gcc" CXX="aarch64-openwrt-linux-musl-g++" RANLIB="aarch64-openwrt-linux-musl-gcc-ranlib" STRIP=aarch64-openwrt-linux-musl-strip OBJCOPY=aarch64-openwrt-linux-musl-objcopy OBJDUMP=aarch64-openwrt-linux-musl-objdump SIZE=aarch64-openwrt-linux-musl-size CROSS="aarch64-openwrt-linux-musl-" ARCH="aarch64" DESTDIR="/home/baalwy/openwrt/build_dir/target-aarch64_cortex-a53_musl/luci-base/ipkg-install"   install;
make[3]: Entering directory '/home/baalwy/openwrt/build_dir/target-aarch64_cortex-a53_musl/luci-base/src'
mkdir -p /home/baalwy/openwrt/build_dir/target-aarch64_cortex-a53_musl/luci-base/ipkg-install/usr/lib/ucode/luci
cp core.so /home/baalwy/openwrt/build_dir/target-aarch64_cortex-a53_musl/luci-base/ipkg-install/usr/lib/ucode/luci/core.so
mkdir -p /home/baalwy/openwrt/build_dir/target-aarch64_cortex-a53_musl/luci-base/ipkg-install/usr/share/ucode/luci
cp version.uc /home/baalwy/openwrt/build_dir/target-aarch64_cortex-a53_musl/luci-base/ipkg-install/usr/share/ucode/luci/version.uc
make[3]: Leaving directory '/home/baalwy/openwrt/build_dir/target-aarch64_cortex-a53_musl/luci-base/src'
touch /home/baalwy/openwrt/build_dir/target-aarch64_cortex-a53_musl/luci-base/.built
rm -rf /home/baalwy/openwrt/build_dir/target-aarch64_cortex-a53_musl/luci-base/.pkgdir/luci-base.installed /home/baalwy/openwrt/build_dir/target-aarch64_cortex-a53_musl/luci-base/.pkgdir/luci-base
mkdir -p /home/baalwy/openwrt/build_dir/target-aarch64_cortex-a53_musl/luci-base/.pkgdir/luci-base
install -d -m0755 /home/baalwy/openwrt/build_dir/target-aarch64_cortex-a53_musl/luci-base/.pkgdir/luci-base/usr/share/ucode/luci
cp -pR /home/baalwy/openwrt/build_dir/target-aarch64_cortex-a53_musl/luci-base/ucode/* /home/baalwy/openwrt/build_dir/target-aarch64_cortex-a53_musl/luci-base/.pkgdir/luci-base/usr/share/ucode/luci/
find /home/baalwy/openwrt/build_dir/target-aarch64_cortex-a53_musl/luci-base/.pkgdir/luci-base/usr/share/ucode/luci/ -type f -name '*.htm' | while read src; do /home/baalwy/openwrt/staging_dir/host/bin/sed -i -e 's/<%# *\([^ ]*\)PKG_VERSION *%>/\125.292.66247~75e41cb/g' -e 's/"\(<%= *\(media\|resource\) *%>[^"]*\.\(js\|css\)\)"/"\1?v=25.292.66247~75e41cb"/g' "$src"; done; find /home/baalwy/openwrt/build_dir/target-aarch64_cortex-a53_musl/luci-base/.pkgdir/luci-base/usr/share/ucode/luci/ -type f -name '*.ut' | while read src; do /home/baalwy/openwrt/staging_dir/host/bin/sed -i -e 's/{# *\([^ ]*\)PKG_VERSION *#}/\125.292.66247~75e41cb/g' -e 's/"\({{ *\(media\|resource\) *}}[^"]*\.\(js\|css\)\)"/"\1?v=25.292.66247~75e41cb"/g' "$src"; done
install -d -m0755 /home/baalwy/openwrt/build_dir/target-aarch64_cortex-a53_musl/luci-base/.pkgdir/luci-base/www
cp -pR /home/baalwy/openwrt/build_dir/target-aarch64_cortex-a53_musl/luci-base/htdocs/* /home/baalwy/openwrt/build_dir/target-aarch64_cortex-a53_musl/luci-base/.pkgdir/luci-base/www/
find /home/baalwy/openwrt/build_dir/target-aarch64_cortex-a53_musl/luci-base/.pkgdir/luci-base/www/ -type f -name '*.js' | while read src; do if jsmin < "$src" > "$src.o"; then mv "$src.o" "$src"; fi; done
find /home/baalwy/openwrt/build_dir/target-aarch64_cortex-a53_musl/luci-base/.pkgdir/luci-base/www/ -type f -name '*.css' | while read src; do if csstidy "$src" --template=highest --remove_last_semicolon=true "$src.o"; then mv "$src.o" "$src"; fi; done
install -d -m0755 /home/baalwy/openwrt/build_dir/target-aarch64_cortex-a53_musl/luci-base/.pkgdir/luci-base/
cp -pR /home/baalwy/openwrt/build_dir/target-aarch64_cortex-a53_musl/luci-base/root/* /home/baalwy/openwrt/build_dir/target-aarch64_cortex-a53_musl/luci-base/.pkgdir/luci-base/
CFLAGS="-Os -pipe -mcpu=cortex-a53 -fno-caller-saves -fno-plt -fhonour-copts -fmacro-prefix-map=/home/baalwy/openwrt/build_dir/target-aarch64_cortex-a53_musl/luci-base=luci-base -Wformat -Werror=format-security -fstack-protector -D_FORTIFY_SOURCE=1 -Wl,-z,now -Wl,-z,relro  -I/home/baalwy/openwrt/staging_dir/toolchain-aarch64_cortex-a53_gcc-13.3.0_musl/usr/include -I/home/baalwy/openwrt/staging_dir/toolchain-aarch64_cortex-a53_gcc-13.3.0_musl/include -I/home/baalwy/openwrt/staging_dir/toolchain-aarch64_cortex-a53_gcc-13.3.0_musl/include/fortify " CXXFLAGS="-Os -pipe -mcpu=cortex-a53 -fno-caller-saves -fno-plt -fhonour-copts -fmacro-prefix-map=/home/baalwy/openwrt/build_dir/target-aarch64_cortex-a53_musl/luci-base=luci-base -Wformat -Werror=format-security -fstack-protector -D_FORTIFY_SOURCE=1 -Wl,-z,now -Wl,-z,relro  -I/home/baalwy/openwrt/staging_dir/toolchain-aarch64_cortex-a53_gcc-13.3.0_musl/usr/include -I/home/baalwy/openwrt/staging_dir/toolchain-aarch64_cortex-a53_gcc-13.3.0_musl/include -I/home/baalwy/openwrt/staging_dir/toolchain-aarch64_cortex-a53_gcc-13.3.0_musl/include/fortify " LDFLAGS="-L/home/baalwy/openwrt/staging_dir/toolchain-aarch64_cortex-a53_gcc-13.3.0_musl/usr/lib -L/home/baalwy/openwrt/staging_dir/toolchain-aarch64_cortex-a53_gcc-13.3.0_musl/lib -fuse-ld=bfd -znow -zrelro " FPIC="-DPIC -fPIC" LUCI_VERSION="25.292.66247~75e41cb" LUCI_GITBRANCH="LuCI openwrt-24.10 branch" make -C /home/baalwy/openwrt/build_dir/target-aarch64_cortex-a53_musl/luci-base/src/ AR="aarch64-openwrt-linux-musl-gcc-ar" AS="aarch64-openwrt-linux-musl-gcc -c -Os -pipe -mcpu=cortex-a53 -fno-caller-saves -fno-plt -fhonour-copts -fmacro-prefix-map=/home/baalwy/openwrt/build_dir/target-aarch64_cortex-a53_musl/luci-base=luci-base -Wformat -Werror=format-security -fstack-protector -D_FORTIFY_SOURCE=1 -Wl,-z,now -Wl,-z,relro" LD="aarch64-openwrt-linux-musl-ld.bfd" NM="aarch64-openwrt-linux-musl-gcc-nm" CC="aarch64-openwrt-linux-musl-gcc" GCC="aarch64-openwrt-linux-musl-gcc" CXX="aarch64-openwrt-linux-musl-g++" RANLIB="aarch64-openwrt-linux-musl-gcc-ranlib" STRIP=aarch64-openwrt-linux-musl-strip OBJCOPY=aarch64-openwrt-linux-musl-objcopy OBJDUMP=aarch64-openwrt-linux-musl-objdump SIZE=aarch64-openwrt-linux-musl-size CROSS="aarch64-openwrt-linux-musl-" ARCH="aarch64" DESTDIR="/home/baalwy/openwrt/build_dir/target-aarch64_cortex-a53_musl/luci-base/ipkg-install"   install;
make[3]: Entering directory '/home/baalwy/openwrt/build_dir/target-aarch64_cortex-a53_musl/luci-base/src'
mkdir -p /home/baalwy/openwrt/build_dir/target-aarch64_cortex-a53_musl/luci-base/ipkg-install/usr/lib/ucode/luci
cp core.so /home/baalwy/openwrt/build_dir/target-aarch64_cortex-a53_musl/luci-base/ipkg-install/usr/lib/ucode/luci/core.so
mkdir -p /home/baalwy/openwrt/build_dir/target-aarch64_cortex-a53_musl/luci-base/ipkg-install/usr/share/ucode/luci
cp version.uc /home/baalwy/openwrt/build_dir/target-aarch64_cortex-a53_musl/luci-base/ipkg-install/usr/share/ucode/luci/version.uc
make[3]: Leaving directory '/home/baalwy/openwrt/build_dir/target-aarch64_cortex-a53_musl/luci-base/src'
cp -fpR /home/baalwy/openwrt/build_dir/target-aarch64_cortex-a53_musl/luci-base/ipkg-install/* /home/baalwy/openwrt/build_dir/target-aarch64_cortex-a53_musl/luci-base/.pkgdir/luci-base/
touch /home/baalwy/openwrt/build_dir/target-aarch64_cortex-a53_musl/luci-base/.pkgdir/luci-base.installed
mkdir -p /home/baalwy/openwrt/staging_dir/target-aarch64_cortex-a53_musl/root-qualcommax/stamp
SHELL= flock /home/baalwy/openwrt/tmp/.root-copy.flock -c 'cp -fpR /home/baalwy/openwrt/build_dir/target-aarch64_cortex-a53_musl/luci-base/.pkgdir/luci-base/. /home/baalwy/openwrt/staging_dir/target-aarch64_cortex-a53_musl/root-qualcommax/'
touch /home/baalwy/openwrt/staging_dir/target-aarch64_cortex-a53_musl/root-qualcommax/stamp/.luci-base_installed
rm -rf /home/baalwy/openwrt/build_dir/target-aarch64_cortex-a53_musl/luci-base/ipkg-aarch64_cortex-a53/luci-base
/home/baalwy/openwrt/scripts/ipkg-remove luci-base /home/baalwy/openwrt/bin/packages/aarch64_cortex-a53/luci/luci-base_25.292.66247~75e41cb_aarch64_cortex-a53.ipk
removed '/home/baalwy/openwrt/bin/packages/aarch64_cortex-a53/luci/luci-base_25.292.66247~75e41cb_aarch64_cortex-a53.ipk'
mkdir -p /home/baalwy/openwrt/bin/targets/qualcommax/ipq60xx/packages /home/baalwy/openwrt/build_dir/target-aarch64_cortex-a53_musl/luci-base/ipkg-aarch64_cortex-a53/luci-base /home/baalwy/openwrt/staging_dir/target-aarch64_cortex-a53_musl/pkginfo
install -d -m0755 /home/baalwy/openwrt/build_dir/target-aarch64_cortex-a53_musl/luci-base/ipkg-aarch64_cortex-a53/luci-base/usr/share/ucode/luci
cp -pR /home/baalwy/openwrt/build_dir/target-aarch64_cortex-a53_musl/luci-base/ucode/* /home/baalwy/openwrt/build_dir/target-aarch64_cortex-a53_musl/luci-base/ipkg-aarch64_cortex-a53/luci-base/usr/share/ucode/luci/
find /home/baalwy/openwrt/build_dir/target-aarch64_cortex-a53_musl/luci-base/ipkg-aarch64_cortex-a53/luci-base/usr/share/ucode/luci/ -type f -name '*.htm' | while read src; do /home/baalwy/openwrt/staging_dir/host/bin/sed -i -e 's/<%# *\([^ ]*\)PKG_VERSION *%>/\125.292.66247~75e41cb/g' -e 's/"\(<%= *\(media\|resource\) *%>[^"]*\.\(js\|css\)\)"/"\1?v=25.292.66247~75e41cb"/g' "$src"; done; find /home/baalwy/openwrt/build_dir/target-aarch64_cortex-a53_musl/luci-base/ipkg-aarch64_cortex-a53/luci-base/usr/share/ucode/luci/ -type f -name '*.ut' | while read src; do /home/baalwy/openwrt/staging_dir/host/bin/sed -i -e 's/{# *\([^ ]*\)PKG_VERSION *#}/\125.292.66247~75e41cb/g' -e 's/"\({{ *\(media\|resource\) *}}[^"]*\.\(js\|css\)\)"/"\1?v=25.292.66247~75e41cb"/g' "$src"; done
install -d -m0755 /home/baalwy/openwrt/build_dir/target-aarch64_cortex-a53_musl/luci-base/ipkg-aarch64_cortex-a53/luci-base/www
cp -pR /home/baalwy/openwrt/build_dir/target-aarch64_cortex-a53_musl/luci-base/htdocs/* /home/baalwy/openwrt/build_dir/target-aarch64_cortex-a53_musl/luci-base/ipkg-aarch64_cortex-a53/luci-base/www/
find /home/baalwy/openwrt/build_dir/target-aarch64_cortex-a53_musl/luci-base/ipkg-aarch64_cortex-a53/luci-base/www/ -type f -name '*.js' | while read src; do if jsmin < "$src" > "$src.o"; then mv "$src.o" "$src"; fi; done
find /home/baalwy/openwrt/build_dir/target-aarch64_cortex-a53_musl/luci-base/ipkg-aarch64_cortex-a53/luci-base/www/ -type f -name '*.css' | while read src; do if csstidy "$src" --template=highest --remove_last_semicolon=true "$src.o"; then mv "$src.o" "$src"; fi; done
install -d -m0755 /home/baalwy/openwrt/build_dir/target-aarch64_cortex-a53_musl/luci-base/ipkg-aarch64_cortex-a53/luci-base/
cp -pR /home/baalwy/openwrt/build_dir/target-aarch64_cortex-a53_musl/luci-base/root/* /home/baalwy/openwrt/build_dir/target-aarch64_cortex-a53_musl/luci-base/ipkg-aarch64_cortex-a53/luci-base/
CFLAGS="-Os -pipe -mcpu=cortex-a53 -fno-caller-saves -fno-plt -fhonour-copts -fmacro-prefix-map=/home/baalwy/openwrt/build_dir/target-aarch64_cortex-a53_musl/luci-base=luci-base -Wformat -Werror=format-security -fstack-protector -D_FORTIFY_SOURCE=1 -Wl,-z,now -Wl,-z,relro  -I/home/baalwy/openwrt/staging_dir/toolchain-aarch64_cortex-a53_gcc-13.3.0_musl/usr/include -I/home/baalwy/openwrt/staging_dir/toolchain-aarch64_cortex-a53_gcc-13.3.0_musl/include -I/home/baalwy/openwrt/staging_dir/toolchain-aarch64_cortex-a53_gcc-13.3.0_musl/include/fortify " CXXFLAGS="-Os -pipe -mcpu=cortex-a53 -fno-caller-saves -fno-plt -fhonour-copts -fmacro-prefix-map=/home/baalwy/openwrt/build_dir/target-aarch64_cortex-a53_musl/luci-base=luci-base -Wformat -Werror=format-security -fstack-protector -D_FORTIFY_SOURCE=1 -Wl,-z,now -Wl,-z,relro  -I/home/baalwy/openwrt/staging_dir/toolchain-aarch64_cortex-a53_gcc-13.3.0_musl/usr/include -I/home/baalwy/openwrt/staging_dir/toolchain-aarch64_cortex-a53_gcc-13.3.0_musl/include -I/home/baalwy/openwrt/staging_dir/toolchain-aarch64_cortex-a53_gcc-13.3.0_musl/include/fortify " LDFLAGS="-L/home/baalwy/openwrt/staging_dir/toolchain-aarch64_cortex-a53_gcc-13.3.0_musl/usr/lib -L/home/baalwy/openwrt/staging_dir/toolchain-aarch64_cortex-a53_gcc-13.3.0_musl/lib -fuse-ld=bfd -znow -zrelro " FPIC="-DPIC -fPIC" LUCI_VERSION="25.292.66247~75e41cb" LUCI_GITBRANCH="LuCI openwrt-24.10 branch" make -C /home/baalwy/openwrt/build_dir/target-aarch64_cortex-a53_musl/luci-base/src/ AR="aarch64-openwrt-linux-musl-gcc-ar" AS="aarch64-openwrt-linux-musl-gcc -c -Os -pipe -mcpu=cortex-a53 -fno-caller-saves -fno-plt -fhonour-copts -fmacro-prefix-map=/home/baalwy/openwrt/build_dir/target-aarch64_cortex-a53_musl/luci-base=luci-base -Wformat -Werror=format-security -fstack-protector -D_FORTIFY_SOURCE=1 -Wl,-z,now -Wl,-z,relro" LD="aarch64-openwrt-linux-musl-ld.bfd" NM="aarch64-openwrt-linux-musl-gcc-nm" CC="aarch64-openwrt-linux-musl-gcc" GCC="aarch64-openwrt-linux-musl-gcc" CXX="aarch64-openwrt-linux-musl-g++" RANLIB="aarch64-openwrt-linux-musl-gcc-ranlib" STRIP=aarch64-openwrt-linux-musl-strip OBJCOPY=aarch64-openwrt-linux-musl-objcopy OBJDUMP=aarch64-openwrt-linux-musl-objdump SIZE=aarch64-openwrt-linux-musl-size CROSS="aarch64-openwrt-linux-musl-" ARCH="aarch64" DESTDIR="/home/baalwy/openwrt/build_dir/target-aarch64_cortex-a53_musl/luci-base/ipkg-install"   install;
make[3]: Entering directory '/home/baalwy/openwrt/build_dir/target-aarch64_cortex-a53_musl/luci-base/src'
mkdir -p /home/baalwy/openwrt/build_dir/target-aarch64_cortex-a53_musl/luci-base/ipkg-install/usr/lib/ucode/luci
cp core.so /home/baalwy/openwrt/build_dir/target-aarch64_cortex-a53_musl/luci-base/ipkg-install/usr/lib/ucode/luci/core.so
mkdir -p /home/baalwy/openwrt/build_dir/target-aarch64_cortex-a53_musl/luci-base/ipkg-install/usr/share/ucode/luci
cp version.uc /home/baalwy/openwrt/build_dir/target-aarch64_cortex-a53_musl/luci-base/ipkg-install/usr/share/ucode/luci/version.uc
make[3]: Leaving directory '/home/baalwy/openwrt/build_dir/target-aarch64_cortex-a53_musl/luci-base/src'
cp -fpR /home/baalwy/openwrt/build_dir/target-aarch64_cortex-a53_musl/luci-base/ipkg-install/* /home/baalwy/openwrt/build_dir/target-aarch64_cortex-a53_musl/luci-base/ipkg-aarch64_cortex-a53/luci-base/
find /home/baalwy/openwrt/build_dir/target-aarch64_cortex-a53_musl/luci-base/ipkg-aarch64_cortex-a53/luci-base -name 'CVS' -o -name '.svn' -o -name '.#*' -o -name '*~'| xargs -r rm -rf
export CROSS="aarch64-openwrt-linux-musl-"  NO_RENAME=1 ; NM="aarch64-openwrt-linux-musl-nm" STRIP="/home/baalwy/openwrt/staging_dir/host/bin/sstrip -z" STRIP_KMOD="/home/baalwy/openwrt/scripts/strip-kmod.sh" PATCHELF="/home/baalwy/openwrt/staging_dir/host/bin/patchelf" /home/baalwy/openwrt/scripts/rstrip.sh /home/baalwy/openwrt/build_dir/target-aarch64_cortex-a53_musl/luci-base/ipkg-aarch64_cortex-a53/luci-base
rstrip.sh: /home/baalwy/openwrt/build_dir/target-aarch64_cortex-a53_musl/luci-base/ipkg-aarch64_cortex-a53/luci-base/usr/lib/ucode/luci/core.so: shared object
install -d -m0755 /home/baalwy/openwrt/bin/packages/aarch64_cortex-a53/luci/tmp
mkdir -p /home/baalwy/openwrt/build_dir/target-aarch64_cortex-a53_musl/luci-base/ipkg-aarch64_cortex-a53/luci-base/CONTROL
(cd /home/baalwy/openwrt/build_dir/target-aarch64_cortex-a53_musl/luci-base/ipkg-aarch64_cortex-a53/luci-base/CONTROL; ( echo "$CONTROL"; printf "Description: "; echo "$DESCRIPTION" | sed -e 's,^[[:space:]]*, ,g'; ) > control; chmod 644 control; ( echo "#!/bin/sh"; echo "[ \"\${IPKG_NO_SCRIPT}\" = \"1\" ] && exit 0"; echo "[ -s "\${IPKG_INSTROOT}/lib/functions.sh" ] || exit 0"; echo ". \${IPKG_INSTROOT}/lib/functions.sh"; echo "default_postinst \$0 \$@"; ) > postinst; ( echo "#!/bin/sh"; echo "[ -s "\${IPKG_INSTROOT}/lib/functions.sh" ] || exit 0"; echo ". \${IPKG_INSTROOT}/lib/functions.sh"; echo "default_prerm \$0 \$@"; ) > prerm; chmod 0755 postinst prerm; echo "$V_Package_luci_base_conffiles" > conffiles;  echo "$V_Package_luci_base_postinst" > postinst-pkg; chmod 0755 postinst-pkg; )
/home/baalwy/openwrt/staging_dir/host/bin/fakeroot /home/baalwy/openwrt/staging_dir/host/bin/bash /home/baalwy/openwrt/scripts/ipkg-build -m "" /home/baalwy/openwrt/build_dir/target-aarch64_cortex-a53_musl/luci-base/ipkg-aarch64_cortex-a53/luci-base /home/baalwy/openwrt/bin/packages/aarch64_cortex-a53/luci
Packaged contents of /home/baalwy/openwrt/build_dir/target-aarch64_cortex-a53_musl/luci-base/ipkg-aarch64_cortex-a53/luci-base into /home/baalwy/openwrt/bin/packages/aarch64_cortex-a53/luci/luci-base_25.292.66247~75e41cb_aarch64_cortex-a53.ipk
echo "luci-base" >> /home/baalwy/openwrt/staging_dir/target-aarch64_cortex-a53_musl/pkginfo/luci-base.default.install
make[2]: Leaving directory '/home/baalwy/openwrt/feeds/luci/modules/luci-base'
time: package/feeds/luci/luci-base/compile#1.69#0.38#2.02
make[2]: Entering directory '/home/baalwy/openwrt/feeds/luci/themes/luci-theme-bootstrap'
echo "luci-theme-bootstrap" >> /home/baalwy/openwrt/staging_dir/target-aarch64_cortex-a53_musl/pkginfo/luci-theme-bootstrap.default.install
make[2]: Leaving directory '/home/baalwy/openwrt/feeds/luci/themes/luci-theme-bootstrap'
time: package/feeds/luci/luci-theme-bootstrap/compile#0.16#0.04#0.20
make[2]: Entering directory '/home/baalwy/openwrt/package/luci-app-setup'
touch /home/baalwy/openwrt/build_dir/target-aarch64_cortex-a53_musl/luci-app-setup/.prepared_cba058a35944ad450a28e31f937c5108_6664517399ebbbc92a37c5bb081b5c53_check
mkdir -p /home/baalwy/openwrt/build_dir/target-aarch64_cortex-a53_musl/luci-app-setup
touch /home/baalwy/openwrt/build_dir/target-aarch64_cortex-a53_musl/luci-app-setup/.prepared_cba058a35944ad450a28e31f937c5108_6664517399ebbbc92a37c5bb081b5c53
rm -f /home/baalwy/openwrt/build_dir/target-aarch64_cortex-a53_musl/luci-app-setup/.configured_*
rm -f /home/baalwy/openwrt/staging_dir/target-aarch64_cortex-a53_musl/stamp/.luci-app-setup_installed
(cd /home/baalwy/openwrt/build_dir/target-aarch64_cortex-a53_musl/luci-app-setup/./; if [ -x ./configure ]; then find /home/baalwy/openwrt/build_dir/target-aarch64_cortex-a53_musl/luci-app-setup/ -name config.guess | xargs -r chmod u+w; find /home/baalwy/openwrt/build_dir/target-aarch64_cortex-a53_musl/luci-app-setup/ -name config.guess | xargs -r -n1 cp --remove-destination /home/baalwy/openwrt/scripts/config.guess; find /home/baalwy/openwrt/build_dir/target-aarch64_cortex-a53_musl/luci-app-setup/ -name config.sub | xargs -r chmod u+w; find /home/baalwy/openwrt/build_dir/target-aarch64_cortex-a53_musl/luci-app-setup/ -name config.sub | xargs -r -n1 cp --remove-destination /home/baalwy/openwrt/scripts/config.sub; AR="aarch64-openwrt-linux-musl-gcc-ar" AS="aarch64-openwrt-linux-musl-gcc -c -Os -pipe -mcpu=cortex-a53 -fno-caller-saves -fno-plt -fhonour-copts -fmacro-prefix-map=/home/baalwy/openwrt/build_dir/target-aarch64_cortex-a53_musl/luci-app-setup=luci-app-setup -Wformat -Werror=format-security -fstack-protector -D_FORTIFY_SOURCE=1 -Wl,-z,now -Wl,-z,relro" LD="aarch64-openwrt-linux-musl-ld.bfd" NM="aarch64-openwrt-linux-musl-gcc-nm" CC="aarch64-openwrt-linux-musl-gcc" GCC="aarch64-openwrt-linux-musl-gcc" CXX="aarch64-openwrt-linux-musl-g++" RANLIB="aarch64-openwrt-linux-musl-gcc-ranlib" STRIP=aarch64-openwrt-linux-musl-strip OBJCOPY=aarch64-openwrt-linux-musl-objcopy OBJDUMP=aarch64-openwrt-linux-musl-objdump SIZE=aarch64-openwrt-linux-musl-size CFLAGS="-Os -pipe -mcpu=cortex-a53 -fno-caller-saves -fno-plt -fhonour-copts -fmacro-prefix-map=/home/baalwy/openwrt/build_dir/target-aarch64_cortex-a53_musl/luci-app-setup=luci-app-setup -Wformat -Werror=format-security -fstack-protector -D_FORTIFY_SOURCE=1 -Wl,-z,now -Wl,-z,relro " CXXFLAGS="-Os -pipe -mcpu=cortex-a53 -fno-caller-saves -fno-plt -fhonour-copts -fmacro-prefix-map=/home/baalwy/openwrt/build_dir/target-aarch64_cortex-a53_musl/luci-app-setup=luci-app-setup -Wformat -Werror=format-security -fstack-protector -D_FORTIFY_SOURCE=1 -Wl,-z,now -Wl,-z,relro " CPPFLAGS="-I/home/baalwy/openwrt/staging_dir/toolchain-aarch64_cortex-a53_gcc-13.3.0_musl/usr/include -I/home/baalwy/openwrt/staging_dir/toolchain-aarch64_cortex-a53_gcc-13.3.0_musl/include -I/home/baalwy/openwrt/staging_dir/toolchain-aarch64_cortex-a53_gcc-13.3.0_musl/include/fortify " LDFLAGS="-L/home/baalwy/openwrt/staging_dir/toolchain-aarch64_cortex-a53_gcc-13.3.0_musl/usr/lib -L/home/baalwy/openwrt/staging_dir/toolchain-aarch64_cortex-a53_gcc-13.3.0_musl/lib -fuse-ld=bfd -znow -zrelro "   ./configure --target=aarch64-openwrt-linux --host=aarch64-openwrt-linux --build=x86_64-pc-linux-gnu --disable-dependency-tracking --program-prefix="" --program-suffix="" --prefix=/usr --exec-prefix=/usr --bindir=/usr/bin --sbindir=/usr/sbin --libexecdir=/usr/lib --sysconfdir=/etc --datadir=/usr/share --localstatedir=/var --mandir=/usr/man --infodir=/usr/info --disable-nls  ; fi; )
touch /home/baalwy/openwrt/build_dir/target-aarch64_cortex-a53_musl/luci-app-setup/.configured_68b329da9893e34099c7d8ad5cb9c940
rm -f /home/baalwy/openwrt/build_dir/target-aarch64_cortex-a53_musl/luci-app-setup/.built
touch /home/baalwy/openwrt/build_dir/target-aarch64_cortex-a53_musl/luci-app-setup/.built_check
touch /home/baalwy/openwrt/build_dir/target-aarch64_cortex-a53_musl/luci-app-setup/.built
rm -rf /home/baalwy/openwrt/build_dir/target-aarch64_cortex-a53_musl/luci-app-setup/.pkgdir/luci-app-setup.installed /home/baalwy/openwrt/build_dir/target-aarch64_cortex-a53_musl/luci-app-setup/.pkgdir/luci-app-setup
mkdir -p /home/baalwy/openwrt/build_dir/target-aarch64_cortex-a53_musl/luci-app-setup/.pkgdir/luci-app-setup
install -d -m0755 /home/baalwy/openwrt/build_dir/target-aarch64_cortex-a53_musl/luci-app-setup/.pkgdir/luci-app-setup/etc/config
install -m0600 ./files/etc/config/setup /home/baalwy/openwrt/build_dir/target-aarch64_cortex-a53_musl/luci-app-setup/.pkgdir/luci-app-setup/etc/config/
install -d -m0755 /home/baalwy/openwrt/build_dir/target-aarch64_cortex-a53_musl/luci-app-setup/.pkgdir/luci-app-setup/etc/init.d
install -m0755 ./files/etc/init.d/setup /home/baalwy/openwrt/build_dir/target-aarch64_cortex-a53_musl/luci-app-setup/.pkgdir/luci-app-setup/etc/init.d/
install -d -m0755 /home/baalwy/openwrt/build_dir/target-aarch64_cortex-a53_musl/luci-app-setup/.pkgdir/luci-app-setup/etc/uci-defaults
install -m0755 ./files/etc/uci-defaults/40_luci-app-setup /home/baalwy/openwrt/build_dir/target-aarch64_cortex-a53_musl/luci-app-setup/.pkgdir/luci-app-setup/etc/uci-defaults/
install -m0755 ./files/etc/uci-defaults/45_luci-app-setup-migrate-wizardvlan /home/baalwy/openwrt/build_dir/target-aarch64_cortex-a53_musl/luci-app-setup/.pkgdir/luci-app-setup/etc/uci-defaults/
install -m0755 ./files/etc/uci-defaults/46_luci-app-setup-disable-low-ack /home/baalwy/openwrt/build_dir/target-aarch64_cortex-a53_musl/luci-app-setup/.pkgdir/luci-app-setup/etc/uci-defaults/
install -m0755 ./files/etc/uci-defaults/47_luci-app-setup-fix-5g-vlan-ssid /home/baalwy/openwrt/build_dir/target-aarch64_cortex-a53_musl/luci-app-setup/.pkgdir/luci-app-setup/etc/uci-defaults/
install -m0755 ./files/etc/uci-defaults/48_luci-app-setup-recover-state /home/baalwy/openwrt/build_dir/target-aarch64_cortex-a53_musl/luci-app-setup/.pkgdir/luci-app-setup/etc/uci-defaults/
install -m0755 ./files/etc/uci-defaults/49_luci-app-setup-apply-radio-htmode /home/baalwy/openwrt/build_dir/target-aarch64_cortex-a53_musl/luci-app-setup/.pkgdir/luci-app-setup/etc/uci-defaults/
install -m0755 ./files/etc/uci-defaults/alemprator_c /home/baalwy/openwrt/build_dir/target-aarch64_cortex-a53_musl/luci-app-setup/.pkgdir/luci-app-setup/etc/uci-defaults/
install -d -m0755 /home/baalwy/openwrt/build_dir/target-aarch64_cortex-a53_musl/luci-app-setup/.pkgdir/luci-app-setup/usr/share/luci/menu.d
install -m0644 ./files/usr/share/luci/menu.d/luci-app-setup.json /home/baalwy/openwrt/build_dir/target-aarch64_cortex-a53_musl/luci-app-setup/.pkgdir/luci-app-setup/usr/share/luci/menu.d/zzz-luci-app-setup.json
install -d -m0755 /home/baalwy/openwrt/build_dir/target-aarch64_cortex-a53_musl/luci-app-setup/.pkgdir/luci-app-setup/usr/share/ucitrack
install -m0644 ./files/usr/share/ucitrack/luci-app-setup.json /home/baalwy/openwrt/build_dir/target-aarch64_cortex-a53_musl/luci-app-setup/.pkgdir/luci-app-setup/usr/share/ucitrack/
install -d -m0755 /home/baalwy/openwrt/build_dir/target-aarch64_cortex-a53_musl/luci-app-setup/.pkgdir/luci-app-setup/usr/share/rpcd/acl.d
install -m0644 ./files/usr/share/rpcd/acl.d/luci-app-setup.json /home/baalwy/openwrt/build_dir/target-aarch64_cortex-a53_musl/luci-app-setup/.pkgdir/luci-app-setup/usr/share/rpcd/acl.d/
install -d -m0755 /home/baalwy/openwrt/build_dir/target-aarch64_cortex-a53_musl/luci-app-setup/.pkgdir/luci-app-setup/www/luci-static/resources/view/setup
install -m0644 ./files/www/luci-static/resources/view/setup/setup.js /home/baalwy/openwrt/build_dir/target-aarch64_cortex-a53_musl/luci-app-setup/.pkgdir/luci-app-setup/www/luci-static/resources/view/setup/
install -m0644 ./files/www/luci-static/resources/view/setup/setup.js /home/baalwy/openwrt/build_dir/target-aarch64_cortex-a53_musl/luci-app-setup/.pkgdir/luci-app-setup/www/luci-static/resources/view/setup/setup_r93.js
install -m0644 ./files/www/luci-static/resources/view/setup/landing.js /home/baalwy/openwrt/build_dir/target-aarch64_cortex-a53_musl/luci-app-setup/.pkgdir/luci-app-setup/www/luci-static/resources/view/setup/
install -m0644 ./files/www/luci-static/resources/view/setup/landing.js /home/baalwy/openwrt/build_dir/target-aarch64_cortex-a53_musl/luci-app-setup/.pkgdir/luci-app-setup/www/luci-static/resources/view/setup/landing_r2.js
install -d -m0755 /home/baalwy/openwrt/build_dir/target-aarch64_cortex-a53_musl/luci-app-setup/.pkgdir/luci-app-setup/www
install -m0644 ./files/www/captive-portal.html /home/baalwy/openwrt/build_dir/target-aarch64_cortex-a53_musl/luci-app-setup/.pkgdir/luci-app-setup/www/captive-portal.html
install -d -m0755 /home/baalwy/openwrt/build_dir/target-aarch64_cortex-a53_musl/luci-app-setup/.pkgdir/luci-app-setup/usr/libexec/alemprator-setup
install -m0755 ./files/usr/libexec/alemprator-setup/reset-disabled /home/baalwy/openwrt/build_dir/target-aarch64_cortex-a53_musl/luci-app-setup/.pkgdir/luci-app-setup/usr/libexec/alemprator-setup/
install -m0755 ./files/usr/libexec/alemprator-setup/wps-disabled /home/baalwy/openwrt/build_dir/target-aarch64_cortex-a53_musl/luci-app-setup/.pkgdir/luci-app-setup/usr/libexec/alemprator-setup/
install -d -m0755 /home/baalwy/openwrt/build_dir/target-aarch64_cortex-a53_musl/luci-app-setup/.pkgdir/luci-app-setup/etc/rc.d
ln -sf ../init.d/setup /home/baalwy/openwrt/build_dir/target-aarch64_cortex-a53_musl/luci-app-setup/.pkgdir/luci-app-setup/etc/rc.d/S99setup
touch /home/baalwy/openwrt/build_dir/target-aarch64_cortex-a53_musl/luci-app-setup/.pkgdir/luci-app-setup.installed
mkdir -p /home/baalwy/openwrt/staging_dir/target-aarch64_cortex-a53_musl/root-qualcommax/stamp
SHELL= flock /home/baalwy/openwrt/tmp/.root-copy.flock -c 'cp -fpR /home/baalwy/openwrt/build_dir/target-aarch64_cortex-a53_musl/luci-app-setup/.pkgdir/luci-app-setup/. /home/baalwy/openwrt/staging_dir/target-aarch64_cortex-a53_musl/root-qualcommax/'
touch /home/baalwy/openwrt/staging_dir/target-aarch64_cortex-a53_musl/root-qualcommax/stamp/.luci-app-setup_installed
rm -rf /home/baalwy/openwrt/build_dir/target-aarch64_cortex-a53_musl/luci-app-setup/ipkg-aarch64_cortex-a53/luci-app-setup
/home/baalwy/openwrt/scripts/ipkg-remove luci-app-setup /home/baalwy/openwrt/bin/packages/aarch64_cortex-a53/base/luci-app-setup_1.0-r95_aarch64_cortex-a53.ipk
removed '/home/baalwy/openwrt/bin/packages/aarch64_cortex-a53/base/luci-app-setup_1.0-r95_aarch64_cortex-a53.ipk'
mkdir -p /home/baalwy/openwrt/bin/targets/qualcommax/ipq60xx/packages /home/baalwy/openwrt/build_dir/target-aarch64_cortex-a53_musl/luci-app-setup/ipkg-aarch64_cortex-a53/luci-app-setup /home/baalwy/openwrt/staging_dir/target-aarch64_cortex-a53_musl/pkginfo
install -d -m0755 /home/baalwy/openwrt/build_dir/target-aarch64_cortex-a53_musl/luci-app-setup/ipkg-aarch64_cortex-a53/luci-app-setup/etc/config
install -m0600 ./files/etc/config/setup /home/baalwy/openwrt/build_dir/target-aarch64_cortex-a53_musl/luci-app-setup/ipkg-aarch64_cortex-a53/luci-app-setup/etc/config/
install -d -m0755 /home/baalwy/openwrt/build_dir/target-aarch64_cortex-a53_musl/luci-app-setup/ipkg-aarch64_cortex-a53/luci-app-setup/etc/init.d
install -m0755 ./files/etc/init.d/setup /home/baalwy/openwrt/build_dir/target-aarch64_cortex-a53_musl/luci-app-setup/ipkg-aarch64_cortex-a53/luci-app-setup/etc/init.d/
install -d -m0755 /home/baalwy/openwrt/build_dir/target-aarch64_cortex-a53_musl/luci-app-setup/ipkg-aarch64_cortex-a53/luci-app-setup/etc/uci-defaults
install -m0755 ./files/etc/uci-defaults/40_luci-app-setup /home/baalwy/openwrt/build_dir/target-aarch64_cortex-a53_musl/luci-app-setup/ipkg-aarch64_cortex-a53/luci-app-setup/etc/uci-defaults/
install -m0755 ./files/etc/uci-defaults/45_luci-app-setup-migrate-wizardvlan /home/baalwy/openwrt/build_dir/target-aarch64_cortex-a53_musl/luci-app-setup/ipkg-aarch64_cortex-a53/luci-app-setup/etc/uci-defaults/
install -m0755 ./files/etc/uci-defaults/46_luci-app-setup-disable-low-ack /home/baalwy/openwrt/build_dir/target-aarch64_cortex-a53_musl/luci-app-setup/ipkg-aarch64_cortex-a53/luci-app-setup/etc/uci-defaults/
install -m0755 ./files/etc/uci-defaults/47_luci-app-setup-fix-5g-vlan-ssid /home/baalwy/openwrt/build_dir/target-aarch64_cortex-a53_musl/luci-app-setup/ipkg-aarch64_cortex-a53/luci-app-setup/etc/uci-defaults/
install -m0755 ./files/etc/uci-defaults/48_luci-app-setup-recover-state /home/baalwy/openwrt/build_dir/target-aarch64_cortex-a53_musl/luci-app-setup/ipkg-aarch64_cortex-a53/luci-app-setup/etc/uci-defaults/
install -m0755 ./files/etc/uci-defaults/49_luci-app-setup-apply-radio-htmode /home/baalwy/openwrt/build_dir/target-aarch64_cortex-a53_musl/luci-app-setup/ipkg-aarch64_cortex-a53/luci-app-setup/etc/uci-defaults/
install -m0755 ./files/etc/uci-defaults/alemprator_c /home/baalwy/openwrt/build_dir/target-aarch64_cortex-a53_musl/luci-app-setup/ipkg-aarch64_cortex-a53/luci-app-setup/etc/uci-defaults/
install -d -m0755 /home/baalwy/openwrt/build_dir/target-aarch64_cortex-a53_musl/luci-app-setup/ipkg-aarch64_cortex-a53/luci-app-setup/usr/share/luci/menu.d
install -m0644 ./files/usr/share/luci/menu.d/luci-app-setup.json /home/baalwy/openwrt/build_dir/target-aarch64_cortex-a53_musl/luci-app-setup/ipkg-aarch64_cortex-a53/luci-app-setup/usr/share/luci/menu.d/zzz-luci-app-setup.json
install -d -m0755 /home/baalwy/openwrt/build_dir/target-aarch64_cortex-a53_musl/luci-app-setup/ipkg-aarch64_cortex-a53/luci-app-setup/usr/share/ucitrack
install -m0644 ./files/usr/share/ucitrack/luci-app-setup.json /home/baalwy/openwrt/build_dir/target-aarch64_cortex-a53_musl/luci-app-setup/ipkg-aarch64_cortex-a53/luci-app-setup/usr/share/ucitrack/
install -d -m0755 /home/baalwy/openwrt/build_dir/target-aarch64_cortex-a53_musl/luci-app-setup/ipkg-aarch64_cortex-a53/luci-app-setup/usr/share/rpcd/acl.d
install -m0644 ./files/usr/share/rpcd/acl.d/luci-app-setup.json /home/baalwy/openwrt/build_dir/target-aarch64_cortex-a53_musl/luci-app-setup/ipkg-aarch64_cortex-a53/luci-app-setup/usr/share/rpcd/acl.d/
install -d -m0755 /home/baalwy/openwrt/build_dir/target-aarch64_cortex-a53_musl/luci-app-setup/ipkg-aarch64_cortex-a53/luci-app-setup/www/luci-static/resources/view/setup
install -m0644 ./files/www/luci-static/resources/view/setup/setup.js /home/baalwy/openwrt/build_dir/target-aarch64_cortex-a53_musl/luci-app-setup/ipkg-aarch64_cortex-a53/luci-app-setup/www/luci-static/resources/view/setup/
install -m0644 ./files/www/luci-static/resources/view/setup/setup.js /home/baalwy/openwrt/build_dir/target-aarch64_cortex-a53_musl/luci-app-setup/ipkg-aarch64_cortex-a53/luci-app-setup/www/luci-static/resources/view/setup/setup_r93.js
install -m0644 ./files/www/luci-static/resources/view/setup/landing.js /home/baalwy/openwrt/build_dir/target-aarch64_cortex-a53_musl/luci-app-setup/ipkg-aarch64_cortex-a53/luci-app-setup/www/luci-static/resources/view/setup/
install -m0644 ./files/www/luci-static/resources/view/setup/landing.js /home/baalwy/openwrt/build_dir/target-aarch64_cortex-a53_musl/luci-app-setup/ipkg-aarch64_cortex-a53/luci-app-setup/www/luci-static/resources/view/setup/landing_r2.js
install -d -m0755 /home/baalwy/openwrt/build_dir/target-aarch64_cortex-a53_musl/luci-app-setup/ipkg-aarch64_cortex-a53/luci-app-setup/www
install -m0644 ./files/www/captive-portal.html /home/baalwy/openwrt/build_dir/target-aarch64_cortex-a53_musl/luci-app-setup/ipkg-aarch64_cortex-a53/luci-app-setup/www/captive-portal.html
install -d -m0755 /home/baalwy/openwrt/build_dir/target-aarch64_cortex-a53_musl/luci-app-setup/ipkg-aarch64_cortex-a53/luci-app-setup/usr/libexec/alemprator-setup
install -m0755 ./files/usr/libexec/alemprator-setup/reset-disabled /home/baalwy/openwrt/build_dir/target-aarch64_cortex-a53_musl/luci-app-setup/ipkg-aarch64_cortex-a53/luci-app-setup/usr/libexec/alemprator-setup/
install -m0755 ./files/usr/libexec/alemprator-setup/wps-disabled /home/baalwy/openwrt/build_dir/target-aarch64_cortex-a53_musl/luci-app-setup/ipkg-aarch64_cortex-a53/luci-app-setup/usr/libexec/alemprator-setup/
install -d -m0755 /home/baalwy/openwrt/build_dir/target-aarch64_cortex-a53_musl/luci-app-setup/ipkg-aarch64_cortex-a53/luci-app-setup/etc/rc.d
ln -sf ../init.d/setup /home/baalwy/openwrt/build_dir/target-aarch64_cortex-a53_musl/luci-app-setup/ipkg-aarch64_cortex-a53/luci-app-setup/etc/rc.d/S99setup
find /home/baalwy/openwrt/build_dir/target-aarch64_cortex-a53_musl/luci-app-setup/ipkg-aarch64_cortex-a53/luci-app-setup -name 'CVS' -o -name '.svn' -o -name '.#*' -o -name '*~'| xargs -r rm -rf
export CROSS="aarch64-openwrt-linux-musl-"  NO_RENAME=1 ; NM="aarch64-openwrt-linux-musl-nm" STRIP="/home/baalwy/openwrt/staging_dir/host/bin/sstrip -z" STRIP_KMOD="/home/baalwy/openwrt/scripts/strip-kmod.sh" PATCHELF="/home/baalwy/openwrt/staging_dir/host/bin/patchelf" /home/baalwy/openwrt/scripts/rstrip.sh /home/baalwy/openwrt/build_dir/target-aarch64_cortex-a53_musl/luci-app-setup/ipkg-aarch64_cortex-a53/luci-app-setup
install -d -m0755 /home/baalwy/openwrt/bin/packages/aarch64_cortex-a53/base/tmp
mkdir -p /home/baalwy/openwrt/build_dir/target-aarch64_cortex-a53_musl/luci-app-setup/ipkg-aarch64_cortex-a53/luci-app-setup/CONTROL
(cd /home/baalwy/openwrt/build_dir/target-aarch64_cortex-a53_musl/luci-app-setup/ipkg-aarch64_cortex-a53/luci-app-setup/CONTROL; ( echo "$CONTROL"; printf "Description: "; echo "$DESCRIPTION" | sed -e 's,^[[:space:]]*, ,g'; ) > control; chmod 644 control; ( echo "#!/bin/sh"; echo "[ \"\${IPKG_NO_SCRIPT}\" = \"1\" ] && exit 0"; echo "[ -s "\${IPKG_INSTROOT}/lib/functions.sh" ] || exit 0"; echo ". \${IPKG_INSTROOT}/lib/functions.sh"; echo "default_postinst \$0 \$@"; ) > postinst; ( echo "#!/bin/sh"; echo "[ -s "\${IPKG_INSTROOT}/lib/functions.sh" ] || exit 0"; echo ". \${IPKG_INSTROOT}/lib/functions.sh"; echo "default_prerm \$0 \$@"; ) > prerm; chmod 0755 postinst prerm; echo "$V_Package_luci_app_setup_conffiles" > conffiles;  echo "$V_Package_luci_app_setup_postinst" > postinst-pkg; chmod 0755 postinst-pkg; )
/home/baalwy/openwrt/staging_dir/host/bin/fakeroot /home/baalwy/openwrt/staging_dir/host/bin/bash /home/baalwy/openwrt/scripts/ipkg-build -m "" /home/baalwy/openwrt/build_dir/target-aarch64_cortex-a53_musl/luci-app-setup/ipkg-aarch64_cortex-a53/luci-app-setup /home/baalwy/openwrt/bin/packages/aarch64_cortex-a53/base
Packaged contents of /home/baalwy/openwrt/build_dir/target-aarch64_cortex-a53_musl/luci-app-setup/ipkg-aarch64_cortex-a53/luci-app-setup into /home/baalwy/openwrt/bin/packages/aarch64_cortex-a53/base/luci-app-setup_1.0-r95_aarch64_cortex-a53.ipk
echo "luci-app-setup" >> /home/baalwy/openwrt/staging_dir/target-aarch64_cortex-a53_musl/pkginfo/luci-app-setup.default.install
make[2]: Leaving directory '/home/baalwy/openwrt/package/luci-app-setup'
time: package/luci-app-setup/compile#0.39#0.11#0.48
make[1]: Leaving directory '/home/baalwy/openwrt'
